ARM GAS  C:\Users\11464\AppData\Local\Temp\cc8qWFel.s 			page 1


   1              		.cpu cortex-m7
   2              		.arch armv7e-m
   3              		.fpu fpv5-d16
   4              		.eabi_attribute 28, 1
   5              		.eabi_attribute 20, 1
   6              		.eabi_attribute 21, 1
   7              		.eabi_attribute 23, 3
   8              		.eabi_attribute 24, 1
   9              		.eabi_attribute 25, 1
  10              		.eabi_attribute 26, 1
  11              		.eabi_attribute 30, 1
  12              		.eabi_attribute 34, 1
  13              		.eabi_attribute 18, 4
  14              		.file	"freertos.c"
  15              		.text
  16              	.Ltext0:
  17              		.cfi_sections	.debug_frame
  18              		.file 1 "Core/Src/freertos.c"
  19              		.section	.text.StartDefaultTask,"ax",%progbits
  20              		.align	1
  21              		.global	StartDefaultTask
  22              		.syntax unified
  23              		.thumb
  24              		.thumb_func
  26              	StartDefaultTask:
  27              	.LVL0:
  28              	.LFB149:
   1:Core/Src/freertos.c **** /* USER CODE BEGIN Header */
   2:Core/Src/freertos.c **** /**
   3:Core/Src/freertos.c ****   ******************************************************************************
   4:Core/Src/freertos.c ****   * File Name          : freertos.c
   5:Core/Src/freertos.c ****   * Description        : Code for freertos applications
   6:Core/Src/freertos.c ****   ******************************************************************************
   7:Core/Src/freertos.c ****   * @attention
   8:Core/Src/freertos.c ****   *
   9:Core/Src/freertos.c ****   * Copyright (c) 2026 STMicroelectronics.
  10:Core/Src/freertos.c ****   * All rights reserved.
  11:Core/Src/freertos.c ****   *
  12:Core/Src/freertos.c ****   * This software is licensed under terms that can be found in the LICENSE file
  13:Core/Src/freertos.c ****   * in the root directory of this software component.
  14:Core/Src/freertos.c ****   * If no LICENSE file comes with this software, it is provided AS-IS.
  15:Core/Src/freertos.c ****   *
  16:Core/Src/freertos.c ****   ******************************************************************************
  17:Core/Src/freertos.c ****   */
  18:Core/Src/freertos.c **** /* USER CODE END Header */
  19:Core/Src/freertos.c **** 
  20:Core/Src/freertos.c **** /* Includes ------------------------------------------------------------------*/
  21:Core/Src/freertos.c **** #include "FreeRTOS.h"
  22:Core/Src/freertos.c **** #include "task.h"
  23:Core/Src/freertos.c **** #include "main.h"
  24:Core/Src/freertos.c **** #include "cmsis_os.h"
  25:Core/Src/freertos.c **** 
  26:Core/Src/freertos.c **** /* Private includes ----------------------------------------------------------*/
  27:Core/Src/freertos.c **** /* USER CODE BEGIN Includes */
  28:Core/Src/freertos.c **** 
  29:Core/Src/freertos.c **** /* USER CODE END Includes */
  30:Core/Src/freertos.c **** 
ARM GAS  C:\Users\11464\AppData\Local\Temp\cc8qWFel.s 			page 2


  31:Core/Src/freertos.c **** /* Private typedef -----------------------------------------------------------*/
  32:Core/Src/freertos.c **** /* USER CODE BEGIN PTD */
  33:Core/Src/freertos.c **** 
  34:Core/Src/freertos.c **** /* USER CODE END PTD */
  35:Core/Src/freertos.c **** 
  36:Core/Src/freertos.c **** /* Private define ------------------------------------------------------------*/
  37:Core/Src/freertos.c **** /* USER CODE BEGIN PD */
  38:Core/Src/freertos.c **** 
  39:Core/Src/freertos.c **** /* USER CODE END PD */
  40:Core/Src/freertos.c **** 
  41:Core/Src/freertos.c **** /* Private macro -------------------------------------------------------------*/
  42:Core/Src/freertos.c **** /* USER CODE BEGIN PM */
  43:Core/Src/freertos.c **** 
  44:Core/Src/freertos.c **** /* USER CODE END PM */
  45:Core/Src/freertos.c **** 
  46:Core/Src/freertos.c **** /* Private variables ---------------------------------------------------------*/
  47:Core/Src/freertos.c **** /* USER CODE BEGIN Variables */
  48:Core/Src/freertos.c **** 
  49:Core/Src/freertos.c **** /* USER CODE END Variables */
  50:Core/Src/freertos.c **** /* Definitions for defaultTask */
  51:Core/Src/freertos.c **** osThreadId_t defaultTaskHandle;
  52:Core/Src/freertos.c **** const osThreadAttr_t defaultTask_attributes = {
  53:Core/Src/freertos.c ****   .name = "defaultTask",
  54:Core/Src/freertos.c ****   .stack_size = 128 * 4,
  55:Core/Src/freertos.c ****   .priority = (osPriority_t) osPriorityNormal,
  56:Core/Src/freertos.c **** };
  57:Core/Src/freertos.c **** /* Definitions for IMU */
  58:Core/Src/freertos.c **** osThreadId_t IMUHandle;
  59:Core/Src/freertos.c **** const osThreadAttr_t IMU_attributes = {
  60:Core/Src/freertos.c ****   .name = "IMU",
  61:Core/Src/freertos.c ****   .stack_size = 256 * 4,
  62:Core/Src/freertos.c ****   .priority = (osPriority_t) osPriorityLow,
  63:Core/Src/freertos.c **** };
  64:Core/Src/freertos.c **** /* Definitions for myBinarySem01 */
  65:Core/Src/freertos.c **** osSemaphoreId_t myBinarySem01Handle;
  66:Core/Src/freertos.c **** const osSemaphoreAttr_t myBinarySem01_attributes = {
  67:Core/Src/freertos.c ****   .name = "myBinarySem01"
  68:Core/Src/freertos.c **** };
  69:Core/Src/freertos.c **** 
  70:Core/Src/freertos.c **** /* Private function prototypes -----------------------------------------------*/
  71:Core/Src/freertos.c **** /* USER CODE BEGIN FunctionPrototypes */
  72:Core/Src/freertos.c **** 
  73:Core/Src/freertos.c **** /* USER CODE END FunctionPrototypes */
  74:Core/Src/freertos.c **** 
  75:Core/Src/freertos.c **** void StartDefaultTask(void *argument);
  76:Core/Src/freertos.c **** void IMU_Task(void *argument);
  77:Core/Src/freertos.c **** 
  78:Core/Src/freertos.c **** extern void MX_USB_DEVICE_Init(void);
  79:Core/Src/freertos.c **** void MX_FREERTOS_Init(void); /* (MISRA C 2004 rule 8.1) */
  80:Core/Src/freertos.c **** 
  81:Core/Src/freertos.c **** /**
  82:Core/Src/freertos.c ****   * @brief  FreeRTOS initialization
  83:Core/Src/freertos.c ****   * @param  None
  84:Core/Src/freertos.c ****   * @retval None
  85:Core/Src/freertos.c ****   */
  86:Core/Src/freertos.c **** void MX_FREERTOS_Init(void) {
  87:Core/Src/freertos.c ****   /* USER CODE BEGIN Init */
ARM GAS  C:\Users\11464\AppData\Local\Temp\cc8qWFel.s 			page 3


  88:Core/Src/freertos.c **** 
  89:Core/Src/freertos.c ****   /* USER CODE END Init */
  90:Core/Src/freertos.c **** 
  91:Core/Src/freertos.c ****   /* USER CODE BEGIN RTOS_MUTEX */
  92:Core/Src/freertos.c ****   /* add mutexes, ... */
  93:Core/Src/freertos.c ****   /* USER CODE END RTOS_MUTEX */
  94:Core/Src/freertos.c **** 
  95:Core/Src/freertos.c ****   /* Create the semaphores(s) */
  96:Core/Src/freertos.c ****   /* creation of myBinarySem01 */
  97:Core/Src/freertos.c ****   myBinarySem01Handle = osSemaphoreNew(1, 1, &myBinarySem01_attributes);
  98:Core/Src/freertos.c **** 
  99:Core/Src/freertos.c ****   /* USER CODE BEGIN RTOS_SEMAPHORES */
 100:Core/Src/freertos.c ****   /* add semaphores, ... */
 101:Core/Src/freertos.c ****   /* USER CODE END RTOS_SEMAPHORES */
 102:Core/Src/freertos.c **** 
 103:Core/Src/freertos.c ****   /* USER CODE BEGIN RTOS_TIMERS */
 104:Core/Src/freertos.c ****   /* start timers, add new ones, ... */
 105:Core/Src/freertos.c ****   /* USER CODE END RTOS_TIMERS */
 106:Core/Src/freertos.c **** 
 107:Core/Src/freertos.c ****   /* USER CODE BEGIN RTOS_QUEUES */
 108:Core/Src/freertos.c ****   /* add queues, ... */
 109:Core/Src/freertos.c ****   /* USER CODE END RTOS_QUEUES */
 110:Core/Src/freertos.c **** 
 111:Core/Src/freertos.c ****   /* Create the thread(s) */
 112:Core/Src/freertos.c ****   /* creation of defaultTask */
 113:Core/Src/freertos.c ****   defaultTaskHandle = osThreadNew(StartDefaultTask, NULL, &defaultTask_attributes);
 114:Core/Src/freertos.c **** 
 115:Core/Src/freertos.c ****   /* creation of IMU */
 116:Core/Src/freertos.c ****   IMUHandle = osThreadNew(IMU_Task, NULL, &IMU_attributes);
 117:Core/Src/freertos.c **** 
 118:Core/Src/freertos.c ****   /* USER CODE BEGIN RTOS_THREADS */
 119:Core/Src/freertos.c ****   /* add threads, ... */
 120:Core/Src/freertos.c ****   /* USER CODE END RTOS_THREADS */
 121:Core/Src/freertos.c **** 
 122:Core/Src/freertos.c ****   /* USER CODE BEGIN RTOS_EVENTS */
 123:Core/Src/freertos.c ****   /* add events, ... */
 124:Core/Src/freertos.c ****   /* USER CODE END RTOS_EVENTS */
 125:Core/Src/freertos.c **** 
 126:Core/Src/freertos.c **** }
 127:Core/Src/freertos.c **** 
 128:Core/Src/freertos.c **** /* USER CODE BEGIN Header_StartDefaultTask */
 129:Core/Src/freertos.c **** /**
 130:Core/Src/freertos.c ****   * @brief  Function implementing the defaultTask thread.
 131:Core/Src/freertos.c ****   * @param  argument: Not used
 132:Core/Src/freertos.c ****   * @retval None
 133:Core/Src/freertos.c ****   */
 134:Core/Src/freertos.c **** /* USER CODE END Header_StartDefaultTask */
 135:Core/Src/freertos.c **** void StartDefaultTask(void *argument)
 136:Core/Src/freertos.c **** {
  29              		.loc 1 136 1 view -0
  30              		.cfi_startproc
  31              		@ Volatile: function does not return.
  32              		@ args = 0, pretend = 0, frame = 0
  33              		@ frame_needed = 0, uses_anonymous_args = 0
  34              		.loc 1 136 1 is_stmt 0 view .LVU1
  35 0000 08B5     		push	{r3, lr}
  36              	.LCFI0:
ARM GAS  C:\Users\11464\AppData\Local\Temp\cc8qWFel.s 			page 4


  37              		.cfi_def_cfa_offset 8
  38              		.cfi_offset 3, -8
  39              		.cfi_offset 14, -4
 137:Core/Src/freertos.c ****   /* init code for USB_DEVICE */
 138:Core/Src/freertos.c ****   MX_USB_DEVICE_Init();
  40              		.loc 1 138 3 is_stmt 1 view .LVU2
  41 0002 FFF7FEFF 		bl	MX_USB_DEVICE_Init
  42              	.LVL1:
  43              	.L2:
 139:Core/Src/freertos.c ****   /* USER CODE BEGIN StartDefaultTask */
 140:Core/Src/freertos.c ****   /* Infinite loop */
 141:Core/Src/freertos.c ****   for(;;)
  44              		.loc 1 141 3 view .LVU3
 142:Core/Src/freertos.c ****   {
 143:Core/Src/freertos.c ****     osDelay(1);
  45              		.loc 1 143 5 discriminator 2 view .LVU4
  46 0006 0120     		movs	r0, #1
  47 0008 FFF7FEFF 		bl	osDelay
  48              	.LVL2:
 141:Core/Src/freertos.c ****   {
  49              		.loc 1 141 3 view .LVU5
  50 000c FBE7     		b	.L2
  51              		.cfi_endproc
  52              	.LFE149:
  54              		.section	.text.IMU_Task,"ax",%progbits
  55              		.align	1
  56              		.weak	IMU_Task
  57              		.syntax unified
  58              		.thumb
  59              		.thumb_func
  61              	IMU_Task:
  62              	.LFB150:
 144:Core/Src/freertos.c ****   }
 145:Core/Src/freertos.c ****   /* USER CODE END StartDefaultTask */
 146:Core/Src/freertos.c **** }
 147:Core/Src/freertos.c **** 
 148:Core/Src/freertos.c **** /* USER CODE BEGIN Header_IMU_Task */
 149:Core/Src/freertos.c **** /**
 150:Core/Src/freertos.c **** * @brief Function implementing the IMU thread.
 151:Core/Src/freertos.c **** * @param argument: Not used
 152:Core/Src/freertos.c **** * @retval None
 153:Core/Src/freertos.c **** */
 154:Core/Src/freertos.c **** /* USER CODE END Header_IMU_Task */
 155:Core/Src/freertos.c **** __weak void IMU_Task(void *argument)
 156:Core/Src/freertos.c **** {
  63              		.loc 1 156 1 view -0
  64              		.cfi_startproc
  65              		@ args = 0, pretend = 0, frame = 0
  66              		@ frame_needed = 0, uses_anonymous_args = 0
  67              	.LVL3:
  68              		.loc 1 156 1 is_stmt 0 view .LVU7
  69 0000 08B5     		push	{r3, lr}
  70              	.LCFI1:
  71              		.cfi_def_cfa_offset 8
  72              		.cfi_offset 3, -8
  73              		.cfi_offset 14, -4
  74              	.LVL4:
ARM GAS  C:\Users\11464\AppData\Local\Temp\cc8qWFel.s 			page 5


  75              	.L5:
 157:Core/Src/freertos.c ****   /* USER CODE BEGIN IMU_Task */
 158:Core/Src/freertos.c ****   /* Infinite loop */
 159:Core/Src/freertos.c ****   for(;;)
  76              		.loc 1 159 3 is_stmt 1 view .LVU8
 160:Core/Src/freertos.c ****   {
 161:Core/Src/freertos.c ****     osDelay(1);
  77              		.loc 1 161 5 discriminator 2 view .LVU9
  78 0002 0120     		movs	r0, #1
  79 0004 FFF7FEFF 		bl	osDelay
  80              	.LVL5:
 159:Core/Src/freertos.c ****   {
  81              		.loc 1 159 3 view .LVU10
  82 0008 FBE7     		b	.L5
  83              		.cfi_endproc
  84              	.LFE150:
  86              		.section	.text.MX_FREERTOS_Init,"ax",%progbits
  87              		.align	1
  88              		.global	MX_FREERTOS_Init
  89              		.syntax unified
  90              		.thumb
  91              		.thumb_func
  93              	MX_FREERTOS_Init:
  94              	.LFB148:
  86:Core/Src/freertos.c ****   /* USER CODE BEGIN Init */
  95              		.loc 1 86 29 view -0
  96              		.cfi_startproc
  97              		@ args = 0, pretend = 0, frame = 0
  98              		@ frame_needed = 0, uses_anonymous_args = 0
  99 0000 08B5     		push	{r3, lr}
 100              	.LCFI2:
 101              		.cfi_def_cfa_offset 8
 102              		.cfi_offset 3, -8
 103              		.cfi_offset 14, -4
  97:Core/Src/freertos.c **** 
 104              		.loc 1 97 3 view .LVU12
  97:Core/Src/freertos.c **** 
 105              		.loc 1 97 25 is_stmt 0 view .LVU13
 106 0002 0B4A     		ldr	r2, .L9
 107 0004 0121     		movs	r1, #1
 108 0006 0846     		mov	r0, r1
 109 0008 FFF7FEFF 		bl	osSemaphoreNew
 110              	.LVL6:
  97:Core/Src/freertos.c **** 
 111              		.loc 1 97 23 discriminator 1 view .LVU14
 112 000c 094B     		ldr	r3, .L9+4
 113 000e 1860     		str	r0, [r3]
 113:Core/Src/freertos.c **** 
 114              		.loc 1 113 3 is_stmt 1 view .LVU15
 113:Core/Src/freertos.c **** 
 115              		.loc 1 113 23 is_stmt 0 view .LVU16
 116 0010 094A     		ldr	r2, .L9+8
 117 0012 0021     		movs	r1, #0
 118 0014 0948     		ldr	r0, .L9+12
 119 0016 FFF7FEFF 		bl	osThreadNew
 120              	.LVL7:
 113:Core/Src/freertos.c **** 
ARM GAS  C:\Users\11464\AppData\Local\Temp\cc8qWFel.s 			page 6


 121              		.loc 1 113 21 discriminator 1 view .LVU17
 122 001a 094B     		ldr	r3, .L9+16
 123 001c 1860     		str	r0, [r3]
 116:Core/Src/freertos.c **** 
 124              		.loc 1 116 3 is_stmt 1 view .LVU18
 116:Core/Src/freertos.c **** 
 125              		.loc 1 116 15 is_stmt 0 view .LVU19
 126 001e 094A     		ldr	r2, .L9+20
 127 0020 0021     		movs	r1, #0
 128 0022 0948     		ldr	r0, .L9+24
 129 0024 FFF7FEFF 		bl	osThreadNew
 130              	.LVL8:
 116:Core/Src/freertos.c **** 
 131              		.loc 1 116 13 discriminator 1 view .LVU20
 132 0028 084B     		ldr	r3, .L9+28
 133 002a 1860     		str	r0, [r3]
 126:Core/Src/freertos.c **** 
 134              		.loc 1 126 1 view .LVU21
 135 002c 08BD     		pop	{r3, pc}
 136              	.L10:
 137 002e 00BF     		.align	2
 138              	.L9:
 139 0030 00000000 		.word	myBinarySem01_attributes
 140 0034 00000000 		.word	myBinarySem01Handle
 141 0038 00000000 		.word	defaultTask_attributes
 142 003c 00000000 		.word	StartDefaultTask
 143 0040 00000000 		.word	defaultTaskHandle
 144 0044 00000000 		.word	IMU_attributes
 145 0048 00000000 		.word	IMU_Task
 146 004c 00000000 		.word	IMUHandle
 147              		.cfi_endproc
 148              	.LFE148:
 150              		.global	myBinarySem01_attributes
 151              		.section	.rodata.str1.4,"aMS",%progbits,1
 152              		.align	2
 153              	.LC0:
 154 0000 6D794269 		.ascii	"myBinarySem01\000"
 154      6E617279 
 154      53656D30 
 154      3100
 155              		.section	.rodata.myBinarySem01_attributes,"a"
 156              		.align	2
 159              	myBinarySem01_attributes:
 160 0000 00000000 		.word	.LC0
 161 0004 00000000 		.space	12
 161      00000000 
 161      00000000 
 162              		.global	myBinarySem01Handle
 163              		.section	.bss.myBinarySem01Handle,"aw",%nobits
 164              		.align	2
 167              	myBinarySem01Handle:
 168 0000 00000000 		.space	4
 169              		.global	IMU_attributes
 170              		.section	.rodata.str1.4
 171 000e 0000     		.align	2
 172              	.LC1:
 173 0010 494D5500 		.ascii	"IMU\000"
ARM GAS  C:\Users\11464\AppData\Local\Temp\cc8qWFel.s 			page 7


 174              		.section	.rodata.IMU_attributes,"a"
 175              		.align	2
 178              	IMU_attributes:
 179 0000 10000000 		.word	.LC1
 180 0004 00000000 		.space	16
 180      00000000 
 180      00000000 
 180      00000000 
 181 0014 00040000 		.word	1024
 182 0018 08000000 		.word	8
 183 001c 00000000 		.space	8
 183      00000000 
 184              		.global	IMUHandle
 185              		.section	.bss.IMUHandle,"aw",%nobits
 186              		.align	2
 189              	IMUHandle:
 190 0000 00000000 		.space	4
 191              		.global	defaultTask_attributes
 192              		.section	.rodata.str1.4
 193              		.align	2
 194              	.LC2:
 195 0014 64656661 		.ascii	"defaultTask\000"
 195      756C7454 
 195      61736B00 
 196              		.section	.rodata.defaultTask_attributes,"a"
 197              		.align	2
 200              	defaultTask_attributes:
 201 0000 14000000 		.word	.LC2
 202 0004 00000000 		.space	16
 202      00000000 
 202      00000000 
 202      00000000 
 203 0014 00020000 		.word	512
 204 0018 18000000 		.word	24
 205 001c 00000000 		.space	8
 205      00000000 
 206              		.global	defaultTaskHandle
 207              		.section	.bss.defaultTaskHandle,"aw",%nobits
 208              		.align	2
 211              	defaultTaskHandle:
 212 0000 00000000 		.space	4
 213              		.text
 214              	.Letext0:
 215              		.file 2 "D:/ec_env/arm-gnu-toolchain/arm-none-eabi/include/machine/_default_types.h"
 216              		.file 3 "D:/ec_env/arm-gnu-toolchain/arm-none-eabi/include/sys/_stdint.h"
 217              		.file 4 "Middlewares/Third_Party/FreeRTOS/Source/CMSIS_RTOS_V2/cmsis_os2.h"
ARM GAS  C:\Users\11464\AppData\Local\Temp\cc8qWFel.s 			page 8


DEFINED SYMBOLS
                            *ABS*:00000000 freertos.c
C:\Users\11464\AppData\Local\Temp\cc8qWFel.s:20     .text.StartDefaultTask:00000000 $t
C:\Users\11464\AppData\Local\Temp\cc8qWFel.s:26     .text.StartDefaultTask:00000000 StartDefaultTask
C:\Users\11464\AppData\Local\Temp\cc8qWFel.s:55     .text.IMU_Task:00000000 $t
C:\Users\11464\AppData\Local\Temp\cc8qWFel.s:61     .text.IMU_Task:00000000 IMU_Task
C:\Users\11464\AppData\Local\Temp\cc8qWFel.s:87     .text.MX_FREERTOS_Init:00000000 $t
C:\Users\11464\AppData\Local\Temp\cc8qWFel.s:93     .text.MX_FREERTOS_Init:00000000 MX_FREERTOS_Init
C:\Users\11464\AppData\Local\Temp\cc8qWFel.s:139    .text.MX_FREERTOS_Init:00000030 $d
C:\Users\11464\AppData\Local\Temp\cc8qWFel.s:159    .rodata.myBinarySem01_attributes:00000000 myBinarySem01_attributes
C:\Users\11464\AppData\Local\Temp\cc8qWFel.s:167    .bss.myBinarySem01Handle:00000000 myBinarySem01Handle
C:\Users\11464\AppData\Local\Temp\cc8qWFel.s:200    .rodata.defaultTask_attributes:00000000 defaultTask_attributes
C:\Users\11464\AppData\Local\Temp\cc8qWFel.s:211    .bss.defaultTaskHandle:00000000 defaultTaskHandle
C:\Users\11464\AppData\Local\Temp\cc8qWFel.s:178    .rodata.IMU_attributes:00000000 IMU_attributes
C:\Users\11464\AppData\Local\Temp\cc8qWFel.s:189    .bss.IMUHandle:00000000 IMUHandle
C:\Users\11464\AppData\Local\Temp\cc8qWFel.s:152    .rodata.str1.4:00000000 $d
C:\Users\11464\AppData\Local\Temp\cc8qWFel.s:156    .rodata.myBinarySem01_attributes:00000000 $d
C:\Users\11464\AppData\Local\Temp\cc8qWFel.s:164    .bss.myBinarySem01Handle:00000000 $d
C:\Users\11464\AppData\Local\Temp\cc8qWFel.s:175    .rodata.IMU_attributes:00000000 $d
C:\Users\11464\AppData\Local\Temp\cc8qWFel.s:186    .bss.IMUHandle:00000000 $d
C:\Users\11464\AppData\Local\Temp\cc8qWFel.s:197    .rodata.defaultTask_attributes:00000000 $d
C:\Users\11464\AppData\Local\Temp\cc8qWFel.s:208    .bss.defaultTaskHandle:00000000 $d

UNDEFINED SYMBOLS
MX_USB_DEVICE_Init
osDelay
osSemaphoreNew
osThreadNew
