ARM GAS  C:\Users\11464\AppData\Local\Temp\ccwMSfTY.s 			page 1


   1              		.cpu cortex-m7
   2              		.arch armv7e-m
   3              		.fpu fpv5-d16
   4              		.eabi_attribute 28, 1
   5              		.eabi_attribute 20, 1
   6              		.eabi_attribute 21, 1
   7              		.eabi_attribute 23, 3
   8              		.eabi_attribute 24, 1
   9              		.eabi_attribute 25, 1
  10              		.eabi_attribute 26, 1
  11              		.eabi_attribute 30, 1
  12              		.eabi_attribute 34, 1
  13              		.eabi_attribute 18, 4
  14              		.file	"gpio.c"
  15              		.text
  16              	.Ltext0:
  17              		.cfi_sections	.debug_frame
  18              		.file 1 "Core/Src/gpio.c"
  19              		.section	.text.MX_GPIO_Init,"ax",%progbits
  20              		.align	1
  21              		.global	MX_GPIO_Init
  22              		.syntax unified
  23              		.thumb
  24              		.thumb_func
  26              	MX_GPIO_Init:
  27              	.LFB144:
   1:Core/Src/gpio.c **** /* USER CODE BEGIN Header */
   2:Core/Src/gpio.c **** /**
   3:Core/Src/gpio.c ****   ******************************************************************************
   4:Core/Src/gpio.c ****   * @file    gpio.c
   5:Core/Src/gpio.c ****   * @brief   This file provides code for the configuration
   6:Core/Src/gpio.c ****   *          of all used GPIO pins.
   7:Core/Src/gpio.c ****   ******************************************************************************
   8:Core/Src/gpio.c ****   * @attention
   9:Core/Src/gpio.c ****   *
  10:Core/Src/gpio.c ****   * Copyright (c) 2026 STMicroelectronics.
  11:Core/Src/gpio.c ****   * All rights reserved.
  12:Core/Src/gpio.c ****   *
  13:Core/Src/gpio.c ****   * This software is licensed under terms that can be found in the LICENSE file
  14:Core/Src/gpio.c ****   * in the root directory of this software component.
  15:Core/Src/gpio.c ****   * If no LICENSE file comes with this software, it is provided AS-IS.
  16:Core/Src/gpio.c ****   *
  17:Core/Src/gpio.c ****   ******************************************************************************
  18:Core/Src/gpio.c ****   */
  19:Core/Src/gpio.c **** /* USER CODE END Header */
  20:Core/Src/gpio.c **** 
  21:Core/Src/gpio.c **** /* Includes ------------------------------------------------------------------*/
  22:Core/Src/gpio.c **** #include "gpio.h"
  23:Core/Src/gpio.c **** 
  24:Core/Src/gpio.c **** /* USER CODE BEGIN 0 */
  25:Core/Src/gpio.c **** 
  26:Core/Src/gpio.c **** /* USER CODE END 0 */
  27:Core/Src/gpio.c **** 
  28:Core/Src/gpio.c **** /*----------------------------------------------------------------------------*/
  29:Core/Src/gpio.c **** /* Configure GPIO                                                             */
  30:Core/Src/gpio.c **** /*----------------------------------------------------------------------------*/
  31:Core/Src/gpio.c **** /* USER CODE BEGIN 1 */
ARM GAS  C:\Users\11464\AppData\Local\Temp\ccwMSfTY.s 			page 2


  32:Core/Src/gpio.c **** 
  33:Core/Src/gpio.c **** /* USER CODE END 1 */
  34:Core/Src/gpio.c **** 
  35:Core/Src/gpio.c **** /** Configure pins as
  36:Core/Src/gpio.c ****         * Analog
  37:Core/Src/gpio.c ****         * Input
  38:Core/Src/gpio.c ****         * Output
  39:Core/Src/gpio.c ****         * EVENT_OUT
  40:Core/Src/gpio.c ****         * EXTI
  41:Core/Src/gpio.c **** */
  42:Core/Src/gpio.c **** void MX_GPIO_Init(void)
  43:Core/Src/gpio.c **** {
  28              		.loc 1 43 1 view -0
  29              		.cfi_startproc
  30              		@ args = 0, pretend = 0, frame = 40
  31              		@ frame_needed = 0, uses_anonymous_args = 0
  32 0000 70B5     		push	{r4, r5, r6, lr}
  33              	.LCFI0:
  34              		.cfi_def_cfa_offset 16
  35              		.cfi_offset 4, -16
  36              		.cfi_offset 5, -12
  37              		.cfi_offset 6, -8
  38              		.cfi_offset 14, -4
  39 0002 8AB0     		sub	sp, sp, #40
  40              	.LCFI1:
  41              		.cfi_def_cfa_offset 56
  44:Core/Src/gpio.c **** 
  45:Core/Src/gpio.c ****   GPIO_InitTypeDef GPIO_InitStruct = {0};
  42              		.loc 1 45 3 view .LVU1
  43              		.loc 1 45 20 is_stmt 0 view .LVU2
  44 0004 05AD     		add	r5, sp, #20
  45 0006 0024     		movs	r4, #0
  46 0008 0594     		str	r4, [sp, #20]
  47 000a 0694     		str	r4, [sp, #24]
  48 000c 0794     		str	r4, [sp, #28]
  49 000e 0894     		str	r4, [sp, #32]
  50 0010 0994     		str	r4, [sp, #36]
  46:Core/Src/gpio.c **** 
  47:Core/Src/gpio.c ****   /* GPIO Ports Clock Enable */
  48:Core/Src/gpio.c ****   __HAL_RCC_GPIOH_CLK_ENABLE();
  51              		.loc 1 48 3 is_stmt 1 view .LVU3
  52              	.LBB2:
  53              		.loc 1 48 3 view .LVU4
  54              		.loc 1 48 3 view .LVU5
  55 0012 244B     		ldr	r3, .L3
  56 0014 D3F8E020 		ldr	r2, [r3, #224]
  57 0018 42F08002 		orr	r2, r2, #128
  58 001c C3F8E020 		str	r2, [r3, #224]
  59              		.loc 1 48 3 view .LVU6
  60 0020 D3F8E020 		ldr	r2, [r3, #224]
  61 0024 02F08002 		and	r2, r2, #128
  62 0028 0192     		str	r2, [sp, #4]
  63              		.loc 1 48 3 view .LVU7
  64 002a 019A     		ldr	r2, [sp, #4]
  65              	.LBE2:
  66              		.loc 1 48 3 view .LVU8
  49:Core/Src/gpio.c ****   __HAL_RCC_GPIOC_CLK_ENABLE();
ARM GAS  C:\Users\11464\AppData\Local\Temp\ccwMSfTY.s 			page 3


  67              		.loc 1 49 3 view .LVU9
  68              	.LBB3:
  69              		.loc 1 49 3 view .LVU10
  70              		.loc 1 49 3 view .LVU11
  71 002c D3F8E020 		ldr	r2, [r3, #224]
  72 0030 42F00402 		orr	r2, r2, #4
  73 0034 C3F8E020 		str	r2, [r3, #224]
  74              		.loc 1 49 3 view .LVU12
  75 0038 D3F8E020 		ldr	r2, [r3, #224]
  76 003c 02F00402 		and	r2, r2, #4
  77 0040 0292     		str	r2, [sp, #8]
  78              		.loc 1 49 3 view .LVU13
  79 0042 029A     		ldr	r2, [sp, #8]
  80              	.LBE3:
  81              		.loc 1 49 3 view .LVU14
  50:Core/Src/gpio.c ****   __HAL_RCC_GPIOB_CLK_ENABLE();
  82              		.loc 1 50 3 view .LVU15
  83              	.LBB4:
  84              		.loc 1 50 3 view .LVU16
  85              		.loc 1 50 3 view .LVU17
  86 0044 D3F8E020 		ldr	r2, [r3, #224]
  87 0048 42F00202 		orr	r2, r2, #2
  88 004c C3F8E020 		str	r2, [r3, #224]
  89              		.loc 1 50 3 view .LVU18
  90 0050 D3F8E020 		ldr	r2, [r3, #224]
  91 0054 02F00202 		and	r2, r2, #2
  92 0058 0392     		str	r2, [sp, #12]
  93              		.loc 1 50 3 view .LVU19
  94 005a 039A     		ldr	r2, [sp, #12]
  95              	.LBE4:
  96              		.loc 1 50 3 view .LVU20
  51:Core/Src/gpio.c ****   __HAL_RCC_GPIOA_CLK_ENABLE();
  97              		.loc 1 51 3 view .LVU21
  98              	.LBB5:
  99              		.loc 1 51 3 view .LVU22
 100              		.loc 1 51 3 view .LVU23
 101 005c D3F8E020 		ldr	r2, [r3, #224]
 102 0060 42F00102 		orr	r2, r2, #1
 103 0064 C3F8E020 		str	r2, [r3, #224]
 104              		.loc 1 51 3 view .LVU24
 105 0068 D3F8E030 		ldr	r3, [r3, #224]
 106 006c 03F00103 		and	r3, r3, #1
 107 0070 0493     		str	r3, [sp, #16]
 108              		.loc 1 51 3 view .LVU25
 109 0072 049B     		ldr	r3, [sp, #16]
 110              	.LBE5:
 111              		.loc 1 51 3 view .LVU26
  52:Core/Src/gpio.c **** 
  53:Core/Src/gpio.c ****   /*Configure GPIO pin Output Level */
  54:Core/Src/gpio.c ****   HAL_GPIO_WritePin(GPIOC, ACC_CS_Pin|GYRO_CS_Pin, GPIO_PIN_RESET);
 112              		.loc 1 54 3 view .LVU27
 113 0074 0C4E     		ldr	r6, .L3+4
 114 0076 2246     		mov	r2, r4
 115 0078 0921     		movs	r1, #9
 116 007a 3046     		mov	r0, r6
 117 007c FFF7FEFF 		bl	HAL_GPIO_WritePin
 118              	.LVL0:
ARM GAS  C:\Users\11464\AppData\Local\Temp\ccwMSfTY.s 			page 4


  55:Core/Src/gpio.c **** 
  56:Core/Src/gpio.c ****   /*Configure GPIO pins : ACC_CS_Pin GYRO_CS_Pin */
  57:Core/Src/gpio.c ****   GPIO_InitStruct.Pin = ACC_CS_Pin|GYRO_CS_Pin;
 119              		.loc 1 57 3 view .LVU28
 120              		.loc 1 57 23 is_stmt 0 view .LVU29
 121 0080 0923     		movs	r3, #9
 122 0082 0593     		str	r3, [sp, #20]
  58:Core/Src/gpio.c ****   GPIO_InitStruct.Mode = GPIO_MODE_OUTPUT_PP;
 123              		.loc 1 58 3 is_stmt 1 view .LVU30
 124              		.loc 1 58 24 is_stmt 0 view .LVU31
 125 0084 0123     		movs	r3, #1
 126 0086 0693     		str	r3, [sp, #24]
  59:Core/Src/gpio.c ****   GPIO_InitStruct.Pull = GPIO_NOPULL;
 127              		.loc 1 59 3 is_stmt 1 view .LVU32
 128              		.loc 1 59 24 is_stmt 0 view .LVU33
 129 0088 0794     		str	r4, [sp, #28]
  60:Core/Src/gpio.c ****   GPIO_InitStruct.Speed = GPIO_SPEED_FREQ_LOW;
 130              		.loc 1 60 3 is_stmt 1 view .LVU34
 131              		.loc 1 60 25 is_stmt 0 view .LVU35
 132 008a 0894     		str	r4, [sp, #32]
  61:Core/Src/gpio.c ****   HAL_GPIO_Init(GPIOC, &GPIO_InitStruct);
 133              		.loc 1 61 3 is_stmt 1 view .LVU36
 134 008c 2946     		mov	r1, r5
 135 008e 3046     		mov	r0, r6
 136 0090 FFF7FEFF 		bl	HAL_GPIO_Init
 137              	.LVL1:
  62:Core/Src/gpio.c **** 
  63:Core/Src/gpio.c ****   /*AnalogSwitch Config */
  64:Core/Src/gpio.c ****   HAL_SYSCFG_AnalogSwitchConfig(SYSCFG_SWITCH_PC3, SYSCFG_SWITCH_PC3_CLOSE);
 138              		.loc 1 64 3 view .LVU37
 139 0094 2146     		mov	r1, r4
 140 0096 4FF00060 		mov	r0, #134217728
 141 009a FFF7FEFF 		bl	HAL_SYSCFG_AnalogSwitchConfig
 142              	.LVL2:
  65:Core/Src/gpio.c **** 
  66:Core/Src/gpio.c **** }
 143              		.loc 1 66 1 is_stmt 0 view .LVU38
 144 009e 0AB0     		add	sp, sp, #40
 145              	.LCFI2:
 146              		.cfi_def_cfa_offset 16
 147              		@ sp needed
 148 00a0 70BD     		pop	{r4, r5, r6, pc}
 149              	.L4:
 150 00a2 00BF     		.align	2
 151              	.L3:
 152 00a4 00440258 		.word	1476543488
 153 00a8 00080258 		.word	1476528128
 154              		.cfi_endproc
 155              	.LFE144:
 157              		.text
 158              	.Letext0:
 159              		.file 2 "D:/ec_env/arm-gnu-toolchain/arm-none-eabi/include/machine/_default_types.h"
 160              		.file 3 "D:/ec_env/arm-gnu-toolchain/arm-none-eabi/include/sys/_stdint.h"
 161              		.file 4 "Drivers/CMSIS/Device/ST/STM32H7xx/Include/stm32h723xx.h"
 162              		.file 5 "Drivers/STM32H7xx_HAL_Driver/Inc/stm32h7xx_hal_gpio.h"
 163              		.file 6 "Drivers/STM32H7xx_HAL_Driver/Inc/stm32h7xx_hal.h"
ARM GAS  C:\Users\11464\AppData\Local\Temp\ccwMSfTY.s 			page 5


DEFINED SYMBOLS
                            *ABS*:00000000 gpio.c
C:\Users\11464\AppData\Local\Temp\ccwMSfTY.s:20     .text.MX_GPIO_Init:00000000 $t
C:\Users\11464\AppData\Local\Temp\ccwMSfTY.s:26     .text.MX_GPIO_Init:00000000 MX_GPIO_Init
C:\Users\11464\AppData\Local\Temp\ccwMSfTY.s:152    .text.MX_GPIO_Init:000000a4 $d

UNDEFINED SYMBOLS
HAL_GPIO_WritePin
HAL_GPIO_Init
HAL_SYSCFG_AnalogSwitchConfig
