ARM GAS  C:\Users\11464\AppData\Local\Temp\cc4Gmxnl.s 			page 1


   1              		.cpu cortex-m7
   2              		.arch armv7e-m
   3              		.fpu fpv5-d16
   4              		.eabi_attribute 28, 1
   5              		.eabi_attribute 20, 1
   6              		.eabi_attribute 21, 1
   7              		.eabi_attribute 23, 3
   8              		.eabi_attribute 24, 1
   9              		.eabi_attribute 25, 1
  10              		.eabi_attribute 26, 1
  11              		.eabi_attribute 30, 1
  12              		.eabi_attribute 34, 1
  13              		.eabi_attribute 18, 4
  14              		.file	"main.c"
  15              		.text
  16              	.Ltext0:
  17              		.cfi_sections	.debug_frame
  18              		.file 1 "Core/Src/main.c"
  19              		.section	.text.MPU_Config,"ax",%progbits
  20              		.align	1
  21              		.syntax unified
  22              		.thumb
  23              		.thumb_func
  25              	MPU_Config:
  26              	.LFB154:
   1:Core/Src/main.c **** /* USER CODE BEGIN Header */
   2:Core/Src/main.c **** /**
   3:Core/Src/main.c ****   ******************************************************************************
   4:Core/Src/main.c ****   * @file           : main.c
   5:Core/Src/main.c ****   * @brief          : Main program body
   6:Core/Src/main.c ****   ******************************************************************************
   7:Core/Src/main.c ****   * @attention
   8:Core/Src/main.c ****   *
   9:Core/Src/main.c ****   * Copyright (c) 2026 STMicroelectronics.
  10:Core/Src/main.c ****   * All rights reserved.
  11:Core/Src/main.c ****   *
  12:Core/Src/main.c ****   * This software is licensed under terms that can be found in the LICENSE file
  13:Core/Src/main.c ****   * in the root directory of this software component.
  14:Core/Src/main.c ****   * If no LICENSE file comes with this software, it is provided AS-IS.
  15:Core/Src/main.c ****   *
  16:Core/Src/main.c ****   ******************************************************************************
  17:Core/Src/main.c ****   */
  18:Core/Src/main.c **** /* USER CODE END Header */
  19:Core/Src/main.c **** /* Includes ------------------------------------------------------------------*/
  20:Core/Src/main.c **** #include "main.h"
  21:Core/Src/main.c **** #include "cmsis_os.h"
  22:Core/Src/main.c **** #include "dma.h"
  23:Core/Src/main.c **** #include "memorymap.h"
  24:Core/Src/main.c **** #include "spi.h"
  25:Core/Src/main.c **** #include "tim.h"
  26:Core/Src/main.c **** #include "usart.h"
  27:Core/Src/main.c **** #include "usb_device.h"
  28:Core/Src/main.c **** #include "gpio.h"
  29:Core/Src/main.c **** 
  30:Core/Src/main.c **** /* Private includes ----------------------------------------------------------*/
  31:Core/Src/main.c **** /* USER CODE BEGIN Includes */
  32:Core/Src/main.c **** 
ARM GAS  C:\Users\11464\AppData\Local\Temp\cc4Gmxnl.s 			page 2


  33:Core/Src/main.c **** /* USER CODE END Includes */
  34:Core/Src/main.c **** 
  35:Core/Src/main.c **** /* Private typedef -----------------------------------------------------------*/
  36:Core/Src/main.c **** /* USER CODE BEGIN PTD */
  37:Core/Src/main.c **** 
  38:Core/Src/main.c **** /* USER CODE END PTD */
  39:Core/Src/main.c **** 
  40:Core/Src/main.c **** /* Private define ------------------------------------------------------------*/
  41:Core/Src/main.c **** /* USER CODE BEGIN PD */
  42:Core/Src/main.c **** 
  43:Core/Src/main.c **** /* USER CODE END PD */
  44:Core/Src/main.c **** 
  45:Core/Src/main.c **** /* Private macro -------------------------------------------------------------*/
  46:Core/Src/main.c **** /* USER CODE BEGIN PM */
  47:Core/Src/main.c **** 
  48:Core/Src/main.c **** /* USER CODE END PM */
  49:Core/Src/main.c **** 
  50:Core/Src/main.c **** /* Private variables ---------------------------------------------------------*/
  51:Core/Src/main.c **** 
  52:Core/Src/main.c **** /* USER CODE BEGIN PV */
  53:Core/Src/main.c **** 
  54:Core/Src/main.c **** /* USER CODE END PV */
  55:Core/Src/main.c **** 
  56:Core/Src/main.c **** /* Private function prototypes -----------------------------------------------*/
  57:Core/Src/main.c **** void SystemClock_Config(void);
  58:Core/Src/main.c **** static void MPU_Config(void);
  59:Core/Src/main.c **** void MX_FREERTOS_Init(void);
  60:Core/Src/main.c **** /* USER CODE BEGIN PFP */
  61:Core/Src/main.c **** 
  62:Core/Src/main.c **** /* USER CODE END PFP */
  63:Core/Src/main.c **** 
  64:Core/Src/main.c **** /* Private user code ---------------------------------------------------------*/
  65:Core/Src/main.c **** /* USER CODE BEGIN 0 */
  66:Core/Src/main.c **** 
  67:Core/Src/main.c **** /* USER CODE END 0 */
  68:Core/Src/main.c **** 
  69:Core/Src/main.c **** /**
  70:Core/Src/main.c ****   * @brief  The application entry point.
  71:Core/Src/main.c ****   * @retval int
  72:Core/Src/main.c ****   */
  73:Core/Src/main.c **** int main(void)
  74:Core/Src/main.c **** {
  75:Core/Src/main.c **** 
  76:Core/Src/main.c ****   /* USER CODE BEGIN 1 */
  77:Core/Src/main.c **** 
  78:Core/Src/main.c ****   /* USER CODE END 1 */
  79:Core/Src/main.c **** 
  80:Core/Src/main.c ****   /* MPU Configuration--------------------------------------------------------*/
  81:Core/Src/main.c ****   MPU_Config();
  82:Core/Src/main.c **** 
  83:Core/Src/main.c ****   /* MCU Configuration--------------------------------------------------------*/
  84:Core/Src/main.c **** 
  85:Core/Src/main.c ****   /* Reset of all peripherals, Initializes the Flash interface and the Systick. */
  86:Core/Src/main.c ****   HAL_Init();
  87:Core/Src/main.c **** 
  88:Core/Src/main.c ****   /* USER CODE BEGIN Init */
  89:Core/Src/main.c **** 
ARM GAS  C:\Users\11464\AppData\Local\Temp\cc4Gmxnl.s 			page 3


  90:Core/Src/main.c ****   /* USER CODE END Init */
  91:Core/Src/main.c **** 
  92:Core/Src/main.c ****   /* Configure the system clock */
  93:Core/Src/main.c ****   SystemClock_Config();
  94:Core/Src/main.c **** 
  95:Core/Src/main.c ****   /* USER CODE BEGIN SysInit */
  96:Core/Src/main.c **** 
  97:Core/Src/main.c ****   /* USER CODE END SysInit */
  98:Core/Src/main.c **** 
  99:Core/Src/main.c ****   /* Initialize all configured peripherals */
 100:Core/Src/main.c ****   MX_GPIO_Init();
 101:Core/Src/main.c ****   MX_DMA_Init();
 102:Core/Src/main.c ****   MX_SPI2_Init();
 103:Core/Src/main.c ****   MX_USART1_UART_Init();
 104:Core/Src/main.c ****   MX_TIM3_Init();
 105:Core/Src/main.c ****   /* USER CODE BEGIN 2 */
 106:Core/Src/main.c **** 
 107:Core/Src/main.c ****   /* USER CODE END 2 */
 108:Core/Src/main.c **** 
 109:Core/Src/main.c ****   /* Init scheduler */
 110:Core/Src/main.c ****   osKernelInitialize();
 111:Core/Src/main.c **** 
 112:Core/Src/main.c ****   /* Call init function for freertos objects (in cmsis_os2.c) */
 113:Core/Src/main.c ****   MX_FREERTOS_Init();
 114:Core/Src/main.c **** 
 115:Core/Src/main.c ****   /* Start scheduler */
 116:Core/Src/main.c ****   osKernelStart();
 117:Core/Src/main.c **** 
 118:Core/Src/main.c ****   /* We should never get here as control is now taken by the scheduler */
 119:Core/Src/main.c **** 
 120:Core/Src/main.c ****   /* Infinite loop */
 121:Core/Src/main.c ****   /* USER CODE BEGIN WHILE */
 122:Core/Src/main.c ****   while (1)
 123:Core/Src/main.c ****   {
 124:Core/Src/main.c ****     /* USER CODE END WHILE */
 125:Core/Src/main.c **** 
 126:Core/Src/main.c ****     /* USER CODE BEGIN 3 */
 127:Core/Src/main.c ****   }
 128:Core/Src/main.c ****   /* USER CODE END 3 */
 129:Core/Src/main.c **** }
 130:Core/Src/main.c **** 
 131:Core/Src/main.c **** /**
 132:Core/Src/main.c ****   * @brief System Clock Configuration
 133:Core/Src/main.c ****   * @retval None
 134:Core/Src/main.c ****   */
 135:Core/Src/main.c **** void SystemClock_Config(void)
 136:Core/Src/main.c **** {
 137:Core/Src/main.c ****   RCC_OscInitTypeDef RCC_OscInitStruct = {0};
 138:Core/Src/main.c ****   RCC_ClkInitTypeDef RCC_ClkInitStruct = {0};
 139:Core/Src/main.c **** 
 140:Core/Src/main.c ****   /** Supply configuration update enable
 141:Core/Src/main.c ****   */
 142:Core/Src/main.c ****   HAL_PWREx_ConfigSupply(PWR_LDO_SUPPLY);
 143:Core/Src/main.c **** 
 144:Core/Src/main.c ****   /** Configure the main internal regulator output voltage
 145:Core/Src/main.c ****   */
 146:Core/Src/main.c ****   __HAL_PWR_VOLTAGESCALING_CONFIG(PWR_REGULATOR_VOLTAGE_SCALE0);
ARM GAS  C:\Users\11464\AppData\Local\Temp\cc4Gmxnl.s 			page 4


 147:Core/Src/main.c **** 
 148:Core/Src/main.c ****   while(!__HAL_PWR_GET_FLAG(PWR_FLAG_VOSRDY)) {}
 149:Core/Src/main.c **** 
 150:Core/Src/main.c ****   /** Initializes the RCC Oscillators according to the specified parameters
 151:Core/Src/main.c ****   * in the RCC_OscInitTypeDef structure.
 152:Core/Src/main.c ****   */
 153:Core/Src/main.c ****   RCC_OscInitStruct.OscillatorType = RCC_OSCILLATORTYPE_HSE;
 154:Core/Src/main.c ****   RCC_OscInitStruct.HSEState = RCC_HSE_ON;
 155:Core/Src/main.c ****   RCC_OscInitStruct.PLL.PLLState = RCC_PLL_ON;
 156:Core/Src/main.c ****   RCC_OscInitStruct.PLL.PLLSource = RCC_PLLSOURCE_HSE;
 157:Core/Src/main.c ****   RCC_OscInitStruct.PLL.PLLM = 2;
 158:Core/Src/main.c ****   RCC_OscInitStruct.PLL.PLLN = 40;
 159:Core/Src/main.c ****   RCC_OscInitStruct.PLL.PLLP = 1;
 160:Core/Src/main.c ****   RCC_OscInitStruct.PLL.PLLQ = 4;
 161:Core/Src/main.c ****   RCC_OscInitStruct.PLL.PLLR = 2;
 162:Core/Src/main.c ****   RCC_OscInitStruct.PLL.PLLRGE = RCC_PLL1VCIRANGE_3;
 163:Core/Src/main.c ****   RCC_OscInitStruct.PLL.PLLVCOSEL = RCC_PLL1VCOWIDE;
 164:Core/Src/main.c ****   RCC_OscInitStruct.PLL.PLLFRACN = 0;
 165:Core/Src/main.c ****   if (HAL_RCC_OscConfig(&RCC_OscInitStruct) != HAL_OK)
 166:Core/Src/main.c ****   {
 167:Core/Src/main.c ****     Error_Handler();
 168:Core/Src/main.c ****   }
 169:Core/Src/main.c **** 
 170:Core/Src/main.c ****   /** Initializes the CPU, AHB and APB buses clocks
 171:Core/Src/main.c ****   */
 172:Core/Src/main.c ****   RCC_ClkInitStruct.ClockType = RCC_CLOCKTYPE_HCLK|RCC_CLOCKTYPE_SYSCLK
 173:Core/Src/main.c ****                               |RCC_CLOCKTYPE_PCLK1|RCC_CLOCKTYPE_PCLK2
 174:Core/Src/main.c ****                               |RCC_CLOCKTYPE_D3PCLK1|RCC_CLOCKTYPE_D1PCLK1;
 175:Core/Src/main.c ****   RCC_ClkInitStruct.SYSCLKSource = RCC_SYSCLKSOURCE_PLLCLK;
 176:Core/Src/main.c ****   RCC_ClkInitStruct.SYSCLKDivider = RCC_SYSCLK_DIV1;
 177:Core/Src/main.c ****   RCC_ClkInitStruct.AHBCLKDivider = RCC_HCLK_DIV2;
 178:Core/Src/main.c ****   RCC_ClkInitStruct.APB3CLKDivider = RCC_APB3_DIV2;
 179:Core/Src/main.c ****   RCC_ClkInitStruct.APB1CLKDivider = RCC_APB1_DIV2;
 180:Core/Src/main.c ****   RCC_ClkInitStruct.APB2CLKDivider = RCC_APB2_DIV2;
 181:Core/Src/main.c ****   RCC_ClkInitStruct.APB4CLKDivider = RCC_APB4_DIV2;
 182:Core/Src/main.c **** 
 183:Core/Src/main.c ****   if (HAL_RCC_ClockConfig(&RCC_ClkInitStruct, FLASH_LATENCY_3) != HAL_OK)
 184:Core/Src/main.c ****   {
 185:Core/Src/main.c ****     Error_Handler();
 186:Core/Src/main.c ****   }
 187:Core/Src/main.c **** }
 188:Core/Src/main.c **** 
 189:Core/Src/main.c **** /* USER CODE BEGIN 4 */
 190:Core/Src/main.c **** 
 191:Core/Src/main.c **** /* USER CODE END 4 */
 192:Core/Src/main.c **** 
 193:Core/Src/main.c ****  /* MPU Configuration */
 194:Core/Src/main.c **** 
 195:Core/Src/main.c **** void MPU_Config(void)
 196:Core/Src/main.c **** {
  27              		.loc 1 196 1 view -0
  28              		.cfi_startproc
  29              		@ args = 0, pretend = 0, frame = 16
  30              		@ frame_needed = 0, uses_anonymous_args = 0
  31 0000 30B5     		push	{r4, r5, lr}
  32              	.LCFI0:
  33              		.cfi_def_cfa_offset 12
ARM GAS  C:\Users\11464\AppData\Local\Temp\cc4Gmxnl.s 			page 5


  34              		.cfi_offset 4, -12
  35              		.cfi_offset 5, -8
  36              		.cfi_offset 14, -4
  37 0002 85B0     		sub	sp, sp, #20
  38              	.LCFI1:
  39              		.cfi_def_cfa_offset 32
 197:Core/Src/main.c ****   MPU_Region_InitTypeDef MPU_InitStruct = {0};
  40              		.loc 1 197 3 view .LVU1
  41              		.loc 1 197 26 is_stmt 0 view .LVU2
  42 0004 0024     		movs	r4, #0
  43 0006 0094     		str	r4, [sp]
  44 0008 0194     		str	r4, [sp, #4]
  45 000a 0294     		str	r4, [sp, #8]
  46 000c 0394     		str	r4, [sp, #12]
 198:Core/Src/main.c **** 
 199:Core/Src/main.c ****   /* Disables the MPU */
 200:Core/Src/main.c ****   HAL_MPU_Disable();
  47              		.loc 1 200 3 is_stmt 1 view .LVU3
  48 000e FFF7FEFF 		bl	HAL_MPU_Disable
  49              	.LVL0:
 201:Core/Src/main.c **** 
 202:Core/Src/main.c ****   /** Initializes and configures the Region and the memory to be protected
 203:Core/Src/main.c ****   */
 204:Core/Src/main.c ****   MPU_InitStruct.Enable = MPU_REGION_ENABLE;
  50              		.loc 1 204 3 view .LVU4
  51              		.loc 1 204 25 is_stmt 0 view .LVU5
  52 0012 0123     		movs	r3, #1
  53 0014 8DF80030 		strb	r3, [sp]
 205:Core/Src/main.c ****   MPU_InitStruct.Number = MPU_REGION_NUMBER0;
  54              		.loc 1 205 3 is_stmt 1 view .LVU6
  55              		.loc 1 205 25 is_stmt 0 view .LVU7
  56 0018 8DF80140 		strb	r4, [sp, #1]
 206:Core/Src/main.c ****   MPU_InitStruct.BaseAddress = 0x0;
  57              		.loc 1 206 3 is_stmt 1 view .LVU8
  58              		.loc 1 206 30 is_stmt 0 view .LVU9
  59 001c 0194     		str	r4, [sp, #4]
 207:Core/Src/main.c ****   MPU_InitStruct.Size = MPU_REGION_SIZE_4GB;
  60              		.loc 1 207 3 is_stmt 1 view .LVU10
  61              		.loc 1 207 23 is_stmt 0 view .LVU11
  62 001e 1F22     		movs	r2, #31
  63 0020 8DF80820 		strb	r2, [sp, #8]
 208:Core/Src/main.c ****   MPU_InitStruct.SubRegionDisable = 0x87;
  64              		.loc 1 208 3 is_stmt 1 view .LVU12
  65              		.loc 1 208 35 is_stmt 0 view .LVU13
  66 0024 8722     		movs	r2, #135
  67 0026 8DF80920 		strb	r2, [sp, #9]
 209:Core/Src/main.c ****   MPU_InitStruct.TypeExtField = MPU_TEX_LEVEL0;
  68              		.loc 1 209 3 is_stmt 1 view .LVU14
  69              		.loc 1 209 31 is_stmt 0 view .LVU15
  70 002a 8DF80A40 		strb	r4, [sp, #10]
 210:Core/Src/main.c ****   MPU_InitStruct.AccessPermission = MPU_REGION_NO_ACCESS;
  71              		.loc 1 210 3 is_stmt 1 view .LVU16
  72              		.loc 1 210 35 is_stmt 0 view .LVU17
  73 002e 8DF80B40 		strb	r4, [sp, #11]
 211:Core/Src/main.c ****   MPU_InitStruct.DisableExec = MPU_INSTRUCTION_ACCESS_DISABLE;
  74              		.loc 1 211 3 is_stmt 1 view .LVU18
  75              		.loc 1 211 30 is_stmt 0 view .LVU19
ARM GAS  C:\Users\11464\AppData\Local\Temp\cc4Gmxnl.s 			page 6


  76 0032 8DF80C30 		strb	r3, [sp, #12]
 212:Core/Src/main.c ****   MPU_InitStruct.IsShareable = MPU_ACCESS_SHAREABLE;
  77              		.loc 1 212 3 is_stmt 1 view .LVU20
  78              		.loc 1 212 30 is_stmt 0 view .LVU21
  79 0036 8DF80D30 		strb	r3, [sp, #13]
 213:Core/Src/main.c ****   MPU_InitStruct.IsCacheable = MPU_ACCESS_NOT_CACHEABLE;
  80              		.loc 1 213 3 is_stmt 1 view .LVU22
  81              		.loc 1 213 30 is_stmt 0 view .LVU23
  82 003a 8DF80E40 		strb	r4, [sp, #14]
 214:Core/Src/main.c ****   MPU_InitStruct.IsBufferable = MPU_ACCESS_NOT_BUFFERABLE;
  83              		.loc 1 214 3 is_stmt 1 view .LVU24
  84              		.loc 1 214 31 is_stmt 0 view .LVU25
  85 003e 8DF80F40 		strb	r4, [sp, #15]
 215:Core/Src/main.c **** 
 216:Core/Src/main.c ****   HAL_MPU_ConfigRegion(&MPU_InitStruct);
  86              		.loc 1 216 3 is_stmt 1 view .LVU26
  87 0042 6846     		mov	r0, sp
  88 0044 FFF7FEFF 		bl	HAL_MPU_ConfigRegion
  89              	.LVL1:
 217:Core/Src/main.c ****   /* Enables the MPU */
 218:Core/Src/main.c ****   HAL_MPU_Enable(MPU_PRIVILEGED_DEFAULT);
  90              		.loc 1 218 3 view .LVU27
  91 0048 0420     		movs	r0, #4
  92 004a FFF7FEFF 		bl	HAL_MPU_Enable
  93              	.LVL2:
 219:Core/Src/main.c **** 
 220:Core/Src/main.c **** }
  94              		.loc 1 220 1 is_stmt 0 view .LVU28
  95 004e 05B0     		add	sp, sp, #20
  96              	.LCFI2:
  97              		.cfi_def_cfa_offset 12
  98              		@ sp needed
  99 0050 30BD     		pop	{r4, r5, pc}
 100              		.cfi_endproc
 101              	.LFE154:
 103              		.section	.text.HAL_TIM_PeriodElapsedCallback,"ax",%progbits
 104              		.align	1
 105              		.global	HAL_TIM_PeriodElapsedCallback
 106              		.syntax unified
 107              		.thumb
 108              		.thumb_func
 110              	HAL_TIM_PeriodElapsedCallback:
 111              	.LVL3:
 112              	.LFB155:
 221:Core/Src/main.c **** 
 222:Core/Src/main.c **** /**
 223:Core/Src/main.c ****   * @brief  Period elapsed callback in non blocking mode
 224:Core/Src/main.c ****   * @note   This function is called  when TIM7 interrupt took place, inside
 225:Core/Src/main.c ****   * HAL_TIM_IRQHandler(). It makes a direct call to HAL_IncTick() to increment
 226:Core/Src/main.c ****   * a global variable "uwTick" used as application time base.
 227:Core/Src/main.c ****   * @param  htim : TIM handle
 228:Core/Src/main.c ****   * @retval None
 229:Core/Src/main.c ****   */
 230:Core/Src/main.c **** void HAL_TIM_PeriodElapsedCallback(TIM_HandleTypeDef *htim)
 231:Core/Src/main.c **** {
 113              		.loc 1 231 1 is_stmt 1 view -0
 114              		.cfi_startproc
ARM GAS  C:\Users\11464\AppData\Local\Temp\cc4Gmxnl.s 			page 7


 115              		@ args = 0, pretend = 0, frame = 0
 116              		@ frame_needed = 0, uses_anonymous_args = 0
 117              		.loc 1 231 1 is_stmt 0 view .LVU30
 118 0000 08B5     		push	{r3, lr}
 119              	.LCFI3:
 120              		.cfi_def_cfa_offset 8
 121              		.cfi_offset 3, -8
 122              		.cfi_offset 14, -4
 232:Core/Src/main.c ****   /* USER CODE BEGIN Callback 0 */
 233:Core/Src/main.c **** 
 234:Core/Src/main.c ****   /* USER CODE END Callback 0 */
 235:Core/Src/main.c ****   if (htim->Instance == TIM7)
 123              		.loc 1 235 3 is_stmt 1 view .LVU31
 124              		.loc 1 235 11 is_stmt 0 view .LVU32
 125 0002 0268     		ldr	r2, [r0]
 126              		.loc 1 235 6 view .LVU33
 127 0004 034B     		ldr	r3, .L7
 128 0006 9A42     		cmp	r2, r3
 129 0008 00D0     		beq	.L6
 130              	.LVL4:
 131              	.L3:
 236:Core/Src/main.c ****   {
 237:Core/Src/main.c ****     HAL_IncTick();
 238:Core/Src/main.c ****   }
 239:Core/Src/main.c ****   /* USER CODE BEGIN Callback 1 */
 240:Core/Src/main.c **** 
 241:Core/Src/main.c ****   /* USER CODE END Callback 1 */
 242:Core/Src/main.c **** }
 132              		.loc 1 242 1 view .LVU34
 133 000a 08BD     		pop	{r3, pc}
 134              	.LVL5:
 135              	.L6:
 237:Core/Src/main.c ****   }
 136              		.loc 1 237 5 is_stmt 1 view .LVU35
 137 000c FFF7FEFF 		bl	HAL_IncTick
 138              	.LVL6:
 139              		.loc 1 242 1 is_stmt 0 view .LVU36
 140 0010 FBE7     		b	.L3
 141              	.L8:
 142 0012 00BF     		.align	2
 143              	.L7:
 144 0014 00140040 		.word	1073746944
 145              		.cfi_endproc
 146              	.LFE155:
 148              		.section	.text.Error_Handler,"ax",%progbits
 149              		.align	1
 150              		.global	Error_Handler
 151              		.syntax unified
 152              		.thumb
 153              		.thumb_func
 155              	Error_Handler:
 156              	.LFB156:
 243:Core/Src/main.c **** 
 244:Core/Src/main.c **** /**
 245:Core/Src/main.c ****   * @brief  This function is executed in case of error occurrence.
 246:Core/Src/main.c ****   * @retval None
 247:Core/Src/main.c ****   */
ARM GAS  C:\Users\11464\AppData\Local\Temp\cc4Gmxnl.s 			page 8


 248:Core/Src/main.c **** void Error_Handler(void)
 249:Core/Src/main.c **** {
 157              		.loc 1 249 1 is_stmt 1 view -0
 158              		.cfi_startproc
 159              		@ Volatile: function does not return.
 160              		@ args = 0, pretend = 0, frame = 0
 161              		@ frame_needed = 0, uses_anonymous_args = 0
 162              		@ link register save eliminated.
 250:Core/Src/main.c ****   /* USER CODE BEGIN Error_Handler_Debug */
 251:Core/Src/main.c ****   /* User can add his own implementation to report the HAL error return state */
 252:Core/Src/main.c ****   __disable_irq();
 163              		.loc 1 252 3 view .LVU38
 164              	.LBB4:
 165              	.LBI4:
 166              		.file 2 "Drivers/CMSIS/Include/cmsis_gcc.h"
   1:Drivers/CMSIS/Include/cmsis_gcc.h **** /**************************************************************************//**
   2:Drivers/CMSIS/Include/cmsis_gcc.h ****  * @file     cmsis_gcc.h
   3:Drivers/CMSIS/Include/cmsis_gcc.h ****  * @brief    CMSIS compiler GCC header file
   4:Drivers/CMSIS/Include/cmsis_gcc.h ****  * @version  V5.2.0
   5:Drivers/CMSIS/Include/cmsis_gcc.h ****  * @date     08. May 2019
   6:Drivers/CMSIS/Include/cmsis_gcc.h ****  ******************************************************************************/
   7:Drivers/CMSIS/Include/cmsis_gcc.h **** /*
   8:Drivers/CMSIS/Include/cmsis_gcc.h ****  * Copyright (c) 2009-2019 Arm Limited. All rights reserved.
   9:Drivers/CMSIS/Include/cmsis_gcc.h ****  *
  10:Drivers/CMSIS/Include/cmsis_gcc.h ****  * SPDX-License-Identifier: Apache-2.0
  11:Drivers/CMSIS/Include/cmsis_gcc.h ****  *
  12:Drivers/CMSIS/Include/cmsis_gcc.h ****  * Licensed under the Apache License, Version 2.0 (the License); you may
  13:Drivers/CMSIS/Include/cmsis_gcc.h ****  * not use this file except in compliance with the License.
  14:Drivers/CMSIS/Include/cmsis_gcc.h ****  * You may obtain a copy of the License at
  15:Drivers/CMSIS/Include/cmsis_gcc.h ****  *
  16:Drivers/CMSIS/Include/cmsis_gcc.h ****  * www.apache.org/licenses/LICENSE-2.0
  17:Drivers/CMSIS/Include/cmsis_gcc.h ****  *
  18:Drivers/CMSIS/Include/cmsis_gcc.h ****  * Unless required by applicable law or agreed to in writing, software
  19:Drivers/CMSIS/Include/cmsis_gcc.h ****  * distributed under the License is distributed on an AS IS BASIS, WITHOUT
  20:Drivers/CMSIS/Include/cmsis_gcc.h ****  * WARRANTIES OR CONDITIONS OF ANY KIND, either express or implied.
  21:Drivers/CMSIS/Include/cmsis_gcc.h ****  * See the License for the specific language governing permissions and
  22:Drivers/CMSIS/Include/cmsis_gcc.h ****  * limitations under the License.
  23:Drivers/CMSIS/Include/cmsis_gcc.h ****  */
  24:Drivers/CMSIS/Include/cmsis_gcc.h **** 
  25:Drivers/CMSIS/Include/cmsis_gcc.h **** #ifndef __CMSIS_GCC_H
  26:Drivers/CMSIS/Include/cmsis_gcc.h **** #define __CMSIS_GCC_H
  27:Drivers/CMSIS/Include/cmsis_gcc.h **** 
  28:Drivers/CMSIS/Include/cmsis_gcc.h **** /* ignore some GCC warnings */
  29:Drivers/CMSIS/Include/cmsis_gcc.h **** #pragma GCC diagnostic push
  30:Drivers/CMSIS/Include/cmsis_gcc.h **** #pragma GCC diagnostic ignored "-Wsign-conversion"
  31:Drivers/CMSIS/Include/cmsis_gcc.h **** #pragma GCC diagnostic ignored "-Wconversion"
  32:Drivers/CMSIS/Include/cmsis_gcc.h **** #pragma GCC diagnostic ignored "-Wunused-parameter"
  33:Drivers/CMSIS/Include/cmsis_gcc.h **** 
  34:Drivers/CMSIS/Include/cmsis_gcc.h **** /* Fallback for __has_builtin */
  35:Drivers/CMSIS/Include/cmsis_gcc.h **** #ifndef __has_builtin
  36:Drivers/CMSIS/Include/cmsis_gcc.h ****   #define __has_builtin(x) (0)
  37:Drivers/CMSIS/Include/cmsis_gcc.h **** #endif
  38:Drivers/CMSIS/Include/cmsis_gcc.h **** 
  39:Drivers/CMSIS/Include/cmsis_gcc.h **** /* CMSIS compiler specific defines */
  40:Drivers/CMSIS/Include/cmsis_gcc.h **** #ifndef   __ASM
  41:Drivers/CMSIS/Include/cmsis_gcc.h ****   #define __ASM                                  __asm
  42:Drivers/CMSIS/Include/cmsis_gcc.h **** #endif
ARM GAS  C:\Users\11464\AppData\Local\Temp\cc4Gmxnl.s 			page 9


  43:Drivers/CMSIS/Include/cmsis_gcc.h **** #ifndef   __INLINE
  44:Drivers/CMSIS/Include/cmsis_gcc.h ****   #define __INLINE                               inline
  45:Drivers/CMSIS/Include/cmsis_gcc.h **** #endif
  46:Drivers/CMSIS/Include/cmsis_gcc.h **** #ifndef   __STATIC_INLINE
  47:Drivers/CMSIS/Include/cmsis_gcc.h ****   #define __STATIC_INLINE                        static inline
  48:Drivers/CMSIS/Include/cmsis_gcc.h **** #endif
  49:Drivers/CMSIS/Include/cmsis_gcc.h **** #ifndef   __STATIC_FORCEINLINE                 
  50:Drivers/CMSIS/Include/cmsis_gcc.h ****   #define __STATIC_FORCEINLINE                   __attribute__((always_inline)) static inline
  51:Drivers/CMSIS/Include/cmsis_gcc.h **** #endif                                           
  52:Drivers/CMSIS/Include/cmsis_gcc.h **** #ifndef   __NO_RETURN
  53:Drivers/CMSIS/Include/cmsis_gcc.h ****   #define __NO_RETURN                            __attribute__((__noreturn__))
  54:Drivers/CMSIS/Include/cmsis_gcc.h **** #endif
  55:Drivers/CMSIS/Include/cmsis_gcc.h **** #ifndef   __USED
  56:Drivers/CMSIS/Include/cmsis_gcc.h ****   #define __USED                                 __attribute__((used))
  57:Drivers/CMSIS/Include/cmsis_gcc.h **** #endif
  58:Drivers/CMSIS/Include/cmsis_gcc.h **** #ifndef   __WEAK
  59:Drivers/CMSIS/Include/cmsis_gcc.h ****   #define __WEAK                                 __attribute__((weak))
  60:Drivers/CMSIS/Include/cmsis_gcc.h **** #endif
  61:Drivers/CMSIS/Include/cmsis_gcc.h **** #ifndef   __PACKED
  62:Drivers/CMSIS/Include/cmsis_gcc.h ****   #define __PACKED                               __attribute__((packed, aligned(1)))
  63:Drivers/CMSIS/Include/cmsis_gcc.h **** #endif
  64:Drivers/CMSIS/Include/cmsis_gcc.h **** #ifndef   __PACKED_STRUCT
  65:Drivers/CMSIS/Include/cmsis_gcc.h ****   #define __PACKED_STRUCT                        struct __attribute__((packed, aligned(1)))
  66:Drivers/CMSIS/Include/cmsis_gcc.h **** #endif
  67:Drivers/CMSIS/Include/cmsis_gcc.h **** #ifndef   __PACKED_UNION
  68:Drivers/CMSIS/Include/cmsis_gcc.h ****   #define __PACKED_UNION                         union __attribute__((packed, aligned(1)))
  69:Drivers/CMSIS/Include/cmsis_gcc.h **** #endif
  70:Drivers/CMSIS/Include/cmsis_gcc.h **** #ifndef   __UNALIGNED_UINT32        /* deprecated */
  71:Drivers/CMSIS/Include/cmsis_gcc.h ****   #pragma GCC diagnostic push
  72:Drivers/CMSIS/Include/cmsis_gcc.h ****   #pragma GCC diagnostic ignored "-Wpacked"
  73:Drivers/CMSIS/Include/cmsis_gcc.h ****   #pragma GCC diagnostic ignored "-Wattributes"
  74:Drivers/CMSIS/Include/cmsis_gcc.h ****   struct __attribute__((packed)) T_UINT32 { uint32_t v; };
  75:Drivers/CMSIS/Include/cmsis_gcc.h ****   #pragma GCC diagnostic pop
  76:Drivers/CMSIS/Include/cmsis_gcc.h ****   #define __UNALIGNED_UINT32(x)                  (((struct T_UINT32 *)(x))->v)
  77:Drivers/CMSIS/Include/cmsis_gcc.h **** #endif
  78:Drivers/CMSIS/Include/cmsis_gcc.h **** #ifndef   __UNALIGNED_UINT16_WRITE
  79:Drivers/CMSIS/Include/cmsis_gcc.h ****   #pragma GCC diagnostic push
  80:Drivers/CMSIS/Include/cmsis_gcc.h ****   #pragma GCC diagnostic ignored "-Wpacked"
  81:Drivers/CMSIS/Include/cmsis_gcc.h ****   #pragma GCC diagnostic ignored "-Wattributes"
  82:Drivers/CMSIS/Include/cmsis_gcc.h ****   __PACKED_STRUCT T_UINT16_WRITE { uint16_t v; };
  83:Drivers/CMSIS/Include/cmsis_gcc.h ****   #pragma GCC diagnostic pop
  84:Drivers/CMSIS/Include/cmsis_gcc.h ****   #define __UNALIGNED_UINT16_WRITE(addr, val)    (void)((((struct T_UINT16_WRITE *)(void *)(addr))-
  85:Drivers/CMSIS/Include/cmsis_gcc.h **** #endif
  86:Drivers/CMSIS/Include/cmsis_gcc.h **** #ifndef   __UNALIGNED_UINT16_READ
  87:Drivers/CMSIS/Include/cmsis_gcc.h ****   #pragma GCC diagnostic push
  88:Drivers/CMSIS/Include/cmsis_gcc.h ****   #pragma GCC diagnostic ignored "-Wpacked"
  89:Drivers/CMSIS/Include/cmsis_gcc.h ****   #pragma GCC diagnostic ignored "-Wattributes"
  90:Drivers/CMSIS/Include/cmsis_gcc.h ****   __PACKED_STRUCT T_UINT16_READ { uint16_t v; };
  91:Drivers/CMSIS/Include/cmsis_gcc.h ****   #pragma GCC diagnostic pop
  92:Drivers/CMSIS/Include/cmsis_gcc.h ****   #define __UNALIGNED_UINT16_READ(addr)          (((const struct T_UINT16_READ *)(const void *)(add
  93:Drivers/CMSIS/Include/cmsis_gcc.h **** #endif
  94:Drivers/CMSIS/Include/cmsis_gcc.h **** #ifndef   __UNALIGNED_UINT32_WRITE
  95:Drivers/CMSIS/Include/cmsis_gcc.h ****   #pragma GCC diagnostic push
  96:Drivers/CMSIS/Include/cmsis_gcc.h ****   #pragma GCC diagnostic ignored "-Wpacked"
  97:Drivers/CMSIS/Include/cmsis_gcc.h ****   #pragma GCC diagnostic ignored "-Wattributes"
  98:Drivers/CMSIS/Include/cmsis_gcc.h ****   __PACKED_STRUCT T_UINT32_WRITE { uint32_t v; };
  99:Drivers/CMSIS/Include/cmsis_gcc.h ****   #pragma GCC diagnostic pop
ARM GAS  C:\Users\11464\AppData\Local\Temp\cc4Gmxnl.s 			page 10


 100:Drivers/CMSIS/Include/cmsis_gcc.h ****   #define __UNALIGNED_UINT32_WRITE(addr, val)    (void)((((struct T_UINT32_WRITE *)(void *)(addr))-
 101:Drivers/CMSIS/Include/cmsis_gcc.h **** #endif
 102:Drivers/CMSIS/Include/cmsis_gcc.h **** #ifndef   __UNALIGNED_UINT32_READ
 103:Drivers/CMSIS/Include/cmsis_gcc.h ****   #pragma GCC diagnostic push
 104:Drivers/CMSIS/Include/cmsis_gcc.h ****   #pragma GCC diagnostic ignored "-Wpacked"
 105:Drivers/CMSIS/Include/cmsis_gcc.h ****   #pragma GCC diagnostic ignored "-Wattributes"
 106:Drivers/CMSIS/Include/cmsis_gcc.h ****   __PACKED_STRUCT T_UINT32_READ { uint32_t v; };
 107:Drivers/CMSIS/Include/cmsis_gcc.h ****   #pragma GCC diagnostic pop
 108:Drivers/CMSIS/Include/cmsis_gcc.h ****   #define __UNALIGNED_UINT32_READ(addr)          (((const struct T_UINT32_READ *)(const void *)(add
 109:Drivers/CMSIS/Include/cmsis_gcc.h **** #endif
 110:Drivers/CMSIS/Include/cmsis_gcc.h **** #ifndef   __ALIGNED
 111:Drivers/CMSIS/Include/cmsis_gcc.h ****   #define __ALIGNED(x)                           __attribute__((aligned(x)))
 112:Drivers/CMSIS/Include/cmsis_gcc.h **** #endif
 113:Drivers/CMSIS/Include/cmsis_gcc.h **** #ifndef   __RESTRICT
 114:Drivers/CMSIS/Include/cmsis_gcc.h ****   #define __RESTRICT                             __restrict
 115:Drivers/CMSIS/Include/cmsis_gcc.h **** #endif
 116:Drivers/CMSIS/Include/cmsis_gcc.h **** #ifndef   __COMPILER_BARRIER
 117:Drivers/CMSIS/Include/cmsis_gcc.h ****   #define __COMPILER_BARRIER()                   __ASM volatile("":::"memory")
 118:Drivers/CMSIS/Include/cmsis_gcc.h **** #endif
 119:Drivers/CMSIS/Include/cmsis_gcc.h **** 
 120:Drivers/CMSIS/Include/cmsis_gcc.h **** /* #########################  Startup and Lowlevel Init  ######################## */
 121:Drivers/CMSIS/Include/cmsis_gcc.h **** 
 122:Drivers/CMSIS/Include/cmsis_gcc.h **** #ifndef __PROGRAM_START
 123:Drivers/CMSIS/Include/cmsis_gcc.h **** 
 124:Drivers/CMSIS/Include/cmsis_gcc.h **** /**
 125:Drivers/CMSIS/Include/cmsis_gcc.h ****   \brief   Initializes data and bss sections
 126:Drivers/CMSIS/Include/cmsis_gcc.h ****   \details This default implementations initialized all data and additional bss
 127:Drivers/CMSIS/Include/cmsis_gcc.h ****            sections relying on .copy.table and .zero.table specified properly
 128:Drivers/CMSIS/Include/cmsis_gcc.h ****            in the used linker script.
 129:Drivers/CMSIS/Include/cmsis_gcc.h ****   
 130:Drivers/CMSIS/Include/cmsis_gcc.h ****  */
 131:Drivers/CMSIS/Include/cmsis_gcc.h **** __STATIC_FORCEINLINE __NO_RETURN void __cmsis_start(void)
 132:Drivers/CMSIS/Include/cmsis_gcc.h **** {
 133:Drivers/CMSIS/Include/cmsis_gcc.h ****   extern void _start(void) __NO_RETURN;
 134:Drivers/CMSIS/Include/cmsis_gcc.h ****   
 135:Drivers/CMSIS/Include/cmsis_gcc.h ****   typedef struct {
 136:Drivers/CMSIS/Include/cmsis_gcc.h ****     uint32_t const* src;
 137:Drivers/CMSIS/Include/cmsis_gcc.h ****     uint32_t* dest;
 138:Drivers/CMSIS/Include/cmsis_gcc.h ****     uint32_t  wlen;
 139:Drivers/CMSIS/Include/cmsis_gcc.h ****   } __copy_table_t;
 140:Drivers/CMSIS/Include/cmsis_gcc.h ****   
 141:Drivers/CMSIS/Include/cmsis_gcc.h ****   typedef struct {
 142:Drivers/CMSIS/Include/cmsis_gcc.h ****     uint32_t* dest;
 143:Drivers/CMSIS/Include/cmsis_gcc.h ****     uint32_t  wlen;
 144:Drivers/CMSIS/Include/cmsis_gcc.h ****   } __zero_table_t;
 145:Drivers/CMSIS/Include/cmsis_gcc.h ****   
 146:Drivers/CMSIS/Include/cmsis_gcc.h ****   extern const __copy_table_t __copy_table_start__;
 147:Drivers/CMSIS/Include/cmsis_gcc.h ****   extern const __copy_table_t __copy_table_end__;
 148:Drivers/CMSIS/Include/cmsis_gcc.h ****   extern const __zero_table_t __zero_table_start__;
 149:Drivers/CMSIS/Include/cmsis_gcc.h ****   extern const __zero_table_t __zero_table_end__;
 150:Drivers/CMSIS/Include/cmsis_gcc.h **** 
 151:Drivers/CMSIS/Include/cmsis_gcc.h ****   for (__copy_table_t const* pTable = &__copy_table_start__; pTable < &__copy_table_end__; ++pTable
 152:Drivers/CMSIS/Include/cmsis_gcc.h ****     for(uint32_t i=0u; i<pTable->wlen; ++i) {
 153:Drivers/CMSIS/Include/cmsis_gcc.h ****       pTable->dest[i] = pTable->src[i];
 154:Drivers/CMSIS/Include/cmsis_gcc.h ****     }
 155:Drivers/CMSIS/Include/cmsis_gcc.h ****   }
 156:Drivers/CMSIS/Include/cmsis_gcc.h ****  
ARM GAS  C:\Users\11464\AppData\Local\Temp\cc4Gmxnl.s 			page 11


 157:Drivers/CMSIS/Include/cmsis_gcc.h ****   for (__zero_table_t const* pTable = &__zero_table_start__; pTable < &__zero_table_end__; ++pTable
 158:Drivers/CMSIS/Include/cmsis_gcc.h ****     for(uint32_t i=0u; i<pTable->wlen; ++i) {
 159:Drivers/CMSIS/Include/cmsis_gcc.h ****       pTable->dest[i] = 0u;
 160:Drivers/CMSIS/Include/cmsis_gcc.h ****     }
 161:Drivers/CMSIS/Include/cmsis_gcc.h ****   }
 162:Drivers/CMSIS/Include/cmsis_gcc.h ****  
 163:Drivers/CMSIS/Include/cmsis_gcc.h ****   _start();
 164:Drivers/CMSIS/Include/cmsis_gcc.h **** }
 165:Drivers/CMSIS/Include/cmsis_gcc.h ****   
 166:Drivers/CMSIS/Include/cmsis_gcc.h **** #define __PROGRAM_START           __cmsis_start
 167:Drivers/CMSIS/Include/cmsis_gcc.h **** #endif
 168:Drivers/CMSIS/Include/cmsis_gcc.h **** 
 169:Drivers/CMSIS/Include/cmsis_gcc.h **** #ifndef __INITIAL_SP
 170:Drivers/CMSIS/Include/cmsis_gcc.h **** #define __INITIAL_SP              __StackTop
 171:Drivers/CMSIS/Include/cmsis_gcc.h **** #endif
 172:Drivers/CMSIS/Include/cmsis_gcc.h **** 
 173:Drivers/CMSIS/Include/cmsis_gcc.h **** #ifndef __STACK_LIMIT
 174:Drivers/CMSIS/Include/cmsis_gcc.h **** #define __STACK_LIMIT             __StackLimit
 175:Drivers/CMSIS/Include/cmsis_gcc.h **** #endif
 176:Drivers/CMSIS/Include/cmsis_gcc.h **** 
 177:Drivers/CMSIS/Include/cmsis_gcc.h **** #ifndef __VECTOR_TABLE
 178:Drivers/CMSIS/Include/cmsis_gcc.h **** #define __VECTOR_TABLE            __Vectors
 179:Drivers/CMSIS/Include/cmsis_gcc.h **** #endif
 180:Drivers/CMSIS/Include/cmsis_gcc.h **** 
 181:Drivers/CMSIS/Include/cmsis_gcc.h **** #ifndef __VECTOR_TABLE_ATTRIBUTE
 182:Drivers/CMSIS/Include/cmsis_gcc.h **** #define __VECTOR_TABLE_ATTRIBUTE  __attribute((used, section(".vectors")))
 183:Drivers/CMSIS/Include/cmsis_gcc.h **** #endif
 184:Drivers/CMSIS/Include/cmsis_gcc.h **** 
 185:Drivers/CMSIS/Include/cmsis_gcc.h **** /* ###########################  Core Function Access  ########################### */
 186:Drivers/CMSIS/Include/cmsis_gcc.h **** /** \ingroup  CMSIS_Core_FunctionInterface
 187:Drivers/CMSIS/Include/cmsis_gcc.h ****     \defgroup CMSIS_Core_RegAccFunctions CMSIS Core Register Access Functions
 188:Drivers/CMSIS/Include/cmsis_gcc.h ****   @{
 189:Drivers/CMSIS/Include/cmsis_gcc.h ****  */
 190:Drivers/CMSIS/Include/cmsis_gcc.h **** 
 191:Drivers/CMSIS/Include/cmsis_gcc.h **** /**
 192:Drivers/CMSIS/Include/cmsis_gcc.h ****   \brief   Enable IRQ Interrupts
 193:Drivers/CMSIS/Include/cmsis_gcc.h ****   \details Enables IRQ interrupts by clearing the I-bit in the CPSR.
 194:Drivers/CMSIS/Include/cmsis_gcc.h ****            Can only be executed in Privileged modes.
 195:Drivers/CMSIS/Include/cmsis_gcc.h ****  */
 196:Drivers/CMSIS/Include/cmsis_gcc.h **** __STATIC_FORCEINLINE void __enable_irq(void)
 197:Drivers/CMSIS/Include/cmsis_gcc.h **** {
 198:Drivers/CMSIS/Include/cmsis_gcc.h ****   __ASM volatile ("cpsie i" : : : "memory");
 199:Drivers/CMSIS/Include/cmsis_gcc.h **** }
 200:Drivers/CMSIS/Include/cmsis_gcc.h **** 
 201:Drivers/CMSIS/Include/cmsis_gcc.h **** 
 202:Drivers/CMSIS/Include/cmsis_gcc.h **** /**
 203:Drivers/CMSIS/Include/cmsis_gcc.h ****   \brief   Disable IRQ Interrupts
 204:Drivers/CMSIS/Include/cmsis_gcc.h ****   \details Disables IRQ interrupts by setting the I-bit in the CPSR.
 205:Drivers/CMSIS/Include/cmsis_gcc.h ****            Can only be executed in Privileged modes.
 206:Drivers/CMSIS/Include/cmsis_gcc.h ****  */
 207:Drivers/CMSIS/Include/cmsis_gcc.h **** __STATIC_FORCEINLINE void __disable_irq(void)
 167              		.loc 2 207 27 view .LVU39
 168              	.LBB5:
 208:Drivers/CMSIS/Include/cmsis_gcc.h **** {
 209:Drivers/CMSIS/Include/cmsis_gcc.h ****   __ASM volatile ("cpsid i" : : : "memory");
 169              		.loc 2 209 3 view .LVU40
 170              		.syntax unified
ARM GAS  C:\Users\11464\AppData\Local\Temp\cc4Gmxnl.s 			page 12


 171              	@ 209 "Drivers/CMSIS/Include/cmsis_gcc.h" 1
 172 0000 72B6     		cpsid i
 173              	@ 0 "" 2
 174              		.thumb
 175              		.syntax unified
 176              	.L10:
 177              	.LBE5:
 178              	.LBE4:
 253:Core/Src/main.c ****   while (1)
 179              		.loc 1 253 3 view .LVU41
 254:Core/Src/main.c ****   {
 255:Core/Src/main.c ****   }
 180              		.loc 1 255 3 view .LVU42
 253:Core/Src/main.c ****   while (1)
 181              		.loc 1 253 9 view .LVU43
 182 0002 FEE7     		b	.L10
 183              		.cfi_endproc
 184              	.LFE156:
 186              		.section	.text.SystemClock_Config,"ax",%progbits
 187              		.align	1
 188              		.global	SystemClock_Config
 189              		.syntax unified
 190              		.thumb
 191              		.thumb_func
 193              	SystemClock_Config:
 194              	.LFB153:
 136:Core/Src/main.c ****   RCC_OscInitTypeDef RCC_OscInitStruct = {0};
 195              		.loc 1 136 1 view -0
 196              		.cfi_startproc
 197              		@ args = 0, pretend = 0, frame = 112
 198              		@ frame_needed = 0, uses_anonymous_args = 0
 199 0000 00B5     		push	{lr}
 200              	.LCFI4:
 201              		.cfi_def_cfa_offset 4
 202              		.cfi_offset 14, -4
 203 0002 9DB0     		sub	sp, sp, #116
 204              	.LCFI5:
 205              		.cfi_def_cfa_offset 120
 137:Core/Src/main.c ****   RCC_ClkInitTypeDef RCC_ClkInitStruct = {0};
 206              		.loc 1 137 3 view .LVU45
 137:Core/Src/main.c ****   RCC_ClkInitTypeDef RCC_ClkInitStruct = {0};
 207              		.loc 1 137 22 is_stmt 0 view .LVU46
 208 0004 4C22     		movs	r2, #76
 209 0006 0021     		movs	r1, #0
 210 0008 09A8     		add	r0, sp, #36
 211 000a FFF7FEFF 		bl	memset
 212              	.LVL7:
 138:Core/Src/main.c **** 
 213              		.loc 1 138 3 is_stmt 1 view .LVU47
 138:Core/Src/main.c **** 
 214              		.loc 1 138 22 is_stmt 0 view .LVU48
 215 000e 2022     		movs	r2, #32
 216 0010 0021     		movs	r1, #0
 217 0012 01A8     		add	r0, sp, #4
 218 0014 FFF7FEFF 		bl	memset
 219              	.LVL8:
 142:Core/Src/main.c **** 
ARM GAS  C:\Users\11464\AppData\Local\Temp\cc4Gmxnl.s 			page 13


 220              		.loc 1 142 3 is_stmt 1 view .LVU49
 221 0018 0220     		movs	r0, #2
 222 001a FFF7FEFF 		bl	HAL_PWREx_ConfigSupply
 223              	.LVL9:
 146:Core/Src/main.c **** 
 224              		.loc 1 146 3 view .LVU50
 225              	.LBB6:
 146:Core/Src/main.c **** 
 226              		.loc 1 146 3 view .LVU51
 227 001e 0023     		movs	r3, #0
 228 0020 0093     		str	r3, [sp]
 146:Core/Src/main.c **** 
 229              		.loc 1 146 3 view .LVU52
 230 0022 1F4B     		ldr	r3, .L18
 231 0024 9A69     		ldr	r2, [r3, #24]
 232 0026 22F44042 		bic	r2, r2, #49152
 233 002a 9A61     		str	r2, [r3, #24]
 146:Core/Src/main.c **** 
 234              		.loc 1 146 3 view .LVU53
 235 002c 9B69     		ldr	r3, [r3, #24]
 236 002e 03F44043 		and	r3, r3, #49152
 237 0032 0093     		str	r3, [sp]
 146:Core/Src/main.c **** 
 238              		.loc 1 146 3 view .LVU54
 239 0034 009B     		ldr	r3, [sp]
 240              	.LBE6:
 146:Core/Src/main.c **** 
 241              		.loc 1 146 3 view .LVU55
 148:Core/Src/main.c **** 
 242              		.loc 1 148 3 view .LVU56
 243              	.L12:
 148:Core/Src/main.c **** 
 244              		.loc 1 148 48 discriminator 1 view .LVU57
 148:Core/Src/main.c **** 
 245              		.loc 1 148 9 discriminator 1 view .LVU58
 148:Core/Src/main.c **** 
 246              		.loc 1 148 10 is_stmt 0 discriminator 1 view .LVU59
 247 0036 1A4B     		ldr	r3, .L18
 248 0038 9B69     		ldr	r3, [r3, #24]
 148:Core/Src/main.c **** 
 249              		.loc 1 148 9 discriminator 1 view .LVU60
 250 003a 13F4005F 		tst	r3, #8192
 251 003e FAD0     		beq	.L12
 153:Core/Src/main.c ****   RCC_OscInitStruct.HSEState = RCC_HSE_ON;
 252              		.loc 1 153 3 is_stmt 1 view .LVU61
 153:Core/Src/main.c ****   RCC_OscInitStruct.HSEState = RCC_HSE_ON;
 253              		.loc 1 153 36 is_stmt 0 view .LVU62
 254 0040 0122     		movs	r2, #1
 255 0042 0992     		str	r2, [sp, #36]
 154:Core/Src/main.c ****   RCC_OscInitStruct.PLL.PLLState = RCC_PLL_ON;
 256              		.loc 1 154 3 is_stmt 1 view .LVU63
 154:Core/Src/main.c ****   RCC_OscInitStruct.PLL.PLLState = RCC_PLL_ON;
 257              		.loc 1 154 30 is_stmt 0 view .LVU64
 258 0044 4FF48033 		mov	r3, #65536
 259 0048 0A93     		str	r3, [sp, #40]
 155:Core/Src/main.c ****   RCC_OscInitStruct.PLL.PLLSource = RCC_PLLSOURCE_HSE;
 260              		.loc 1 155 3 is_stmt 1 view .LVU65
ARM GAS  C:\Users\11464\AppData\Local\Temp\cc4Gmxnl.s 			page 14


 155:Core/Src/main.c ****   RCC_OscInitStruct.PLL.PLLSource = RCC_PLLSOURCE_HSE;
 261              		.loc 1 155 34 is_stmt 0 view .LVU66
 262 004a 0223     		movs	r3, #2
 263 004c 1293     		str	r3, [sp, #72]
 156:Core/Src/main.c ****   RCC_OscInitStruct.PLL.PLLM = 2;
 264              		.loc 1 156 3 is_stmt 1 view .LVU67
 156:Core/Src/main.c ****   RCC_OscInitStruct.PLL.PLLM = 2;
 265              		.loc 1 156 35 is_stmt 0 view .LVU68
 266 004e 1393     		str	r3, [sp, #76]
 157:Core/Src/main.c ****   RCC_OscInitStruct.PLL.PLLN = 40;
 267              		.loc 1 157 3 is_stmt 1 view .LVU69
 157:Core/Src/main.c ****   RCC_OscInitStruct.PLL.PLLN = 40;
 268              		.loc 1 157 30 is_stmt 0 view .LVU70
 269 0050 1493     		str	r3, [sp, #80]
 158:Core/Src/main.c ****   RCC_OscInitStruct.PLL.PLLP = 1;
 270              		.loc 1 158 3 is_stmt 1 view .LVU71
 158:Core/Src/main.c ****   RCC_OscInitStruct.PLL.PLLP = 1;
 271              		.loc 1 158 30 is_stmt 0 view .LVU72
 272 0052 2821     		movs	r1, #40
 273 0054 1591     		str	r1, [sp, #84]
 159:Core/Src/main.c ****   RCC_OscInitStruct.PLL.PLLQ = 4;
 274              		.loc 1 159 3 is_stmt 1 view .LVU73
 159:Core/Src/main.c ****   RCC_OscInitStruct.PLL.PLLQ = 4;
 275              		.loc 1 159 30 is_stmt 0 view .LVU74
 276 0056 1692     		str	r2, [sp, #88]
 160:Core/Src/main.c ****   RCC_OscInitStruct.PLL.PLLR = 2;
 277              		.loc 1 160 3 is_stmt 1 view .LVU75
 160:Core/Src/main.c ****   RCC_OscInitStruct.PLL.PLLR = 2;
 278              		.loc 1 160 30 is_stmt 0 view .LVU76
 279 0058 0422     		movs	r2, #4
 280 005a 1792     		str	r2, [sp, #92]
 161:Core/Src/main.c ****   RCC_OscInitStruct.PLL.PLLRGE = RCC_PLL1VCIRANGE_3;
 281              		.loc 1 161 3 is_stmt 1 view .LVU77
 161:Core/Src/main.c ****   RCC_OscInitStruct.PLL.PLLRGE = RCC_PLL1VCIRANGE_3;
 282              		.loc 1 161 30 is_stmt 0 view .LVU78
 283 005c 1893     		str	r3, [sp, #96]
 162:Core/Src/main.c ****   RCC_OscInitStruct.PLL.PLLVCOSEL = RCC_PLL1VCOWIDE;
 284              		.loc 1 162 3 is_stmt 1 view .LVU79
 162:Core/Src/main.c ****   RCC_OscInitStruct.PLL.PLLVCOSEL = RCC_PLL1VCOWIDE;
 285              		.loc 1 162 32 is_stmt 0 view .LVU80
 286 005e 0C23     		movs	r3, #12
 287 0060 1993     		str	r3, [sp, #100]
 163:Core/Src/main.c ****   RCC_OscInitStruct.PLL.PLLFRACN = 0;
 288              		.loc 1 163 3 is_stmt 1 view .LVU81
 163:Core/Src/main.c ****   RCC_OscInitStruct.PLL.PLLFRACN = 0;
 289              		.loc 1 163 35 is_stmt 0 view .LVU82
 290 0062 0023     		movs	r3, #0
 291 0064 1A93     		str	r3, [sp, #104]
 164:Core/Src/main.c ****   if (HAL_RCC_OscConfig(&RCC_OscInitStruct) != HAL_OK)
 292              		.loc 1 164 3 is_stmt 1 view .LVU83
 164:Core/Src/main.c ****   if (HAL_RCC_OscConfig(&RCC_OscInitStruct) != HAL_OK)
 293              		.loc 1 164 34 is_stmt 0 view .LVU84
 294 0066 1B93     		str	r3, [sp, #108]
 165:Core/Src/main.c ****   {
 295              		.loc 1 165 3 is_stmt 1 view .LVU85
 165:Core/Src/main.c ****   {
 296              		.loc 1 165 7 is_stmt 0 view .LVU86
ARM GAS  C:\Users\11464\AppData\Local\Temp\cc4Gmxnl.s 			page 15


 297 0068 09A8     		add	r0, sp, #36
 298 006a FFF7FEFF 		bl	HAL_RCC_OscConfig
 299              	.LVL10:
 165:Core/Src/main.c ****   {
 300              		.loc 1 165 6 discriminator 1 view .LVU87
 301 006e 98B9     		cbnz	r0, .L16
 172:Core/Src/main.c ****                               |RCC_CLOCKTYPE_PCLK1|RCC_CLOCKTYPE_PCLK2
 302              		.loc 1 172 3 is_stmt 1 view .LVU88
 172:Core/Src/main.c ****                               |RCC_CLOCKTYPE_PCLK1|RCC_CLOCKTYPE_PCLK2
 303              		.loc 1 172 31 is_stmt 0 view .LVU89
 304 0070 3F23     		movs	r3, #63
 305 0072 0193     		str	r3, [sp, #4]
 175:Core/Src/main.c ****   RCC_ClkInitStruct.SYSCLKDivider = RCC_SYSCLK_DIV1;
 306              		.loc 1 175 3 is_stmt 1 view .LVU90
 175:Core/Src/main.c ****   RCC_ClkInitStruct.SYSCLKDivider = RCC_SYSCLK_DIV1;
 307              		.loc 1 175 34 is_stmt 0 view .LVU91
 308 0074 0321     		movs	r1, #3
 309 0076 0291     		str	r1, [sp, #8]
 176:Core/Src/main.c ****   RCC_ClkInitStruct.AHBCLKDivider = RCC_HCLK_DIV2;
 310              		.loc 1 176 3 is_stmt 1 view .LVU92
 176:Core/Src/main.c ****   RCC_ClkInitStruct.AHBCLKDivider = RCC_HCLK_DIV2;
 311              		.loc 1 176 35 is_stmt 0 view .LVU93
 312 0078 0390     		str	r0, [sp, #12]
 177:Core/Src/main.c ****   RCC_ClkInitStruct.APB3CLKDivider = RCC_APB3_DIV2;
 313              		.loc 1 177 3 is_stmt 1 view .LVU94
 177:Core/Src/main.c ****   RCC_ClkInitStruct.APB3CLKDivider = RCC_APB3_DIV2;
 314              		.loc 1 177 35 is_stmt 0 view .LVU95
 315 007a 0823     		movs	r3, #8
 316 007c 0493     		str	r3, [sp, #16]
 178:Core/Src/main.c ****   RCC_ClkInitStruct.APB1CLKDivider = RCC_APB1_DIV2;
 317              		.loc 1 178 3 is_stmt 1 view .LVU96
 178:Core/Src/main.c ****   RCC_ClkInitStruct.APB1CLKDivider = RCC_APB1_DIV2;
 318              		.loc 1 178 36 is_stmt 0 view .LVU97
 319 007e 4023     		movs	r3, #64
 320 0080 0593     		str	r3, [sp, #20]
 179:Core/Src/main.c ****   RCC_ClkInitStruct.APB2CLKDivider = RCC_APB2_DIV2;
 321              		.loc 1 179 3 is_stmt 1 view .LVU98
 179:Core/Src/main.c ****   RCC_ClkInitStruct.APB2CLKDivider = RCC_APB2_DIV2;
 322              		.loc 1 179 36 is_stmt 0 view .LVU99
 323 0082 0693     		str	r3, [sp, #24]
 180:Core/Src/main.c ****   RCC_ClkInitStruct.APB4CLKDivider = RCC_APB4_DIV2;
 324              		.loc 1 180 3 is_stmt 1 view .LVU100
 180:Core/Src/main.c ****   RCC_ClkInitStruct.APB4CLKDivider = RCC_APB4_DIV2;
 325              		.loc 1 180 36 is_stmt 0 view .LVU101
 326 0084 4FF48062 		mov	r2, #1024
 327 0088 0792     		str	r2, [sp, #28]
 181:Core/Src/main.c **** 
 328              		.loc 1 181 3 is_stmt 1 view .LVU102
 181:Core/Src/main.c **** 
 329              		.loc 1 181 36 is_stmt 0 view .LVU103
 330 008a 0893     		str	r3, [sp, #32]
 183:Core/Src/main.c ****   {
 331              		.loc 1 183 3 is_stmt 1 view .LVU104
 183:Core/Src/main.c ****   {
 332              		.loc 1 183 7 is_stmt 0 view .LVU105
 333 008c 01A8     		add	r0, sp, #4
 334 008e FFF7FEFF 		bl	HAL_RCC_ClockConfig
ARM GAS  C:\Users\11464\AppData\Local\Temp\cc4Gmxnl.s 			page 16


 335              	.LVL11:
 183:Core/Src/main.c ****   {
 336              		.loc 1 183 6 discriminator 1 view .LVU106
 337 0092 18B9     		cbnz	r0, .L17
 187:Core/Src/main.c **** 
 338              		.loc 1 187 1 view .LVU107
 339 0094 1DB0     		add	sp, sp, #116
 340              	.LCFI6:
 341              		.cfi_remember_state
 342              		.cfi_def_cfa_offset 4
 343              		@ sp needed
 344 0096 00BD     		pop	{pc}
 345              	.L16:
 346              	.LCFI7:
 347              		.cfi_restore_state
 167:Core/Src/main.c ****   }
 348              		.loc 1 167 5 is_stmt 1 view .LVU108
 349 0098 FFF7FEFF 		bl	Error_Handler
 350              	.LVL12:
 351              	.L17:
 185:Core/Src/main.c ****   }
 352              		.loc 1 185 5 view .LVU109
 353 009c FFF7FEFF 		bl	Error_Handler
 354              	.LVL13:
 355              	.L19:
 356              		.align	2
 357              	.L18:
 358 00a0 00480258 		.word	1476544512
 359              		.cfi_endproc
 360              	.LFE153:
 362              		.section	.text.main,"ax",%progbits
 363              		.align	1
 364              		.global	main
 365              		.syntax unified
 366              		.thumb
 367              		.thumb_func
 369              	main:
 370              	.LFB152:
  74:Core/Src/main.c **** 
 371              		.loc 1 74 1 view -0
 372              		.cfi_startproc
 373              		@ Volatile: function does not return.
 374              		@ args = 0, pretend = 0, frame = 0
 375              		@ frame_needed = 0, uses_anonymous_args = 0
 376 0000 08B5     		push	{r3, lr}
 377              	.LCFI8:
 378              		.cfi_def_cfa_offset 8
 379              		.cfi_offset 3, -8
 380              		.cfi_offset 14, -4
  81:Core/Src/main.c **** 
 381              		.loc 1 81 3 view .LVU111
 382 0002 FFF7FEFF 		bl	MPU_Config
 383              	.LVL14:
  86:Core/Src/main.c **** 
 384              		.loc 1 86 3 view .LVU112
 385 0006 FFF7FEFF 		bl	HAL_Init
 386              	.LVL15:
ARM GAS  C:\Users\11464\AppData\Local\Temp\cc4Gmxnl.s 			page 17


  93:Core/Src/main.c **** 
 387              		.loc 1 93 3 view .LVU113
 388 000a FFF7FEFF 		bl	SystemClock_Config
 389              	.LVL16:
 100:Core/Src/main.c ****   MX_DMA_Init();
 390              		.loc 1 100 3 view .LVU114
 391 000e FFF7FEFF 		bl	MX_GPIO_Init
 392              	.LVL17:
 101:Core/Src/main.c ****   MX_SPI2_Init();
 393              		.loc 1 101 3 view .LVU115
 394 0012 FFF7FEFF 		bl	MX_DMA_Init
 395              	.LVL18:
 102:Core/Src/main.c ****   MX_USART1_UART_Init();
 396              		.loc 1 102 3 view .LVU116
 397 0016 FFF7FEFF 		bl	MX_SPI2_Init
 398              	.LVL19:
 103:Core/Src/main.c ****   MX_TIM3_Init();
 399              		.loc 1 103 3 view .LVU117
 400 001a FFF7FEFF 		bl	MX_USART1_UART_Init
 401              	.LVL20:
 104:Core/Src/main.c ****   /* USER CODE BEGIN 2 */
 402              		.loc 1 104 3 view .LVU118
 403 001e FFF7FEFF 		bl	MX_TIM3_Init
 404              	.LVL21:
 110:Core/Src/main.c **** 
 405              		.loc 1 110 3 view .LVU119
 406 0022 FFF7FEFF 		bl	osKernelInitialize
 407              	.LVL22:
 113:Core/Src/main.c **** 
 408              		.loc 1 113 3 view .LVU120
 409 0026 FFF7FEFF 		bl	MX_FREERTOS_Init
 410              	.LVL23:
 116:Core/Src/main.c **** 
 411              		.loc 1 116 3 view .LVU121
 412 002a FFF7FEFF 		bl	osKernelStart
 413              	.LVL24:
 414              	.L21:
 122:Core/Src/main.c ****   {
 415              		.loc 1 122 3 view .LVU122
 127:Core/Src/main.c ****   /* USER CODE END 3 */
 416              		.loc 1 127 3 view .LVU123
 122:Core/Src/main.c ****   {
 417              		.loc 1 122 9 view .LVU124
 418 002e FEE7     		b	.L21
 419              		.cfi_endproc
 420              	.LFE152:
 422              		.text
 423              	.Letext0:
 424              		.file 3 "D:/ec_env/arm-gnu-toolchain/arm-none-eabi/include/machine/_default_types.h"
 425              		.file 4 "D:/ec_env/arm-gnu-toolchain/arm-none-eabi/include/sys/_stdint.h"
 426              		.file 5 "Drivers/CMSIS/Device/ST/STM32H7xx/Include/stm32h723xx.h"
 427              		.file 6 "Drivers/STM32H7xx_HAL_Driver/Inc/stm32h7xx_hal_def.h"
 428              		.file 7 "Drivers/STM32H7xx_HAL_Driver/Inc/stm32h7xx_hal_rcc.h"
 429              		.file 8 "Drivers/STM32H7xx_HAL_Driver/Inc/stm32h7xx_hal_dma.h"
 430              		.file 9 "Drivers/STM32H7xx_HAL_Driver/Inc/stm32h7xx_hal_cortex.h"
 431              		.file 10 "Drivers/STM32H7xx_HAL_Driver/Inc/stm32h7xx_hal_tim.h"
 432              		.file 11 "Middlewares/Third_Party/FreeRTOS/Source/CMSIS_RTOS_V2/cmsis_os2.h"
ARM GAS  C:\Users\11464\AppData\Local\Temp\cc4Gmxnl.s 			page 18


 433              		.file 12 "Drivers/STM32H7xx_HAL_Driver/Inc/stm32h7xx_hal_pwr_ex.h"
 434              		.file 13 "Drivers/STM32H7xx_HAL_Driver/Inc/stm32h7xx_hal.h"
 435              		.file 14 "Core/Inc/tim.h"
 436              		.file 15 "Core/Inc/usart.h"
 437              		.file 16 "Core/Inc/spi.h"
 438              		.file 17 "Core/Inc/dma.h"
 439              		.file 18 "Core/Inc/gpio.h"
 440              		.file 19 "<built-in>"
ARM GAS  C:\Users\11464\AppData\Local\Temp\cc4Gmxnl.s 			page 19


DEFINED SYMBOLS
                            *ABS*:00000000 main.c
C:\Users\11464\AppData\Local\Temp\cc4Gmxnl.s:20     .text.MPU_Config:00000000 $t
C:\Users\11464\AppData\Local\Temp\cc4Gmxnl.s:25     .text.MPU_Config:00000000 MPU_Config
C:\Users\11464\AppData\Local\Temp\cc4Gmxnl.s:104    .text.HAL_TIM_PeriodElapsedCallback:00000000 $t
C:\Users\11464\AppData\Local\Temp\cc4Gmxnl.s:110    .text.HAL_TIM_PeriodElapsedCallback:00000000 HAL_TIM_PeriodElapsedCallback
C:\Users\11464\AppData\Local\Temp\cc4Gmxnl.s:144    .text.HAL_TIM_PeriodElapsedCallback:00000014 $d
C:\Users\11464\AppData\Local\Temp\cc4Gmxnl.s:149    .text.Error_Handler:00000000 $t
C:\Users\11464\AppData\Local\Temp\cc4Gmxnl.s:155    .text.Error_Handler:00000000 Error_Handler
C:\Users\11464\AppData\Local\Temp\cc4Gmxnl.s:187    .text.SystemClock_Config:00000000 $t
C:\Users\11464\AppData\Local\Temp\cc4Gmxnl.s:193    .text.SystemClock_Config:00000000 SystemClock_Config
C:\Users\11464\AppData\Local\Temp\cc4Gmxnl.s:358    .text.SystemClock_Config:000000a0 $d
C:\Users\11464\AppData\Local\Temp\cc4Gmxnl.s:363    .text.main:00000000 $t
C:\Users\11464\AppData\Local\Temp\cc4Gmxnl.s:369    .text.main:00000000 main

UNDEFINED SYMBOLS
HAL_MPU_Disable
HAL_MPU_ConfigRegion
HAL_MPU_Enable
HAL_IncTick
memset
HAL_PWREx_ConfigSupply
HAL_RCC_OscConfig
HAL_RCC_ClockConfig
HAL_Init
MX_GPIO_Init
MX_DMA_Init
MX_SPI2_Init
MX_USART1_UART_Init
MX_TIM3_Init
osKernelInitialize
MX_FREERTOS_Init
osKernelStart
