ARM GAS  C:\Users\11464\AppData\Local\Temp\ccT7xx0M.s 			page 1


   1              		.cpu cortex-m7
   2              		.arch armv7e-m
   3              		.fpu fpv5-d16
   4              		.eabi_attribute 28, 1
   5              		.eabi_attribute 20, 1
   6              		.eabi_attribute 21, 1
   7              		.eabi_attribute 23, 3
   8              		.eabi_attribute 24, 1
   9              		.eabi_attribute 25, 1
  10              		.eabi_attribute 26, 1
  11              		.eabi_attribute 30, 1
  12              		.eabi_attribute 34, 1
  13              		.eabi_attribute 18, 4
  14              		.file	"pid.c"
  15              		.text
  16              	.Ltext0:
  17              		.cfi_sections	.debug_frame
  18              		.file 1 "Algorithms/Control/pid.c"
  19              		.section	.text.PID_init,"ax",%progbits
  20              		.align	1
  21              		.global	PID_init
  22              		.syntax unified
  23              		.thumb
  24              		.thumb_func
  26              	PID_init:
  27              	.LVL0:
  28              	.LFB144:
   1:Algorithms/Control/pid.c **** /**
   2:Algorithms/Control/pid.c ****   ****************************(C) COPYRIGHT 2019 DJI****************************
   3:Algorithms/Control/pid.c ****   * @file       pid.c/h
   4:Algorithms/Control/pid.c ****   * @brief      pid实现函数，包括初始化，PID计算函数，
   5:Algorithms/Control/pid.c ****   * @note       
   6:Algorithms/Control/pid.c ****   * @history
   7:Algorithms/Control/pid.c ****   *  Version    Date            Author          Modification
   8:Algorithms/Control/pid.c ****   *  V1.0.0     Dec-26-2018     RM              1. 完成
   9:Algorithms/Control/pid.c ****   *
  10:Algorithms/Control/pid.c ****   @verbatim
  11:Algorithms/Control/pid.c ****   ==============================================================================
  12:Algorithms/Control/pid.c **** 
  13:Algorithms/Control/pid.c ****   ==============================================================================
  14:Algorithms/Control/pid.c ****   @endverbatim
  15:Algorithms/Control/pid.c ****   ****************************(C) COPYRIGHT 2019 DJI****************************
  16:Algorithms/Control/pid.c ****   */
  17:Algorithms/Control/pid.c **** 
  18:Algorithms/Control/pid.c **** #include "pid.h"
  19:Algorithms/Control/pid.c **** #include "main.h"
  20:Algorithms/Control/pid.c **** #include "stdlib.h"
  21:Algorithms/Control/pid.c **** 
  22:Algorithms/Control/pid.c **** #define LimitMax(input, max)   \
  23:Algorithms/Control/pid.c ****     {                          \
  24:Algorithms/Control/pid.c ****         if (input > max)       \
  25:Algorithms/Control/pid.c ****         {                      \
  26:Algorithms/Control/pid.c ****             input = max;       \
  27:Algorithms/Control/pid.c ****         }                      \
  28:Algorithms/Control/pid.c ****         else if (input < -max) \
  29:Algorithms/Control/pid.c ****         {                      \
  30:Algorithms/Control/pid.c ****             input = -max;      \
ARM GAS  C:\Users\11464\AppData\Local\Temp\ccT7xx0M.s 			page 2


  31:Algorithms/Control/pid.c ****         }                      \
  32:Algorithms/Control/pid.c ****     }
  33:Algorithms/Control/pid.c **** 
  34:Algorithms/Control/pid.c **** /**
  35:Algorithms/Control/pid.c ****   * @brief          pid struct data init
  36:Algorithms/Control/pid.c ****   * @param[out]     pid: PID struct data point
  37:Algorithms/Control/pid.c ****   * @param[in]      mode: PID_POSITION: normal pid
  38:Algorithms/Control/pid.c ****   *                 PID_DELTA: delta pid
  39:Algorithms/Control/pid.c ****   * @param[in]      PID: 0: kp, 1: ki, 2:kd
  40:Algorithms/Control/pid.c ****   * @param[in]      max_out: pid max out
  41:Algorithms/Control/pid.c ****   * @param[in]      max_iout: pid max iout
  42:Algorithms/Control/pid.c ****   * @retval         none
  43:Algorithms/Control/pid.c ****   */
  44:Algorithms/Control/pid.c **** /**
  45:Algorithms/Control/pid.c ****   * @brief          pid struct data init
  46:Algorithms/Control/pid.c ****   * @param[out]     pid: PID结构数据指针
  47:Algorithms/Control/pid.c ****   * @param[in]      mode: PID_POSITION:普通PID
  48:Algorithms/Control/pid.c ****   *                 PID_DELTA: 差分PID
  49:Algorithms/Control/pid.c ****   * @param[in]      PID: 0: kp, 1: ki, 2:kd
  50:Algorithms/Control/pid.c ****   * @param[in]      max_out: pid最大输出
  51:Algorithms/Control/pid.c ****   * @param[in]      max_iout: pid最大积分输出
  52:Algorithms/Control/pid.c ****   * @retval         none
  53:Algorithms/Control/pid.c ****   */
  54:Algorithms/Control/pid.c **** void PID_init(pid_type_def *pid, uint8_t mode, const fp32 PID[3], fp32 max_out, fp32 max_iout)
  55:Algorithms/Control/pid.c **** {
  29              		.loc 1 55 1 view -0
  30              		.cfi_startproc
  31              		@ args = 0, pretend = 0, frame = 0
  32              		@ frame_needed = 0, uses_anonymous_args = 0
  33              		@ link register save eliminated.
  56:Algorithms/Control/pid.c ****     if (pid == NULL || PID == NULL)
  34              		.loc 1 56 5 view .LVU1
  35              		.loc 1 56 28 is_stmt 0 view .LVU2
  36 0000 9446     		mov	ip, r2
  37              		.loc 1 56 8 view .LVU3
  38 0002 002A     		cmp	r2, #0
  39 0004 18BF     		it	ne
  40 0006 0028     		cmpne	r0, #0
  41 0008 17D0     		beq	.L1
  57:Algorithms/Control/pid.c ****     {
  58:Algorithms/Control/pid.c ****         return;
  59:Algorithms/Control/pid.c ****     }
  60:Algorithms/Control/pid.c ****     pid->mode = mode;
  42              		.loc 1 60 5 is_stmt 1 view .LVU4
  43              		.loc 1 60 15 is_stmt 0 view .LVU5
  44 000a 0170     		strb	r1, [r0]
  61:Algorithms/Control/pid.c ****     pid->Kp = PID[0];
  45              		.loc 1 61 5 is_stmt 1 view .LVU6
  46              		.loc 1 61 18 is_stmt 0 view .LVU7
  47 000c 1268     		ldr	r2, [r2]	@ float
  48              	.LVL1:
  49              		.loc 1 61 13 view .LVU8
  50 000e 4260     		str	r2, [r0, #4]	@ float
  62:Algorithms/Control/pid.c ****     pid->Ki = PID[1];
  51              		.loc 1 62 5 is_stmt 1 view .LVU9
  52              		.loc 1 62 18 is_stmt 0 view .LVU10
  53 0010 DCF80420 		ldr	r2, [ip, #4]	@ float
ARM GAS  C:\Users\11464\AppData\Local\Temp\ccT7xx0M.s 			page 3


  54              		.loc 1 62 13 view .LVU11
  55 0014 8260     		str	r2, [r0, #8]	@ float
  63:Algorithms/Control/pid.c ****     pid->Kd = PID[2];
  56              		.loc 1 63 5 is_stmt 1 view .LVU12
  57              		.loc 1 63 18 is_stmt 0 view .LVU13
  58 0016 DCF80820 		ldr	r2, [ip, #8]	@ float
  59              		.loc 1 63 13 view .LVU14
  60 001a C260     		str	r2, [r0, #12]	@ float
  64:Algorithms/Control/pid.c ****     pid->max_out = max_out;
  61              		.loc 1 64 5 is_stmt 1 view .LVU15
  62              		.loc 1 64 18 is_stmt 0 view .LVU16
  63 001c 80ED040A 		vstr.32	s0, [r0, #16]
  65:Algorithms/Control/pid.c ****     pid->max_iout = max_iout;
  64              		.loc 1 65 5 is_stmt 1 view .LVU17
  65              		.loc 1 65 19 is_stmt 0 view .LVU18
  66 0020 C0ED050A 		vstr.32	s1, [r0, #20]
  66:Algorithms/Control/pid.c ****     pid->Dbuf[0] = pid->Dbuf[1] = pid->Dbuf[2] = 0.0f;
  67              		.loc 1 66 5 is_stmt 1 view .LVU19
  68              		.loc 1 66 48 is_stmt 0 view .LVU20
  69 0024 0022     		movs	r2, #0
  70 0026 8263     		str	r2, [r0, #56]	@ float
  71              		.loc 1 66 33 view .LVU21
  72 0028 4263     		str	r2, [r0, #52]	@ float
  73              		.loc 1 66 18 view .LVU22
  74 002a 0263     		str	r2, [r0, #48]	@ float
  67:Algorithms/Control/pid.c ****     pid->error[0] = pid->error[1] = pid->error[2] = pid->Pout = pid->Iout = pid->Dout = pid->out = 
  75              		.loc 1 67 5 is_stmt 1 view .LVU23
  76              		.loc 1 67 98 is_stmt 0 view .LVU24
  77 002c 0262     		str	r2, [r0, #32]	@ float
  78              		.loc 1 67 87 view .LVU25
  79 002e C262     		str	r2, [r0, #44]	@ float
  80              		.loc 1 67 75 view .LVU26
  81 0030 8262     		str	r2, [r0, #40]	@ float
  82              		.loc 1 67 63 view .LVU27
  83 0032 4262     		str	r2, [r0, #36]	@ float
  84              		.loc 1 67 51 view .LVU28
  85 0034 4264     		str	r2, [r0, #68]	@ float
  86              		.loc 1 67 35 view .LVU29
  87 0036 0264     		str	r2, [r0, #64]	@ float
  88              		.loc 1 67 19 view .LVU30
  89 0038 C263     		str	r2, [r0, #60]	@ float
  90              	.L1:
  68:Algorithms/Control/pid.c **** }
  91              		.loc 1 68 1 view .LVU31
  92 003a 7047     		bx	lr
  93              		.cfi_endproc
  94              	.LFE144:
  96              		.section	.text.PID_calc,"ax",%progbits
  97              		.align	1
  98              		.global	PID_calc
  99              		.syntax unified
 100              		.thumb
 101              		.thumb_func
 103              	PID_calc:
 104              	.LVL2:
 105              	.LFB145:
  69:Algorithms/Control/pid.c **** 
ARM GAS  C:\Users\11464\AppData\Local\Temp\ccT7xx0M.s 			page 4


  70:Algorithms/Control/pid.c **** /**
  71:Algorithms/Control/pid.c ****   * @brief          pid calculate 
  72:Algorithms/Control/pid.c ****   * @param[out]     pid: PID struct data point
  73:Algorithms/Control/pid.c ****   * @param[in]      ref: feedback data 
  74:Algorithms/Control/pid.c ****   * @param[in]      set: set point
  75:Algorithms/Control/pid.c ****   * @retval         pid out
  76:Algorithms/Control/pid.c ****   */
  77:Algorithms/Control/pid.c **** /**
  78:Algorithms/Control/pid.c ****   * @brief          pid计算
  79:Algorithms/Control/pid.c ****   * @param[out]     pid: PID结构数据指针
  80:Algorithms/Control/pid.c ****   * @param[in]      ref: 反馈数据
  81:Algorithms/Control/pid.c ****   * @param[in]      set: 设定值
  82:Algorithms/Control/pid.c ****   * @retval         pid输出
  83:Algorithms/Control/pid.c ****   */
  84:Algorithms/Control/pid.c **** fp32 PID_calc(pid_type_def *pid, fp32 ref, fp32 set)
  85:Algorithms/Control/pid.c **** {
 106              		.loc 1 85 1 is_stmt 1 view -0
 107              		.cfi_startproc
 108              		@ args = 0, pretend = 0, frame = 0
 109              		@ frame_needed = 0, uses_anonymous_args = 0
 110              		@ link register save eliminated.
  86:Algorithms/Control/pid.c ****     if (pid == NULL)
 111              		.loc 1 86 5 view .LVU33
 112              		.loc 1 86 8 is_stmt 0 view .LVU34
 113 0000 0346     		mov	r3, r0
 114 0002 0028     		cmp	r0, #0
 115 0004 00F0A380 		beq	.L17
  87:Algorithms/Control/pid.c ****     {
  88:Algorithms/Control/pid.c ****         return 0.0f;
  89:Algorithms/Control/pid.c ****     }
  90:Algorithms/Control/pid.c **** 
  91:Algorithms/Control/pid.c ****     pid->error[2] = pid->error[1];
 116              		.loc 1 91 5 is_stmt 1 view .LVU35
 117              		.loc 1 91 31 is_stmt 0 view .LVU36
 118 0008 D0ED107A 		vldr.32	s15, [r0, #64]
 119              		.loc 1 91 19 view .LVU37
 120 000c C0ED117A 		vstr.32	s15, [r0, #68]
  92:Algorithms/Control/pid.c ****     pid->error[1] = pid->error[0];
 121              		.loc 1 92 5 is_stmt 1 view .LVU38
 122              		.loc 1 92 31 is_stmt 0 view .LVU39
 123 0010 90ED0F7A 		vldr.32	s14, [r0, #60]
 124              		.loc 1 92 19 view .LVU40
 125 0014 80ED107A 		vstr.32	s14, [r0, #64]
  93:Algorithms/Control/pid.c ****     pid->set = set;
 126              		.loc 1 93 5 is_stmt 1 view .LVU41
 127              		.loc 1 93 14 is_stmt 0 view .LVU42
 128 0018 C0ED060A 		vstr.32	s1, [r0, #24]
  94:Algorithms/Control/pid.c ****     pid->fdb = ref;
 129              		.loc 1 94 5 is_stmt 1 view .LVU43
 130              		.loc 1 94 14 is_stmt 0 view .LVU44
 131 001c 80ED070A 		vstr.32	s0, [r0, #28]
  95:Algorithms/Control/pid.c ****     pid->error[0] = set - ref;
 132              		.loc 1 95 5 is_stmt 1 view .LVU45
 133              		.loc 1 95 25 is_stmt 0 view .LVU46
 134 0020 70EEC00A 		vsub.f32	s1, s1, s0
 135              	.LVL3:
 136              		.loc 1 95 19 view .LVU47
ARM GAS  C:\Users\11464\AppData\Local\Temp\ccT7xx0M.s 			page 5


 137 0024 C0ED0F0A 		vstr.32	s1, [r0, #60]
  96:Algorithms/Control/pid.c ****     if (pid->mode == PID_POSITION)
 138              		.loc 1 96 5 is_stmt 1 view .LVU48
 139              		.loc 1 96 12 is_stmt 0 view .LVU49
 140 0028 0278     		ldrb	r2, [r0]	@ zero_extendqisi2
 141              		.loc 1 96 8 view .LVU50
 142 002a 002A     		cmp	r2, #0
 143 002c 4CD1     		bne	.L5
  97:Algorithms/Control/pid.c ****     {
  98:Algorithms/Control/pid.c ****         pid->Pout = pid->Kp * pid->error[0];
 144              		.loc 1 98 9 is_stmt 1 view .LVU51
 145              		.loc 1 98 24 is_stmt 0 view .LVU52
 146 002e D0ED017A 		vldr.32	s15, [r0, #4]
 147              		.loc 1 98 29 view .LVU53
 148 0032 60EEA77A 		vmul.f32	s15, s1, s15
 149              		.loc 1 98 19 view .LVU54
 150 0036 C0ED097A 		vstr.32	s15, [r0, #36]
  99:Algorithms/Control/pid.c ****         pid->Iout += pid->Ki * pid->error[0];
 151              		.loc 1 99 9 is_stmt 1 view .LVU55
 152              		.loc 1 99 12 is_stmt 0 view .LVU56
 153 003a D0ED0A6A 		vldr.32	s13, [r0, #40]
 154              		.loc 1 99 25 view .LVU57
 155 003e 90ED026A 		vldr.32	s12, [r0, #8]
 156              		.loc 1 99 30 view .LVU58
 157 0042 20EE866A 		vmul.f32	s12, s1, s12
 158              		.loc 1 99 19 view .LVU59
 159 0046 76EE866A 		vadd.f32	s13, s13, s12
 160 004a C0ED0A6A 		vstr.32	s13, [r0, #40]
 100:Algorithms/Control/pid.c ****         pid->Dbuf[2] = pid->Dbuf[1];
 161              		.loc 1 100 9 is_stmt 1 view .LVU60
 162              		.loc 1 100 33 is_stmt 0 view .LVU61
 163 004e 426B     		ldr	r2, [r0, #52]	@ float
 164              		.loc 1 100 22 view .LVU62
 165 0050 8263     		str	r2, [r0, #56]	@ float
 101:Algorithms/Control/pid.c ****         pid->Dbuf[1] = pid->Dbuf[0];
 166              		.loc 1 101 9 is_stmt 1 view .LVU63
 167              		.loc 1 101 33 is_stmt 0 view .LVU64
 168 0052 026B     		ldr	r2, [r0, #48]	@ float
 169              		.loc 1 101 22 view .LVU65
 170 0054 4263     		str	r2, [r0, #52]	@ float
 102:Algorithms/Control/pid.c ****         pid->Dbuf[0] = (pid->error[0] - pid->error[1]);
 171              		.loc 1 102 9 is_stmt 1 view .LVU66
 172              		.loc 1 102 39 is_stmt 0 view .LVU67
 173 0056 70EEC70A 		vsub.f32	s1, s1, s14
 174              		.loc 1 102 22 view .LVU68
 175 005a C0ED0C0A 		vstr.32	s1, [r0, #48]
 103:Algorithms/Control/pid.c ****         pid->Dout = pid->Kd * pid->Dbuf[0];
 176              		.loc 1 103 9 is_stmt 1 view .LVU69
 177              		.loc 1 103 24 is_stmt 0 view .LVU70
 178 005e 90ED037A 		vldr.32	s14, [r0, #12]
 179              		.loc 1 103 29 view .LVU71
 180 0062 60EE870A 		vmul.f32	s1, s1, s14
 181              		.loc 1 103 19 view .LVU72
 182 0066 C0ED0B0A 		vstr.32	s1, [r0, #44]
 104:Algorithms/Control/pid.c ****         LimitMax(pid->Iout, pid->max_iout);
 183              		.loc 1 104 9 is_stmt 1 view .LVU73
 184 006a 90ED057A 		vldr.32	s14, [r0, #20]
ARM GAS  C:\Users\11464\AppData\Local\Temp\ccT7xx0M.s 			page 6


 185 006e F4EEC76A 		vcmpe.f32	s13, s14
 186 0072 F1EE10FA 		vmrs	APSR_nzcv, FPSCR
 187 0076 13DD     		ble	.L24
 188              		.loc 1 104 9 discriminator 1 view .LVU74
 189 0078 80ED0A7A 		vstr.32	s14, [r0, #40]
 190              	.L8:
 191              		.loc 1 104 43 view .LVU75
 105:Algorithms/Control/pid.c ****         pid->out = pid->Pout + pid->Iout + pid->Dout;
 192              		.loc 1 105 9 view .LVU76
 193              		.loc 1 105 35 is_stmt 0 view .LVU77
 194 007c 93ED0A7A 		vldr.32	s14, [r3, #40]
 195              		.loc 1 105 30 view .LVU78
 196 0080 77EE877A 		vadd.f32	s15, s15, s14
 197              		.loc 1 105 42 view .LVU79
 198 0084 70EEA70A 		vadd.f32	s1, s1, s15
 199              		.loc 1 105 18 view .LVU80
 200 0088 C3ED080A 		vstr.32	s1, [r3, #32]
 106:Algorithms/Control/pid.c ****         LimitMax(pid->out, pid->max_out);
 201              		.loc 1 106 9 is_stmt 1 view .LVU81
 202 008c D3ED047A 		vldr.32	s15, [r3, #16]
 203 0090 F4EEE70A 		vcmpe.f32	s1, s15
 204 0094 F1EE10FA 		vmrs	APSR_nzcv, FPSCR
 205 0098 0CDD     		ble	.L25
 206              		.loc 1 106 9 discriminator 1 view .LVU82
 207 009a C3ED087A 		vstr.32	s15, [r3, #32]
 208 009e 15E0     		b	.L12
 209              	.L24:
 104:Algorithms/Control/pid.c ****         LimitMax(pid->Iout, pid->max_iout);
 210              		.loc 1 104 9 discriminator 2 view .LVU83
 211 00a0 B1EE477A 		vneg.f32	s14, s14
 212 00a4 F4EEC76A 		vcmpe.f32	s13, s14
 213 00a8 F1EE10FA 		vmrs	APSR_nzcv, FPSCR
 214 00ac E6D5     		bpl	.L8
 104:Algorithms/Control/pid.c ****         LimitMax(pid->Iout, pid->max_iout);
 215              		.loc 1 104 9 discriminator 3 view .LVU84
 216 00ae 80ED0A7A 		vstr.32	s14, [r0, #40]
 217 00b2 E3E7     		b	.L8
 218              	.L25:
 219              		.loc 1 106 9 discriminator 2 view .LVU85
 220 00b4 F1EE677A 		vneg.f32	s15, s15
 221 00b8 F4EEE70A 		vcmpe.f32	s1, s15
 222 00bc F1EE10FA 		vmrs	APSR_nzcv, FPSCR
 223 00c0 04D5     		bpl	.L12
 224              		.loc 1 106 9 discriminator 3 view .LVU86
 225 00c2 C3ED087A 		vstr.32	s15, [r3, #32]
 226 00c6 01E0     		b	.L12
 227              	.L5:
 107:Algorithms/Control/pid.c ****     }
 108:Algorithms/Control/pid.c ****     else if (pid->mode == PID_DELTA)
 228              		.loc 1 108 10 view .LVU87
 229              		.loc 1 108 13 is_stmt 0 view .LVU88
 230 00c8 012A     		cmp	r2, #1
 231 00ca 02D0     		beq	.L27
 232              	.L12:
 109:Algorithms/Control/pid.c ****     {
 110:Algorithms/Control/pid.c ****         pid->Pout = pid->Kp * (pid->error[0] - pid->error[1]);
 111:Algorithms/Control/pid.c ****         pid->Iout = pid->Ki * pid->error[0];
ARM GAS  C:\Users\11464\AppData\Local\Temp\ccT7xx0M.s 			page 7


 112:Algorithms/Control/pid.c ****         pid->Dbuf[2] = pid->Dbuf[1];
 113:Algorithms/Control/pid.c ****         pid->Dbuf[1] = pid->Dbuf[0];
 114:Algorithms/Control/pid.c ****         pid->Dbuf[0] = (pid->error[0] - 2.0f * pid->error[1] + pid->error[2]);
 115:Algorithms/Control/pid.c ****         pid->Dout = pid->Kd * pid->Dbuf[0];
 116:Algorithms/Control/pid.c ****         pid->out += pid->Pout + pid->Iout + pid->Dout;
 117:Algorithms/Control/pid.c ****         LimitMax(pid->out, pid->max_out);
 233              		.loc 1 117 41 is_stmt 1 view .LVU89
 118:Algorithms/Control/pid.c ****     }
 119:Algorithms/Control/pid.c ****     return pid->out;
 234              		.loc 1 119 5 view .LVU90
 235              		.loc 1 119 15 is_stmt 0 view .LVU91
 236 00cc 93ED080A 		vldr.32	s0, [r3, #32]
 237              	.LVL4:
 238              		.loc 1 119 15 view .LVU92
 239 00d0 7047     		bx	lr
 240              	.LVL5:
 241              	.L27:
 110:Algorithms/Control/pid.c ****         pid->Iout = pid->Ki * pid->error[0];
 242              		.loc 1 110 9 is_stmt 1 view .LVU93
 110:Algorithms/Control/pid.c ****         pid->Iout = pid->Ki * pid->error[0];
 243              		.loc 1 110 24 is_stmt 0 view .LVU94
 244 00d2 D0ED016A 		vldr.32	s13, [r0, #4]
 110:Algorithms/Control/pid.c ****         pid->Iout = pid->Ki * pid->error[0];
 245              		.loc 1 110 46 view .LVU95
 246 00d6 30EEC76A 		vsub.f32	s12, s1, s14
 110:Algorithms/Control/pid.c ****         pid->Iout = pid->Ki * pid->error[0];
 247              		.loc 1 110 29 view .LVU96
 248 00da 66EE866A 		vmul.f32	s13, s13, s12
 110:Algorithms/Control/pid.c ****         pid->Iout = pid->Ki * pid->error[0];
 249              		.loc 1 110 19 view .LVU97
 250 00de C0ED096A 		vstr.32	s13, [r0, #36]
 111:Algorithms/Control/pid.c ****         pid->Dbuf[2] = pid->Dbuf[1];
 251              		.loc 1 111 9 is_stmt 1 view .LVU98
 111:Algorithms/Control/pid.c ****         pid->Dbuf[2] = pid->Dbuf[1];
 252              		.loc 1 111 24 is_stmt 0 view .LVU99
 253 00e2 90ED026A 		vldr.32	s12, [r0, #8]
 111:Algorithms/Control/pid.c ****         pid->Dbuf[2] = pid->Dbuf[1];
 254              		.loc 1 111 29 view .LVU100
 255 00e6 20EE866A 		vmul.f32	s12, s1, s12
 111:Algorithms/Control/pid.c ****         pid->Dbuf[2] = pid->Dbuf[1];
 256              		.loc 1 111 19 view .LVU101
 257 00ea 80ED0A6A 		vstr.32	s12, [r0, #40]
 112:Algorithms/Control/pid.c ****         pid->Dbuf[1] = pid->Dbuf[0];
 258              		.loc 1 112 9 is_stmt 1 view .LVU102
 112:Algorithms/Control/pid.c ****         pid->Dbuf[1] = pid->Dbuf[0];
 259              		.loc 1 112 33 is_stmt 0 view .LVU103
 260 00ee 426B     		ldr	r2, [r0, #52]	@ float
 112:Algorithms/Control/pid.c ****         pid->Dbuf[1] = pid->Dbuf[0];
 261              		.loc 1 112 22 view .LVU104
 262 00f0 8263     		str	r2, [r0, #56]	@ float
 113:Algorithms/Control/pid.c ****         pid->Dbuf[0] = (pid->error[0] - 2.0f * pid->error[1] + pid->error[2]);
 263              		.loc 1 113 9 is_stmt 1 view .LVU105
 113:Algorithms/Control/pid.c ****         pid->Dbuf[0] = (pid->error[0] - 2.0f * pid->error[1] + pid->error[2]);
 264              		.loc 1 113 33 is_stmt 0 view .LVU106
 265 00f2 026B     		ldr	r2, [r0, #48]	@ float
 113:Algorithms/Control/pid.c ****         pid->Dbuf[0] = (pid->error[0] - 2.0f * pid->error[1] + pid->error[2]);
 266              		.loc 1 113 22 view .LVU107
ARM GAS  C:\Users\11464\AppData\Local\Temp\ccT7xx0M.s 			page 8


 267 00f4 4263     		str	r2, [r0, #52]	@ float
 114:Algorithms/Control/pid.c ****         pid->Dout = pid->Kd * pid->Dbuf[0];
 268              		.loc 1 114 9 is_stmt 1 view .LVU108
 114:Algorithms/Control/pid.c ****         pid->Dout = pid->Kd * pid->Dbuf[0];
 269              		.loc 1 114 46 is_stmt 0 view .LVU109
 270 00f6 37EE077A 		vadd.f32	s14, s14, s14
 114:Algorithms/Control/pid.c ****         pid->Dout = pid->Kd * pid->Dbuf[0];
 271              		.loc 1 114 39 view .LVU110
 272 00fa 70EEC70A 		vsub.f32	s1, s1, s14
 114:Algorithms/Control/pid.c ****         pid->Dout = pid->Kd * pid->Dbuf[0];
 273              		.loc 1 114 62 view .LVU111
 274 00fe 77EEA07A 		vadd.f32	s15, s15, s1
 114:Algorithms/Control/pid.c ****         pid->Dout = pid->Kd * pid->Dbuf[0];
 275              		.loc 1 114 22 view .LVU112
 276 0102 C0ED0C7A 		vstr.32	s15, [r0, #48]
 115:Algorithms/Control/pid.c ****         pid->out += pid->Pout + pid->Iout + pid->Dout;
 277              		.loc 1 115 9 is_stmt 1 view .LVU113
 115:Algorithms/Control/pid.c ****         pid->out += pid->Pout + pid->Iout + pid->Dout;
 278              		.loc 1 115 24 is_stmt 0 view .LVU114
 279 0106 90ED037A 		vldr.32	s14, [r0, #12]
 115:Algorithms/Control/pid.c ****         pid->out += pid->Pout + pid->Iout + pid->Dout;
 280              		.loc 1 115 29 view .LVU115
 281 010a 67EE877A 		vmul.f32	s15, s15, s14
 115:Algorithms/Control/pid.c ****         pid->out += pid->Pout + pid->Iout + pid->Dout;
 282              		.loc 1 115 19 view .LVU116
 283 010e C0ED0B7A 		vstr.32	s15, [r0, #44]
 116:Algorithms/Control/pid.c ****         LimitMax(pid->out, pid->max_out);
 284              		.loc 1 116 9 is_stmt 1 view .LVU117
 116:Algorithms/Control/pid.c ****         LimitMax(pid->out, pid->max_out);
 285              		.loc 1 116 12 is_stmt 0 view .LVU118
 286 0112 90ED087A 		vldr.32	s14, [r0, #32]
 116:Algorithms/Control/pid.c ****         LimitMax(pid->out, pid->max_out);
 287              		.loc 1 116 31 view .LVU119
 288 0116 76EE866A 		vadd.f32	s13, s13, s12
 116:Algorithms/Control/pid.c ****         LimitMax(pid->out, pid->max_out);
 289              		.loc 1 116 43 view .LVU120
 290 011a 77EEA67A 		vadd.f32	s15, s15, s13
 116:Algorithms/Control/pid.c ****         LimitMax(pid->out, pid->max_out);
 291              		.loc 1 116 18 view .LVU121
 292 011e 77EE277A 		vadd.f32	s15, s14, s15
 293 0122 C0ED087A 		vstr.32	s15, [r0, #32]
 117:Algorithms/Control/pid.c ****     }
 294              		.loc 1 117 9 is_stmt 1 view .LVU122
 295 0126 90ED047A 		vldr.32	s14, [r0, #16]
 296 012a F4EEC77A 		vcmpe.f32	s15, s14
 297 012e F1EE10FA 		vmrs	APSR_nzcv, FPSCR
 298 0132 02DD     		ble	.L26
 117:Algorithms/Control/pid.c ****     }
 299              		.loc 1 117 9 discriminator 1 view .LVU123
 300 0134 80ED087A 		vstr.32	s14, [r0, #32]
 301 0138 C8E7     		b	.L12
 302              	.L26:
 117:Algorithms/Control/pid.c ****     }
 303              		.loc 1 117 9 discriminator 2 view .LVU124
 304 013a B1EE477A 		vneg.f32	s14, s14
 305 013e F4EEC77A 		vcmpe.f32	s15, s14
 306 0142 F1EE10FA 		vmrs	APSR_nzcv, FPSCR
ARM GAS  C:\Users\11464\AppData\Local\Temp\ccT7xx0M.s 			page 9


 307 0146 C1D5     		bpl	.L12
 117:Algorithms/Control/pid.c ****     }
 308              		.loc 1 117 9 discriminator 3 view .LVU125
 309 0148 80ED087A 		vstr.32	s14, [r0, #32]
 310 014c BEE7     		b	.L12
 311              	.LVL6:
 312              	.L17:
  88:Algorithms/Control/pid.c ****     }
 313              		.loc 1 88 16 is_stmt 0 view .LVU126
 314 014e 9FED010A 		vldr.32	s0, .L28
 315              	.LVL7:
 120:Algorithms/Control/pid.c **** }
 316              		.loc 1 120 1 view .LVU127
 317 0152 7047     		bx	lr
 318              	.L29:
 319              		.align	2
 320              	.L28:
 321 0154 00000000 		.word	0
 322              		.cfi_endproc
 323              	.LFE145:
 325              		.section	.text.PID_clear,"ax",%progbits
 326              		.align	1
 327              		.global	PID_clear
 328              		.syntax unified
 329              		.thumb
 330              		.thumb_func
 332              	PID_clear:
 333              	.LVL8:
 334              	.LFB146:
 121:Algorithms/Control/pid.c **** 
 122:Algorithms/Control/pid.c **** /**
 123:Algorithms/Control/pid.c ****   * @brief          pid out clear
 124:Algorithms/Control/pid.c ****   * @param[out]     pid: PID struct data point
 125:Algorithms/Control/pid.c ****   * @retval         none
 126:Algorithms/Control/pid.c ****   */
 127:Algorithms/Control/pid.c **** /**
 128:Algorithms/Control/pid.c ****   * @brief          pid 输出清除
 129:Algorithms/Control/pid.c ****   * @param[out]     pid: PID结构数据指针
 130:Algorithms/Control/pid.c ****   * @retval         none
 131:Algorithms/Control/pid.c ****   */
 132:Algorithms/Control/pid.c **** void PID_clear(pid_type_def *pid)
 133:Algorithms/Control/pid.c **** {
 335              		.loc 1 133 1 is_stmt 1 view -0
 336              		.cfi_startproc
 337              		@ args = 0, pretend = 0, frame = 0
 338              		@ frame_needed = 0, uses_anonymous_args = 0
 339              		@ link register save eliminated.
 134:Algorithms/Control/pid.c ****     if (pid == NULL)
 340              		.loc 1 134 5 view .LVU129
 341              		.loc 1 134 8 is_stmt 0 view .LVU130
 342 0000 60B1     		cbz	r0, .L30
 135:Algorithms/Control/pid.c ****     {
 136:Algorithms/Control/pid.c ****         return;
 137:Algorithms/Control/pid.c ****     }
 138:Algorithms/Control/pid.c **** 
 139:Algorithms/Control/pid.c ****     pid->error[0] = pid->error[1] = pid->error[2] = 0.0f;
 343              		.loc 1 139 5 is_stmt 1 view .LVU131
ARM GAS  C:\Users\11464\AppData\Local\Temp\ccT7xx0M.s 			page 10


 344              		.loc 1 139 51 is_stmt 0 view .LVU132
 345 0002 0022     		movs	r2, #0
 346 0004 4264     		str	r2, [r0, #68]	@ float
 347              		.loc 1 139 35 view .LVU133
 348 0006 0264     		str	r2, [r0, #64]	@ float
 349              		.loc 1 139 19 view .LVU134
 350 0008 C263     		str	r2, [r0, #60]	@ float
 140:Algorithms/Control/pid.c ****     pid->Dbuf[0] = pid->Dbuf[1] = pid->Dbuf[2] = 0.0f;
 351              		.loc 1 140 5 is_stmt 1 view .LVU135
 352              		.loc 1 140 48 is_stmt 0 view .LVU136
 353 000a 8263     		str	r2, [r0, #56]	@ float
 354              		.loc 1 140 33 view .LVU137
 355 000c 4263     		str	r2, [r0, #52]	@ float
 356              		.loc 1 140 18 view .LVU138
 357 000e 0263     		str	r2, [r0, #48]	@ float
 141:Algorithms/Control/pid.c ****     pid->out = pid->Pout = pid->Iout = pid->Dout = 0.0f;
 358              		.loc 1 141 5 is_stmt 1 view .LVU139
 359              		.loc 1 141 50 is_stmt 0 view .LVU140
 360 0010 C262     		str	r2, [r0, #44]	@ float
 361              		.loc 1 141 38 view .LVU141
 362 0012 8262     		str	r2, [r0, #40]	@ float
 363              		.loc 1 141 26 view .LVU142
 364 0014 4262     		str	r2, [r0, #36]	@ float
 365              		.loc 1 141 14 view .LVU143
 366 0016 0262     		str	r2, [r0, #32]	@ float
 142:Algorithms/Control/pid.c ****     pid->fdb = pid->set = 0.0f;
 367              		.loc 1 142 5 is_stmt 1 view .LVU144
 368              		.loc 1 142 25 is_stmt 0 view .LVU145
 369 0018 8261     		str	r2, [r0, #24]	@ float
 370              		.loc 1 142 14 view .LVU146
 371 001a C261     		str	r2, [r0, #28]	@ float
 372              	.L30:
 143:Algorithms/Control/pid.c **** }
 373              		.loc 1 143 1 view .LVU147
 374 001c 7047     		bx	lr
 375              		.cfi_endproc
 376              	.LFE146:
 378              		.section	.text.PID_DeadZone_calc,"ax",%progbits
 379              		.align	1
 380              		.global	PID_DeadZone_calc
 381              		.syntax unified
 382              		.thumb
 383              		.thumb_func
 385              	PID_DeadZone_calc:
 386              	.LVL9:
 387              	.LFB147:
 144:Algorithms/Control/pid.c **** 
 145:Algorithms/Control/pid.c **** 
 146:Algorithms/Control/pid.c **** 
 147:Algorithms/Control/pid.c **** 
 148:Algorithms/Control/pid.c **** //死区pid
 149:Algorithms/Control/pid.c **** fp32 PID_DeadZone_calc(pid_type_def *pid, fp32 ref, fp32 set, fp32 DeadZone)
 150:Algorithms/Control/pid.c **** {
 388              		.loc 1 150 1 is_stmt 1 view -0
 389              		.cfi_startproc
 390              		@ args = 0, pretend = 0, frame = 0
 391              		@ frame_needed = 0, uses_anonymous_args = 0
ARM GAS  C:\Users\11464\AppData\Local\Temp\ccT7xx0M.s 			page 11


 392              		@ link register save eliminated.
 151:Algorithms/Control/pid.c ****     if (pid == NULL)
 393              		.loc 1 151 5 view .LVU149
 394              		.loc 1 151 8 is_stmt 0 view .LVU150
 395 0000 0346     		mov	r3, r0
 396 0002 0028     		cmp	r0, #0
 397 0004 00F0B580 		beq	.L49
 152:Algorithms/Control/pid.c ****     {
 153:Algorithms/Control/pid.c ****         return 0.0f;
 154:Algorithms/Control/pid.c ****     }
 155:Algorithms/Control/pid.c **** 		
 156:Algorithms/Control/pid.c ****     pid->error[2] = pid->error[1];
 398              		.loc 1 156 5 is_stmt 1 view .LVU151
 399              		.loc 1 156 31 is_stmt 0 view .LVU152
 400 0008 D0ED107A 		vldr.32	s15, [r0, #64]
 401              		.loc 1 156 19 view .LVU153
 402 000c C0ED117A 		vstr.32	s15, [r0, #68]
 157:Algorithms/Control/pid.c ****     pid->error[1] = pid->error[0];
 403              		.loc 1 157 5 is_stmt 1 view .LVU154
 404              		.loc 1 157 31 is_stmt 0 view .LVU155
 405 0010 D0ED0F6A 		vldr.32	s13, [r0, #60]
 406              		.loc 1 157 19 view .LVU156
 407 0014 C0ED106A 		vstr.32	s13, [r0, #64]
 158:Algorithms/Control/pid.c ****     pid->set = set;
 408              		.loc 1 158 5 is_stmt 1 view .LVU157
 409              		.loc 1 158 14 is_stmt 0 view .LVU158
 410 0018 C0ED060A 		vstr.32	s1, [r0, #24]
 159:Algorithms/Control/pid.c ****     pid->fdb = ref;
 411              		.loc 1 159 5 is_stmt 1 view .LVU159
 412              		.loc 1 159 14 is_stmt 0 view .LVU160
 413 001c 80ED070A 		vstr.32	s0, [r0, #28]
 160:Algorithms/Control/pid.c ****     pid->error[0] = set - ref;
 414              		.loc 1 160 5 is_stmt 1 view .LVU161
 415              		.loc 1 160 25 is_stmt 0 view .LVU162
 416 0020 70EEC00A 		vsub.f32	s1, s1, s0
 417              	.LVL10:
 418              		.loc 1 160 19 view .LVU163
 419 0024 C0ED0F0A 		vstr.32	s1, [r0, #60]
 161:Algorithms/Control/pid.c **** 		if(pid->error[0]<=DeadZone && pid->error[0]>=-DeadZone) pid->error[0] = 0;
 420              		.loc 1 161 3 is_stmt 1 view .LVU164
 421              		.loc 1 161 5 is_stmt 0 view .LVU165
 422 0028 F4EEC10A 		vcmpe.f32	s1, s2
 423 002c F1EE10FA 		vmrs	APSR_nzcv, FPSCR
 424 0030 08D8     		bhi	.L34
 425              		.loc 1 161 48 discriminator 1 view .LVU166
 426 0032 B1EE411A 		vneg.f32	s2, s2
 427              	.LVL11:
 428              		.loc 1 161 30 discriminator 1 view .LVU167
 429 0036 F4EEC10A 		vcmpe.f32	s1, s2
 430 003a F1EE10FA 		vmrs	APSR_nzcv, FPSCR
 431 003e 01DB     		blt	.L34
 432              		.loc 1 161 59 is_stmt 1 discriminator 2 view .LVU168
 433              		.loc 1 161 73 is_stmt 0 discriminator 2 view .LVU169
 434 0040 0022     		movs	r2, #0
 435 0042 C263     		str	r2, [r0, #60]	@ float
 436              	.L34:
 162:Algorithms/Control/pid.c ****     if (pid->mode == PID_POSITION)
ARM GAS  C:\Users\11464\AppData\Local\Temp\ccT7xx0M.s 			page 12


 437              		.loc 1 162 5 is_stmt 1 view .LVU170
 438              		.loc 1 162 12 is_stmt 0 view .LVU171
 439 0044 1A78     		ldrb	r2, [r3]	@ zero_extendqisi2
 440              		.loc 1 162 8 view .LVU172
 441 0046 002A     		cmp	r2, #0
 442 0048 4ED1     		bne	.L37
 163:Algorithms/Control/pid.c ****     {
 164:Algorithms/Control/pid.c ****         pid->Pout = pid->Kp * pid->error[0];
 443              		.loc 1 164 9 is_stmt 1 view .LVU173
 444              		.loc 1 164 24 is_stmt 0 view .LVU174
 445 004a 93ED017A 		vldr.32	s14, [r3, #4]
 446              		.loc 1 164 41 view .LVU175
 447 004e D3ED0F7A 		vldr.32	s15, [r3, #60]
 448              		.loc 1 164 29 view .LVU176
 449 0052 27EE277A 		vmul.f32	s14, s14, s15
 450              		.loc 1 164 19 view .LVU177
 451 0056 83ED097A 		vstr.32	s14, [r3, #36]
 165:Algorithms/Control/pid.c ****         pid->Iout += pid->Ki * pid->error[0];
 452              		.loc 1 165 9 is_stmt 1 view .LVU178
 453              		.loc 1 165 12 is_stmt 0 view .LVU179
 454 005a 93ED0A6A 		vldr.32	s12, [r3, #40]
 455              		.loc 1 165 25 view .LVU180
 456 005e D3ED025A 		vldr.32	s11, [r3, #8]
 457              		.loc 1 165 30 view .LVU181
 458 0062 67EEA55A 		vmul.f32	s11, s15, s11
 459              		.loc 1 165 19 view .LVU182
 460 0066 36EE256A 		vadd.f32	s12, s12, s11
 461 006a 83ED0A6A 		vstr.32	s12, [r3, #40]
 166:Algorithms/Control/pid.c ****         pid->Dbuf[2] = pid->Dbuf[1];
 462              		.loc 1 166 9 is_stmt 1 view .LVU183
 463              		.loc 1 166 33 is_stmt 0 view .LVU184
 464 006e 5A6B     		ldr	r2, [r3, #52]	@ float
 465              		.loc 1 166 22 view .LVU185
 466 0070 9A63     		str	r2, [r3, #56]	@ float
 167:Algorithms/Control/pid.c ****         pid->Dbuf[1] = pid->Dbuf[0];
 467              		.loc 1 167 9 is_stmt 1 view .LVU186
 468              		.loc 1 167 33 is_stmt 0 view .LVU187
 469 0072 1A6B     		ldr	r2, [r3, #48]	@ float
 470              		.loc 1 167 22 view .LVU188
 471 0074 5A63     		str	r2, [r3, #52]	@ float
 168:Algorithms/Control/pid.c ****         pid->Dbuf[0] = (pid->error[0] - pid->error[1]);
 472              		.loc 1 168 9 is_stmt 1 view .LVU189
 473              		.loc 1 168 39 is_stmt 0 view .LVU190
 474 0076 77EEE67A 		vsub.f32	s15, s15, s13
 475              		.loc 1 168 22 view .LVU191
 476 007a C3ED0C7A 		vstr.32	s15, [r3, #48]
 169:Algorithms/Control/pid.c ****         pid->Dout = pid->Kd * pid->Dbuf[0];
 477              		.loc 1 169 9 is_stmt 1 view .LVU192
 478              		.loc 1 169 24 is_stmt 0 view .LVU193
 479 007e D3ED036A 		vldr.32	s13, [r3, #12]
 480              		.loc 1 169 29 view .LVU194
 481 0082 67EEA67A 		vmul.f32	s15, s15, s13
 482              		.loc 1 169 19 view .LVU195
 483 0086 C3ED0B7A 		vstr.32	s15, [r3, #44]
 170:Algorithms/Control/pid.c ****         LimitMax(pid->Iout, pid->max_iout);
 484              		.loc 1 170 9 is_stmt 1 view .LVU196
 485 008a D3ED056A 		vldr.32	s13, [r3, #20]
ARM GAS  C:\Users\11464\AppData\Local\Temp\ccT7xx0M.s 			page 13


 486 008e B4EEE66A 		vcmpe.f32	s12, s13
 487 0092 F1EE10FA 		vmrs	APSR_nzcv, FPSCR
 488 0096 13DD     		ble	.L58
 489              		.loc 1 170 9 discriminator 1 view .LVU197
 490 0098 C3ED0A6A 		vstr.32	s13, [r3, #40]
 491              	.L40:
 492              		.loc 1 170 43 view .LVU198
 171:Algorithms/Control/pid.c ****         pid->out = pid->Pout + pid->Iout + pid->Dout;
 493              		.loc 1 171 9 view .LVU199
 494              		.loc 1 171 35 is_stmt 0 view .LVU200
 495 009c D3ED0A6A 		vldr.32	s13, [r3, #40]
 496              		.loc 1 171 30 view .LVU201
 497 00a0 37EE267A 		vadd.f32	s14, s14, s13
 498              		.loc 1 171 42 view .LVU202
 499 00a4 77EE877A 		vadd.f32	s15, s15, s14
 500              		.loc 1 171 18 view .LVU203
 501 00a8 C3ED087A 		vstr.32	s15, [r3, #32]
 172:Algorithms/Control/pid.c ****         LimitMax(pid->out, pid->max_out);
 502              		.loc 1 172 9 is_stmt 1 view .LVU204
 503 00ac 93ED047A 		vldr.32	s14, [r3, #16]
 504 00b0 F4EEC77A 		vcmpe.f32	s15, s14
 505 00b4 F1EE10FA 		vmrs	APSR_nzcv, FPSCR
 506 00b8 0CDD     		ble	.L59
 507              		.loc 1 172 9 discriminator 1 view .LVU205
 508 00ba 83ED087A 		vstr.32	s14, [r3, #32]
 509 00be 15E0     		b	.L44
 510              	.L58:
 170:Algorithms/Control/pid.c ****         LimitMax(pid->Iout, pid->max_iout);
 511              		.loc 1 170 9 discriminator 2 view .LVU206
 512 00c0 F1EE666A 		vneg.f32	s13, s13
 513 00c4 B4EEE66A 		vcmpe.f32	s12, s13
 514 00c8 F1EE10FA 		vmrs	APSR_nzcv, FPSCR
 515 00cc E6D5     		bpl	.L40
 170:Algorithms/Control/pid.c ****         LimitMax(pid->Iout, pid->max_iout);
 516              		.loc 1 170 9 discriminator 3 view .LVU207
 517 00ce C3ED0A6A 		vstr.32	s13, [r3, #40]
 518 00d2 E3E7     		b	.L40
 519              	.L59:
 520              		.loc 1 172 9 discriminator 2 view .LVU208
 521 00d4 B1EE477A 		vneg.f32	s14, s14
 522 00d8 F4EEC77A 		vcmpe.f32	s15, s14
 523 00dc F1EE10FA 		vmrs	APSR_nzcv, FPSCR
 524 00e0 04D5     		bpl	.L44
 525              		.loc 1 172 9 discriminator 3 view .LVU209
 526 00e2 83ED087A 		vstr.32	s14, [r3, #32]
 527 00e6 01E0     		b	.L44
 528              	.L37:
 173:Algorithms/Control/pid.c ****     }
 174:Algorithms/Control/pid.c ****     else if (pid->mode == PID_DELTA)
 529              		.loc 1 174 10 view .LVU210
 530              		.loc 1 174 13 is_stmt 0 view .LVU211
 531 00e8 012A     		cmp	r2, #1
 532 00ea 02D0     		beq	.L61
 533              	.L44:
 175:Algorithms/Control/pid.c ****     {
 176:Algorithms/Control/pid.c ****         pid->Pout = pid->Kp * (pid->error[0] - pid->error[1]);
 177:Algorithms/Control/pid.c ****         pid->Iout = pid->Ki * pid->error[0];
ARM GAS  C:\Users\11464\AppData\Local\Temp\ccT7xx0M.s 			page 14


 178:Algorithms/Control/pid.c ****         pid->Dbuf[2] = pid->Dbuf[1];
 179:Algorithms/Control/pid.c ****         pid->Dbuf[1] = pid->Dbuf[0];
 180:Algorithms/Control/pid.c ****         pid->Dbuf[0] = (pid->error[0] - 2.0f * pid->error[1] + pid->error[2]);
 181:Algorithms/Control/pid.c ****         pid->Dout = pid->Kd * pid->Dbuf[0];
 182:Algorithms/Control/pid.c ****         pid->out += pid->Pout + pid->Iout + pid->Dout;
 183:Algorithms/Control/pid.c ****         LimitMax(pid->out, pid->max_out);
 534              		.loc 1 183 41 is_stmt 1 view .LVU212
 184:Algorithms/Control/pid.c ****     }
 185:Algorithms/Control/pid.c ****     return pid->out;
 535              		.loc 1 185 5 view .LVU213
 536              		.loc 1 185 15 is_stmt 0 view .LVU214
 537 00ec 93ED080A 		vldr.32	s0, [r3, #32]
 538              	.LVL12:
 539              		.loc 1 185 15 view .LVU215
 540 00f0 7047     		bx	lr
 541              	.LVL13:
 542              	.L61:
 176:Algorithms/Control/pid.c ****         pid->Iout = pid->Ki * pid->error[0];
 543              		.loc 1 176 9 is_stmt 1 view .LVU216
 176:Algorithms/Control/pid.c ****         pid->Iout = pid->Ki * pid->error[0];
 544              		.loc 1 176 24 is_stmt 0 view .LVU217
 545 00f2 93ED017A 		vldr.32	s14, [r3, #4]
 176:Algorithms/Control/pid.c ****         pid->Iout = pid->Ki * pid->error[0];
 546              		.loc 1 176 42 view .LVU218
 547 00f6 93ED0F6A 		vldr.32	s12, [r3, #60]
 176:Algorithms/Control/pid.c ****         pid->Iout = pid->Ki * pid->error[0];
 548              		.loc 1 176 46 view .LVU219
 549 00fa 76EE665A 		vsub.f32	s11, s12, s13
 176:Algorithms/Control/pid.c ****         pid->Iout = pid->Ki * pid->error[0];
 550              		.loc 1 176 29 view .LVU220
 551 00fe 27EE257A 		vmul.f32	s14, s14, s11
 176:Algorithms/Control/pid.c ****         pid->Iout = pid->Ki * pid->error[0];
 552              		.loc 1 176 19 view .LVU221
 553 0102 83ED097A 		vstr.32	s14, [r3, #36]
 177:Algorithms/Control/pid.c ****         pid->Dbuf[2] = pid->Dbuf[1];
 554              		.loc 1 177 9 is_stmt 1 view .LVU222
 177:Algorithms/Control/pid.c ****         pid->Dbuf[2] = pid->Dbuf[1];
 555              		.loc 1 177 24 is_stmt 0 view .LVU223
 556 0106 D3ED025A 		vldr.32	s11, [r3, #8]
 177:Algorithms/Control/pid.c ****         pid->Dbuf[2] = pid->Dbuf[1];
 557              		.loc 1 177 29 view .LVU224
 558 010a 66EE255A 		vmul.f32	s11, s12, s11
 177:Algorithms/Control/pid.c ****         pid->Dbuf[2] = pid->Dbuf[1];
 559              		.loc 1 177 19 view .LVU225
 560 010e C3ED0A5A 		vstr.32	s11, [r3, #40]
 178:Algorithms/Control/pid.c ****         pid->Dbuf[1] = pid->Dbuf[0];
 561              		.loc 1 178 9 is_stmt 1 view .LVU226
 178:Algorithms/Control/pid.c ****         pid->Dbuf[1] = pid->Dbuf[0];
 562              		.loc 1 178 33 is_stmt 0 view .LVU227
 563 0112 5A6B     		ldr	r2, [r3, #52]	@ float
 178:Algorithms/Control/pid.c ****         pid->Dbuf[1] = pid->Dbuf[0];
 564              		.loc 1 178 22 view .LVU228
 565 0114 9A63     		str	r2, [r3, #56]	@ float
 179:Algorithms/Control/pid.c ****         pid->Dbuf[0] = (pid->error[0] - 2.0f * pid->error[1] + pid->error[2]);
 566              		.loc 1 179 9 is_stmt 1 view .LVU229
 179:Algorithms/Control/pid.c ****         pid->Dbuf[0] = (pid->error[0] - 2.0f * pid->error[1] + pid->error[2]);
 567              		.loc 1 179 33 is_stmt 0 view .LVU230
ARM GAS  C:\Users\11464\AppData\Local\Temp\ccT7xx0M.s 			page 15


 568 0116 1A6B     		ldr	r2, [r3, #48]	@ float
 179:Algorithms/Control/pid.c ****         pid->Dbuf[0] = (pid->error[0] - 2.0f * pid->error[1] + pid->error[2]);
 569              		.loc 1 179 22 view .LVU231
 570 0118 5A63     		str	r2, [r3, #52]	@ float
 180:Algorithms/Control/pid.c ****         pid->Dout = pid->Kd * pid->Dbuf[0];
 571              		.loc 1 180 9 is_stmt 1 view .LVU232
 180:Algorithms/Control/pid.c ****         pid->Dout = pid->Kd * pid->Dbuf[0];
 572              		.loc 1 180 46 is_stmt 0 view .LVU233
 573 011a 76EEA66A 		vadd.f32	s13, s13, s13
 180:Algorithms/Control/pid.c ****         pid->Dout = pid->Kd * pid->Dbuf[0];
 574              		.loc 1 180 39 view .LVU234
 575 011e 36EE666A 		vsub.f32	s12, s12, s13
 180:Algorithms/Control/pid.c ****         pid->Dout = pid->Kd * pid->Dbuf[0];
 576              		.loc 1 180 62 view .LVU235
 577 0122 77EE867A 		vadd.f32	s15, s15, s12
 180:Algorithms/Control/pid.c ****         pid->Dout = pid->Kd * pid->Dbuf[0];
 578              		.loc 1 180 22 view .LVU236
 579 0126 C3ED0C7A 		vstr.32	s15, [r3, #48]
 181:Algorithms/Control/pid.c ****         pid->out += pid->Pout + pid->Iout + pid->Dout;
 580              		.loc 1 181 9 is_stmt 1 view .LVU237
 181:Algorithms/Control/pid.c ****         pid->out += pid->Pout + pid->Iout + pid->Dout;
 581              		.loc 1 181 24 is_stmt 0 view .LVU238
 582 012a D3ED036A 		vldr.32	s13, [r3, #12]
 181:Algorithms/Control/pid.c ****         pid->out += pid->Pout + pid->Iout + pid->Dout;
 583              		.loc 1 181 29 view .LVU239
 584 012e 67EEA67A 		vmul.f32	s15, s15, s13
 181:Algorithms/Control/pid.c ****         pid->out += pid->Pout + pid->Iout + pid->Dout;
 585              		.loc 1 181 19 view .LVU240
 586 0132 C3ED0B7A 		vstr.32	s15, [r3, #44]
 182:Algorithms/Control/pid.c ****         LimitMax(pid->out, pid->max_out);
 587              		.loc 1 182 9 is_stmt 1 view .LVU241
 182:Algorithms/Control/pid.c ****         LimitMax(pid->out, pid->max_out);
 588              		.loc 1 182 12 is_stmt 0 view .LVU242
 589 0136 D3ED086A 		vldr.32	s13, [r3, #32]
 182:Algorithms/Control/pid.c ****         LimitMax(pid->out, pid->max_out);
 590              		.loc 1 182 31 view .LVU243
 591 013a 37EE257A 		vadd.f32	s14, s14, s11
 182:Algorithms/Control/pid.c ****         LimitMax(pid->out, pid->max_out);
 592              		.loc 1 182 43 view .LVU244
 593 013e 77EE877A 		vadd.f32	s15, s15, s14
 182:Algorithms/Control/pid.c ****         LimitMax(pid->out, pid->max_out);
 594              		.loc 1 182 18 view .LVU245
 595 0142 76EEA77A 		vadd.f32	s15, s13, s15
 596 0146 C3ED087A 		vstr.32	s15, [r3, #32]
 183:Algorithms/Control/pid.c ****     }
 597              		.loc 1 183 9 is_stmt 1 view .LVU246
 598 014a 93ED047A 		vldr.32	s14, [r3, #16]
 599 014e F4EEC77A 		vcmpe.f32	s15, s14
 600 0152 F1EE10FA 		vmrs	APSR_nzcv, FPSCR
 601 0156 02DD     		ble	.L60
 183:Algorithms/Control/pid.c ****     }
 602              		.loc 1 183 9 discriminator 1 view .LVU247
 603 0158 83ED087A 		vstr.32	s14, [r3, #32]
 604 015c C6E7     		b	.L44
 605              	.L60:
 183:Algorithms/Control/pid.c ****     }
 606              		.loc 1 183 9 discriminator 2 view .LVU248
ARM GAS  C:\Users\11464\AppData\Local\Temp\ccT7xx0M.s 			page 16


 607 015e B1EE477A 		vneg.f32	s14, s14
 608 0162 F4EEC77A 		vcmpe.f32	s15, s14
 609 0166 F1EE10FA 		vmrs	APSR_nzcv, FPSCR
 610 016a BFD5     		bpl	.L44
 183:Algorithms/Control/pid.c ****     }
 611              		.loc 1 183 9 discriminator 3 view .LVU249
 612 016c 83ED087A 		vstr.32	s14, [r3, #32]
 613 0170 BCE7     		b	.L44
 614              	.LVL14:
 615              	.L49:
 153:Algorithms/Control/pid.c ****     }
 616              		.loc 1 153 16 is_stmt 0 view .LVU250
 617 0172 9FED010A 		vldr.32	s0, .L62
 618              	.LVL15:
 186:Algorithms/Control/pid.c **** }
 619              		.loc 1 186 1 view .LVU251
 620 0176 7047     		bx	lr
 621              	.L63:
 622              		.align	2
 623              	.L62:
 624 0178 00000000 		.word	0
 625              		.cfi_endproc
 626              	.LFE147:
 628              		.section	.text.PID_IS_calc,"ax",%progbits
 629              		.align	1
 630              		.global	PID_IS_calc
 631              		.syntax unified
 632              		.thumb
 633              		.thumb_func
 635              	PID_IS_calc:
 636              	.LVL16:
 637              	.LFB148:
 187:Algorithms/Control/pid.c **** 
 188:Algorithms/Control/pid.c **** 
 189:Algorithms/Control/pid.c **** fp32 PID_IS_calc(pid_type_def *pid, fp32 ref, fp32 set, fp32 I_error)
 190:Algorithms/Control/pid.c **** {
 638              		.loc 1 190 1 is_stmt 1 view -0
 639              		.cfi_startproc
 640              		@ args = 0, pretend = 0, frame = 0
 641              		@ frame_needed = 0, uses_anonymous_args = 0
 642              		@ link register save eliminated.
 191:Algorithms/Control/pid.c ****     if (pid == NULL)
 643              		.loc 1 191 5 view .LVU253
 644              		.loc 1 191 8 is_stmt 0 view .LVU254
 645 0000 0346     		mov	r3, r0
 646 0002 0028     		cmp	r0, #0
 647 0004 00F0AF80 		beq	.L81
 192:Algorithms/Control/pid.c ****     {
 193:Algorithms/Control/pid.c ****         return 0.0f;
 194:Algorithms/Control/pid.c ****     }
 195:Algorithms/Control/pid.c **** 
 196:Algorithms/Control/pid.c ****     pid->error[2] = pid->error[1];
 648              		.loc 1 196 5 is_stmt 1 view .LVU255
 649              		.loc 1 196 31 is_stmt 0 view .LVU256
 650 0008 D0ED107A 		vldr.32	s15, [r0, #64]
 651              		.loc 1 196 19 view .LVU257
 652 000c C0ED117A 		vstr.32	s15, [r0, #68]
ARM GAS  C:\Users\11464\AppData\Local\Temp\ccT7xx0M.s 			page 17


 197:Algorithms/Control/pid.c ****     pid->error[1] = pid->error[0];
 653              		.loc 1 197 5 is_stmt 1 view .LVU258
 654              		.loc 1 197 31 is_stmt 0 view .LVU259
 655 0010 90ED0F7A 		vldr.32	s14, [r0, #60]
 656              		.loc 1 197 19 view .LVU260
 657 0014 80ED107A 		vstr.32	s14, [r0, #64]
 198:Algorithms/Control/pid.c ****     pid->set = set;
 658              		.loc 1 198 5 is_stmt 1 view .LVU261
 659              		.loc 1 198 14 is_stmt 0 view .LVU262
 660 0018 C0ED060A 		vstr.32	s1, [r0, #24]
 199:Algorithms/Control/pid.c ****     pid->fdb = ref;
 661              		.loc 1 199 5 is_stmt 1 view .LVU263
 662              		.loc 1 199 14 is_stmt 0 view .LVU264
 663 001c 80ED070A 		vstr.32	s0, [r0, #28]
 200:Algorithms/Control/pid.c ****     pid->error[0] = set - ref;
 664              		.loc 1 200 5 is_stmt 1 view .LVU265
 665              		.loc 1 200 25 is_stmt 0 view .LVU266
 666 0020 70EEC00A 		vsub.f32	s1, s1, s0
 667              	.LVL17:
 668              		.loc 1 200 19 view .LVU267
 669 0024 C0ED0F0A 		vstr.32	s1, [r0, #60]
 201:Algorithms/Control/pid.c ****     if (pid->mode == PID_POSITION)
 670              		.loc 1 201 5 is_stmt 1 view .LVU268
 671              		.loc 1 201 12 is_stmt 0 view .LVU269
 672 0028 0278     		ldrb	r2, [r0]	@ zero_extendqisi2
 673              		.loc 1 201 8 view .LVU270
 674 002a 002A     		cmp	r2, #0
 675 002c 58D1     		bne	.L66
 202:Algorithms/Control/pid.c ****     {
 203:Algorithms/Control/pid.c ****         pid->Pout = pid->Kp * pid->error[0];
 676              		.loc 1 203 9 is_stmt 1 view .LVU271
 677              		.loc 1 203 24 is_stmt 0 view .LVU272
 678 002e D0ED017A 		vldr.32	s15, [r0, #4]
 679              		.loc 1 203 29 view .LVU273
 680 0032 60EEA77A 		vmul.f32	s15, s1, s15
 681              		.loc 1 203 19 view .LVU274
 682 0036 C0ED097A 		vstr.32	s15, [r0, #36]
 204:Algorithms/Control/pid.c **** 				if(fabs(pid->error[0])<I_error)
 683              		.loc 1 204 5 is_stmt 1 view .LVU275
 684              		.loc 1 204 8 is_stmt 0 view .LVU276
 685 003a F0EEE06A 		vabs.f32	s13, s1
 686              		.loc 1 204 7 view .LVU277
 687 003e F4EEC16A 		vcmpe.f32	s13, s2
 688 0042 F1EE10FA 		vmrs	APSR_nzcv, FPSCR
 689 0046 34D5     		bpl	.L89
 205:Algorithms/Control/pid.c **** 					pid->Iout += pid->Ki * pid->error[0];
 690              		.loc 1 205 6 is_stmt 1 view .LVU278
 691              		.loc 1 205 9 is_stmt 0 view .LVU279
 692 0048 D0ED0A6A 		vldr.32	s13, [r0, #40]
 693              		.loc 1 205 22 view .LVU280
 694 004c 90ED026A 		vldr.32	s12, [r0, #8]
 695              		.loc 1 205 27 view .LVU281
 696 0050 20EE866A 		vmul.f32	s12, s1, s12
 697              		.loc 1 205 16 view .LVU282
 698 0054 76EE866A 		vadd.f32	s13, s13, s12
 699 0058 C0ED0A6A 		vstr.32	s13, [r0, #40]
 700              	.L69:
ARM GAS  C:\Users\11464\AppData\Local\Temp\ccT7xx0M.s 			page 18


 206:Algorithms/Control/pid.c **** 				else
 207:Algorithms/Control/pid.c **** 					pid->Iout = 0;
 208:Algorithms/Control/pid.c ****         pid->Dbuf[2] = pid->Dbuf[1];
 701              		.loc 1 208 9 is_stmt 1 view .LVU283
 702              		.loc 1 208 33 is_stmt 0 view .LVU284
 703 005c 5A6B     		ldr	r2, [r3, #52]	@ float
 704              		.loc 1 208 22 view .LVU285
 705 005e 9A63     		str	r2, [r3, #56]	@ float
 209:Algorithms/Control/pid.c ****         pid->Dbuf[1] = pid->Dbuf[0];
 706              		.loc 1 209 9 is_stmt 1 view .LVU286
 707              		.loc 1 209 33 is_stmt 0 view .LVU287
 708 0060 1A6B     		ldr	r2, [r3, #48]	@ float
 709              		.loc 1 209 22 view .LVU288
 710 0062 5A63     		str	r2, [r3, #52]	@ float
 210:Algorithms/Control/pid.c ****         pid->Dbuf[0] = (pid->error[0] - pid->error[1]);
 711              		.loc 1 210 9 is_stmt 1 view .LVU289
 712              		.loc 1 210 39 is_stmt 0 view .LVU290
 713 0064 70EEC70A 		vsub.f32	s1, s1, s14
 714              		.loc 1 210 22 view .LVU291
 715 0068 C3ED0C0A 		vstr.32	s1, [r3, #48]
 211:Algorithms/Control/pid.c ****         pid->Dout = pid->Kd * pid->Dbuf[0];
 716              		.loc 1 211 9 is_stmt 1 view .LVU292
 717              		.loc 1 211 24 is_stmt 0 view .LVU293
 718 006c 93ED037A 		vldr.32	s14, [r3, #12]
 719              		.loc 1 211 29 view .LVU294
 720 0070 60EE870A 		vmul.f32	s1, s1, s14
 721              		.loc 1 211 19 view .LVU295
 722 0074 C3ED0B0A 		vstr.32	s1, [r3, #44]
 212:Algorithms/Control/pid.c ****         LimitMax(pid->Iout, pid->max_iout);
 723              		.loc 1 212 9 is_stmt 1 view .LVU296
 724 0078 D3ED0A6A 		vldr.32	s13, [r3, #40]
 725 007c 93ED057A 		vldr.32	s14, [r3, #20]
 726 0080 F4EEC76A 		vcmpe.f32	s13, s14
 727 0084 F1EE10FA 		vmrs	APSR_nzcv, FPSCR
 728 0088 16DD     		ble	.L90
 729              		.loc 1 212 9 discriminator 1 view .LVU297
 730 008a 83ED0A7A 		vstr.32	s14, [r3, #40]
 731              	.L72:
 732              		.loc 1 212 43 view .LVU298
 213:Algorithms/Control/pid.c ****         pid->out = pid->Pout + pid->Iout + pid->Dout;
 733              		.loc 1 213 9 view .LVU299
 734              		.loc 1 213 35 is_stmt 0 view .LVU300
 735 008e 93ED0A7A 		vldr.32	s14, [r3, #40]
 736              		.loc 1 213 30 view .LVU301
 737 0092 77EE877A 		vadd.f32	s15, s15, s14
 738              		.loc 1 213 42 view .LVU302
 739 0096 70EEA70A 		vadd.f32	s1, s1, s15
 740              		.loc 1 213 18 view .LVU303
 741 009a C3ED080A 		vstr.32	s1, [r3, #32]
 214:Algorithms/Control/pid.c ****         LimitMax(pid->out, pid->max_out);
 742              		.loc 1 214 9 is_stmt 1 view .LVU304
 743 009e D3ED047A 		vldr.32	s15, [r3, #16]
 744 00a2 F4EEE70A 		vcmpe.f32	s1, s15
 745 00a6 F1EE10FA 		vmrs	APSR_nzcv, FPSCR
 746 00aa 0FDD     		ble	.L91
 747              		.loc 1 214 9 discriminator 1 view .LVU305
 748 00ac C3ED087A 		vstr.32	s15, [r3, #32]
ARM GAS  C:\Users\11464\AppData\Local\Temp\ccT7xx0M.s 			page 19


 749 00b0 18E0     		b	.L76
 750              	.L89:
 207:Algorithms/Control/pid.c ****         pid->Dbuf[2] = pid->Dbuf[1];
 751              		.loc 1 207 6 view .LVU306
 207:Algorithms/Control/pid.c ****         pid->Dbuf[2] = pid->Dbuf[1];
 752              		.loc 1 207 16 is_stmt 0 view .LVU307
 753 00b2 0022     		movs	r2, #0
 754 00b4 8262     		str	r2, [r0, #40]	@ float
 755 00b6 D1E7     		b	.L69
 756              	.L90:
 212:Algorithms/Control/pid.c ****         pid->out = pid->Pout + pid->Iout + pid->Dout;
 757              		.loc 1 212 9 is_stmt 1 discriminator 2 view .LVU308
 758 00b8 B1EE477A 		vneg.f32	s14, s14
 759 00bc F4EEC76A 		vcmpe.f32	s13, s14
 760 00c0 F1EE10FA 		vmrs	APSR_nzcv, FPSCR
 761 00c4 E3D5     		bpl	.L72
 212:Algorithms/Control/pid.c ****         pid->out = pid->Pout + pid->Iout + pid->Dout;
 762              		.loc 1 212 9 discriminator 3 view .LVU309
 763 00c6 83ED0A7A 		vstr.32	s14, [r3, #40]
 764 00ca E0E7     		b	.L72
 765              	.L91:
 766              		.loc 1 214 9 discriminator 2 view .LVU310
 767 00cc F1EE677A 		vneg.f32	s15, s15
 768 00d0 F4EEE70A 		vcmpe.f32	s1, s15
 769 00d4 F1EE10FA 		vmrs	APSR_nzcv, FPSCR
 770 00d8 04D5     		bpl	.L76
 771              		.loc 1 214 9 discriminator 3 view .LVU311
 772 00da C3ED087A 		vstr.32	s15, [r3, #32]
 773 00de 01E0     		b	.L76
 774              	.L66:
 215:Algorithms/Control/pid.c ****     }
 216:Algorithms/Control/pid.c ****     else if (pid->mode == PID_DELTA)
 775              		.loc 1 216 10 view .LVU312
 776              		.loc 1 216 13 is_stmt 0 view .LVU313
 777 00e0 012A     		cmp	r2, #1
 778 00e2 02D0     		beq	.L93
 779              	.L76:
 217:Algorithms/Control/pid.c ****     {
 218:Algorithms/Control/pid.c ****         pid->Pout = pid->Kp * (pid->error[0] - pid->error[1]);
 219:Algorithms/Control/pid.c ****         pid->Iout = pid->Ki * pid->error[0];
 220:Algorithms/Control/pid.c ****         pid->Dbuf[2] = pid->Dbuf[1];
 221:Algorithms/Control/pid.c ****         pid->Dbuf[1] = pid->Dbuf[0];
 222:Algorithms/Control/pid.c ****         pid->Dbuf[0] = (pid->error[0] - 2.0f * pid->error[1] + pid->error[2]);
 223:Algorithms/Control/pid.c ****         pid->Dout = pid->Kd * pid->Dbuf[0];
 224:Algorithms/Control/pid.c ****         pid->out += pid->Pout + pid->Iout + pid->Dout;
 225:Algorithms/Control/pid.c ****         LimitMax(pid->out, pid->max_out);
 780              		.loc 1 225 41 is_stmt 1 view .LVU314
 226:Algorithms/Control/pid.c ****     }
 227:Algorithms/Control/pid.c ****     return pid->out;
 781              		.loc 1 227 5 view .LVU315
 782              		.loc 1 227 15 is_stmt 0 view .LVU316
 783 00e4 93ED080A 		vldr.32	s0, [r3, #32]
 784              	.LVL18:
 785              		.loc 1 227 15 view .LVU317
 786 00e8 7047     		bx	lr
 787              	.LVL19:
 788              	.L93:
ARM GAS  C:\Users\11464\AppData\Local\Temp\ccT7xx0M.s 			page 20


 218:Algorithms/Control/pid.c ****         pid->Iout = pid->Ki * pid->error[0];
 789              		.loc 1 218 9 is_stmt 1 view .LVU318
 218:Algorithms/Control/pid.c ****         pid->Iout = pid->Ki * pid->error[0];
 790              		.loc 1 218 24 is_stmt 0 view .LVU319
 791 00ea D0ED016A 		vldr.32	s13, [r0, #4]
 218:Algorithms/Control/pid.c ****         pid->Iout = pid->Ki * pid->error[0];
 792              		.loc 1 218 46 view .LVU320
 793 00ee 30EEC76A 		vsub.f32	s12, s1, s14
 218:Algorithms/Control/pid.c ****         pid->Iout = pid->Ki * pid->error[0];
 794              		.loc 1 218 29 view .LVU321
 795 00f2 66EE866A 		vmul.f32	s13, s13, s12
 218:Algorithms/Control/pid.c ****         pid->Iout = pid->Ki * pid->error[0];
 796              		.loc 1 218 19 view .LVU322
 797 00f6 C0ED096A 		vstr.32	s13, [r0, #36]
 219:Algorithms/Control/pid.c ****         pid->Dbuf[2] = pid->Dbuf[1];
 798              		.loc 1 219 9 is_stmt 1 view .LVU323
 219:Algorithms/Control/pid.c ****         pid->Dbuf[2] = pid->Dbuf[1];
 799              		.loc 1 219 24 is_stmt 0 view .LVU324
 800 00fa 90ED026A 		vldr.32	s12, [r0, #8]
 219:Algorithms/Control/pid.c ****         pid->Dbuf[2] = pid->Dbuf[1];
 801              		.loc 1 219 29 view .LVU325
 802 00fe 20EE866A 		vmul.f32	s12, s1, s12
 219:Algorithms/Control/pid.c ****         pid->Dbuf[2] = pid->Dbuf[1];
 803              		.loc 1 219 19 view .LVU326
 804 0102 80ED0A6A 		vstr.32	s12, [r0, #40]
 220:Algorithms/Control/pid.c ****         pid->Dbuf[1] = pid->Dbuf[0];
 805              		.loc 1 220 9 is_stmt 1 view .LVU327
 220:Algorithms/Control/pid.c ****         pid->Dbuf[1] = pid->Dbuf[0];
 806              		.loc 1 220 33 is_stmt 0 view .LVU328
 807 0106 426B     		ldr	r2, [r0, #52]	@ float
 220:Algorithms/Control/pid.c ****         pid->Dbuf[1] = pid->Dbuf[0];
 808              		.loc 1 220 22 view .LVU329
 809 0108 8263     		str	r2, [r0, #56]	@ float
 221:Algorithms/Control/pid.c ****         pid->Dbuf[0] = (pid->error[0] - 2.0f * pid->error[1] + pid->error[2]);
 810              		.loc 1 221 9 is_stmt 1 view .LVU330
 221:Algorithms/Control/pid.c ****         pid->Dbuf[0] = (pid->error[0] - 2.0f * pid->error[1] + pid->error[2]);
 811              		.loc 1 221 33 is_stmt 0 view .LVU331
 812 010a 026B     		ldr	r2, [r0, #48]	@ float
 221:Algorithms/Control/pid.c ****         pid->Dbuf[0] = (pid->error[0] - 2.0f * pid->error[1] + pid->error[2]);
 813              		.loc 1 221 22 view .LVU332
 814 010c 4263     		str	r2, [r0, #52]	@ float
 222:Algorithms/Control/pid.c ****         pid->Dout = pid->Kd * pid->Dbuf[0];
 815              		.loc 1 222 9 is_stmt 1 view .LVU333
 222:Algorithms/Control/pid.c ****         pid->Dout = pid->Kd * pid->Dbuf[0];
 816              		.loc 1 222 46 is_stmt 0 view .LVU334
 817 010e 37EE077A 		vadd.f32	s14, s14, s14
 222:Algorithms/Control/pid.c ****         pid->Dout = pid->Kd * pid->Dbuf[0];
 818              		.loc 1 222 39 view .LVU335
 819 0112 70EEC70A 		vsub.f32	s1, s1, s14
 222:Algorithms/Control/pid.c ****         pid->Dout = pid->Kd * pid->Dbuf[0];
 820              		.loc 1 222 62 view .LVU336
 821 0116 77EEA07A 		vadd.f32	s15, s15, s1
 222:Algorithms/Control/pid.c ****         pid->Dout = pid->Kd * pid->Dbuf[0];
 822              		.loc 1 222 22 view .LVU337
 823 011a C0ED0C7A 		vstr.32	s15, [r0, #48]
 223:Algorithms/Control/pid.c ****         pid->out += pid->Pout + pid->Iout + pid->Dout;
 824              		.loc 1 223 9 is_stmt 1 view .LVU338
ARM GAS  C:\Users\11464\AppData\Local\Temp\ccT7xx0M.s 			page 21


 223:Algorithms/Control/pid.c ****         pid->out += pid->Pout + pid->Iout + pid->Dout;
 825              		.loc 1 223 24 is_stmt 0 view .LVU339
 826 011e 90ED037A 		vldr.32	s14, [r0, #12]
 223:Algorithms/Control/pid.c ****         pid->out += pid->Pout + pid->Iout + pid->Dout;
 827              		.loc 1 223 29 view .LVU340
 828 0122 67EE877A 		vmul.f32	s15, s15, s14
 223:Algorithms/Control/pid.c ****         pid->out += pid->Pout + pid->Iout + pid->Dout;
 829              		.loc 1 223 19 view .LVU341
 830 0126 C0ED0B7A 		vstr.32	s15, [r0, #44]
 224:Algorithms/Control/pid.c ****         LimitMax(pid->out, pid->max_out);
 831              		.loc 1 224 9 is_stmt 1 view .LVU342
 224:Algorithms/Control/pid.c ****         LimitMax(pid->out, pid->max_out);
 832              		.loc 1 224 12 is_stmt 0 view .LVU343
 833 012a 90ED087A 		vldr.32	s14, [r0, #32]
 224:Algorithms/Control/pid.c ****         LimitMax(pid->out, pid->max_out);
 834              		.loc 1 224 31 view .LVU344
 835 012e 76EE866A 		vadd.f32	s13, s13, s12
 224:Algorithms/Control/pid.c ****         LimitMax(pid->out, pid->max_out);
 836              		.loc 1 224 43 view .LVU345
 837 0132 77EEA67A 		vadd.f32	s15, s15, s13
 224:Algorithms/Control/pid.c ****         LimitMax(pid->out, pid->max_out);
 838              		.loc 1 224 18 view .LVU346
 839 0136 77EE277A 		vadd.f32	s15, s14, s15
 840 013a C0ED087A 		vstr.32	s15, [r0, #32]
 225:Algorithms/Control/pid.c ****     }
 841              		.loc 1 225 9 is_stmt 1 view .LVU347
 842 013e 90ED047A 		vldr.32	s14, [r0, #16]
 843 0142 F4EEC77A 		vcmpe.f32	s15, s14
 844 0146 F1EE10FA 		vmrs	APSR_nzcv, FPSCR
 845 014a 02DD     		ble	.L92
 225:Algorithms/Control/pid.c ****     }
 846              		.loc 1 225 9 discriminator 1 view .LVU348
 847 014c 80ED087A 		vstr.32	s14, [r0, #32]
 848 0150 C8E7     		b	.L76
 849              	.L92:
 225:Algorithms/Control/pid.c ****     }
 850              		.loc 1 225 9 discriminator 2 view .LVU349
 851 0152 B1EE477A 		vneg.f32	s14, s14
 852 0156 F4EEC77A 		vcmpe.f32	s15, s14
 853 015a F1EE10FA 		vmrs	APSR_nzcv, FPSCR
 854 015e C1D5     		bpl	.L76
 225:Algorithms/Control/pid.c ****     }
 855              		.loc 1 225 9 discriminator 3 view .LVU350
 856 0160 80ED087A 		vstr.32	s14, [r0, #32]
 857 0164 BEE7     		b	.L76
 858              	.LVL20:
 859              	.L81:
 193:Algorithms/Control/pid.c ****     }
 860              		.loc 1 193 16 is_stmt 0 view .LVU351
 861 0166 9FED010A 		vldr.32	s0, .L94
 862              	.LVL21:
 228:Algorithms/Control/pid.c **** }
 863              		.loc 1 228 1 view .LVU352
 864 016a 7047     		bx	lr
 865              	.L95:
 866              		.align	2
 867              	.L94:
ARM GAS  C:\Users\11464\AppData\Local\Temp\ccT7xx0M.s 			page 22


 868 016c 00000000 		.word	0
 869              		.cfi_endproc
 870              	.LFE148:
 872              		.section	.text.PID_err_calc,"ax",%progbits
 873              		.align	1
 874              		.global	PID_err_calc
 875              		.syntax unified
 876              		.thumb
 877              		.thumb_func
 879              	PID_err_calc:
 880              	.LVL22:
 881              	.LFB149:
 229:Algorithms/Control/pid.c **** 
 230:Algorithms/Control/pid.c **** 
 231:Algorithms/Control/pid.c **** 
 232:Algorithms/Control/pid.c **** /**
 233:Algorithms/Control/pid.c ****   * @brief          pid计算
 234:Algorithms/Control/pid.c ****   * @param[out]     pid: PID结构数据指针
 235:Algorithms/Control/pid.c ****   * @param[in]      ref: 反馈数据
 236:Algorithms/Control/pid.c ****   * @param[in]      set: 设定值
 237:Algorithms/Control/pid.c ****   * @retval         pid输出
 238:Algorithms/Control/pid.c ****   */
 239:Algorithms/Control/pid.c **** fp32 PID_err_calc(pid_type_def *pid, fp32 error)
 240:Algorithms/Control/pid.c **** {
 882              		.loc 1 240 1 is_stmt 1 view -0
 883              		.cfi_startproc
 884              		@ args = 0, pretend = 0, frame = 0
 885              		@ frame_needed = 0, uses_anonymous_args = 0
 886              		@ link register save eliminated.
 241:Algorithms/Control/pid.c ****     if (pid == NULL)
 887              		.loc 1 241 5 view .LVU354
 888              		.loc 1 241 8 is_stmt 0 view .LVU355
 889 0000 0346     		mov	r3, r0
 890 0002 0028     		cmp	r0, #0
 891 0004 00F09D80 		beq	.L110
 242:Algorithms/Control/pid.c ****     {
 243:Algorithms/Control/pid.c ****         return 0.0f;
 244:Algorithms/Control/pid.c ****     }
 245:Algorithms/Control/pid.c **** 
 246:Algorithms/Control/pid.c ****     pid->error[2] = pid->error[1];
 892              		.loc 1 246 5 is_stmt 1 view .LVU356
 893              		.loc 1 246 31 is_stmt 0 view .LVU357
 894 0008 D0ED107A 		vldr.32	s15, [r0, #64]
 895              		.loc 1 246 19 view .LVU358
 896 000c C0ED117A 		vstr.32	s15, [r0, #68]
 247:Algorithms/Control/pid.c ****     pid->error[1] = pid->error[0];
 897              		.loc 1 247 5 is_stmt 1 view .LVU359
 898              		.loc 1 247 31 is_stmt 0 view .LVU360
 899 0010 90ED0F7A 		vldr.32	s14, [r0, #60]
 900              		.loc 1 247 19 view .LVU361
 901 0014 80ED107A 		vstr.32	s14, [r0, #64]
 248:Algorithms/Control/pid.c ****     pid->error[0] = error;
 902              		.loc 1 248 5 is_stmt 1 view .LVU362
 903              		.loc 1 248 19 is_stmt 0 view .LVU363
 904 0018 80ED0F0A 		vstr.32	s0, [r0, #60]
 249:Algorithms/Control/pid.c ****     if (pid->mode == PID_POSITION)
 905              		.loc 1 249 5 is_stmt 1 view .LVU364
ARM GAS  C:\Users\11464\AppData\Local\Temp\ccT7xx0M.s 			page 23


 906              		.loc 1 249 12 is_stmt 0 view .LVU365
 907 001c 0278     		ldrb	r2, [r0]	@ zero_extendqisi2
 908              		.loc 1 249 8 view .LVU366
 909 001e 002A     		cmp	r2, #0
 910 0020 4CD1     		bne	.L98
 250:Algorithms/Control/pid.c ****     {
 251:Algorithms/Control/pid.c ****         pid->Pout = pid->Kp * pid->error[0];
 911              		.loc 1 251 9 is_stmt 1 view .LVU367
 912              		.loc 1 251 24 is_stmt 0 view .LVU368
 913 0022 D0ED017A 		vldr.32	s15, [r0, #4]
 914              		.loc 1 251 29 view .LVU369
 915 0026 67EE807A 		vmul.f32	s15, s15, s0
 916              		.loc 1 251 19 view .LVU370
 917 002a C0ED097A 		vstr.32	s15, [r0, #36]
 252:Algorithms/Control/pid.c ****         pid->Iout += pid->Ki * pid->error[0];
 918              		.loc 1 252 9 is_stmt 1 view .LVU371
 919              		.loc 1 252 12 is_stmt 0 view .LVU372
 920 002e D0ED0A6A 		vldr.32	s13, [r0, #40]
 921              		.loc 1 252 25 view .LVU373
 922 0032 90ED026A 		vldr.32	s12, [r0, #8]
 923              		.loc 1 252 30 view .LVU374
 924 0036 26EE006A 		vmul.f32	s12, s12, s0
 925              		.loc 1 252 19 view .LVU375
 926 003a 76EE866A 		vadd.f32	s13, s13, s12
 927 003e C0ED0A6A 		vstr.32	s13, [r0, #40]
 253:Algorithms/Control/pid.c ****         pid->Dbuf[2] = pid->Dbuf[1];
 928              		.loc 1 253 9 is_stmt 1 view .LVU376
 929              		.loc 1 253 33 is_stmt 0 view .LVU377
 930 0042 426B     		ldr	r2, [r0, #52]	@ float
 931              		.loc 1 253 22 view .LVU378
 932 0044 8263     		str	r2, [r0, #56]	@ float
 254:Algorithms/Control/pid.c ****         pid->Dbuf[1] = pid->Dbuf[0];
 933              		.loc 1 254 9 is_stmt 1 view .LVU379
 934              		.loc 1 254 33 is_stmt 0 view .LVU380
 935 0046 026B     		ldr	r2, [r0, #48]	@ float
 936              		.loc 1 254 22 view .LVU381
 937 0048 4263     		str	r2, [r0, #52]	@ float
 255:Algorithms/Control/pid.c ****         pid->Dbuf[0] = (pid->error[0] - pid->error[1]);
 938              		.loc 1 255 9 is_stmt 1 view .LVU382
 939              		.loc 1 255 39 is_stmt 0 view .LVU383
 940 004a 30EE470A 		vsub.f32	s0, s0, s14
 941              	.LVL23:
 942              		.loc 1 255 22 view .LVU384
 943 004e 80ED0C0A 		vstr.32	s0, [r0, #48]
 256:Algorithms/Control/pid.c ****         pid->Dout = pid->Kd * pid->Dbuf[0];
 944              		.loc 1 256 9 is_stmt 1 view .LVU385
 945              		.loc 1 256 24 is_stmt 0 view .LVU386
 946 0052 90ED037A 		vldr.32	s14, [r0, #12]
 947              		.loc 1 256 29 view .LVU387
 948 0056 20EE070A 		vmul.f32	s0, s0, s14
 949              		.loc 1 256 19 view .LVU388
 950 005a 80ED0B0A 		vstr.32	s0, [r0, #44]
 257:Algorithms/Control/pid.c ****         LimitMax(pid->Iout, pid->max_iout);
 951              		.loc 1 257 9 is_stmt 1 view .LVU389
 952 005e 90ED057A 		vldr.32	s14, [r0, #20]
 953 0062 F4EEC76A 		vcmpe.f32	s13, s14
 954 0066 F1EE10FA 		vmrs	APSR_nzcv, FPSCR
ARM GAS  C:\Users\11464\AppData\Local\Temp\ccT7xx0M.s 			page 24


 955 006a 13DD     		ble	.L117
 956              		.loc 1 257 9 discriminator 1 view .LVU390
 957 006c 80ED0A7A 		vstr.32	s14, [r0, #40]
 958              	.L101:
 959              		.loc 1 257 43 view .LVU391
 258:Algorithms/Control/pid.c ****         pid->out = pid->Pout + pid->Iout + pid->Dout;
 960              		.loc 1 258 9 view .LVU392
 961              		.loc 1 258 35 is_stmt 0 view .LVU393
 962 0070 93ED0A7A 		vldr.32	s14, [r3, #40]
 963              		.loc 1 258 30 view .LVU394
 964 0074 77EE877A 		vadd.f32	s15, s15, s14
 965              		.loc 1 258 42 view .LVU395
 966 0078 30EE270A 		vadd.f32	s0, s0, s15
 967              		.loc 1 258 18 view .LVU396
 968 007c 83ED080A 		vstr.32	s0, [r3, #32]
 259:Algorithms/Control/pid.c ****         LimitMax(pid->out, pid->max_out);
 969              		.loc 1 259 9 is_stmt 1 view .LVU397
 970 0080 D3ED047A 		vldr.32	s15, [r3, #16]
 971 0084 B4EEE70A 		vcmpe.f32	s0, s15
 972 0088 F1EE10FA 		vmrs	APSR_nzcv, FPSCR
 973 008c 0CDD     		ble	.L118
 974              		.loc 1 259 9 discriminator 1 view .LVU398
 975 008e C3ED087A 		vstr.32	s15, [r3, #32]
 976 0092 15E0     		b	.L105
 977              	.L117:
 257:Algorithms/Control/pid.c ****         LimitMax(pid->Iout, pid->max_iout);
 978              		.loc 1 257 9 discriminator 2 view .LVU399
 979 0094 B1EE477A 		vneg.f32	s14, s14
 980 0098 F4EEC76A 		vcmpe.f32	s13, s14
 981 009c F1EE10FA 		vmrs	APSR_nzcv, FPSCR
 982 00a0 E6D5     		bpl	.L101
 257:Algorithms/Control/pid.c ****         LimitMax(pid->Iout, pid->max_iout);
 983              		.loc 1 257 9 discriminator 3 view .LVU400
 984 00a2 80ED0A7A 		vstr.32	s14, [r0, #40]
 985 00a6 E3E7     		b	.L101
 986              	.L118:
 987              		.loc 1 259 9 discriminator 2 view .LVU401
 988 00a8 F1EE677A 		vneg.f32	s15, s15
 989 00ac B4EEE70A 		vcmpe.f32	s0, s15
 990 00b0 F1EE10FA 		vmrs	APSR_nzcv, FPSCR
 991 00b4 04D5     		bpl	.L105
 992              		.loc 1 259 9 discriminator 3 view .LVU402
 993 00b6 C3ED087A 		vstr.32	s15, [r3, #32]
 994 00ba 01E0     		b	.L105
 995              	.LVL24:
 996              	.L98:
 260:Algorithms/Control/pid.c ****     }
 261:Algorithms/Control/pid.c ****     else if (pid->mode == PID_DELTA)
 997              		.loc 1 261 10 view .LVU403
 998              		.loc 1 261 13 is_stmt 0 view .LVU404
 999 00bc 012A     		cmp	r2, #1
 1000 00be 02D0     		beq	.L120
 1001              	.LVL25:
 1002              	.L105:
 262:Algorithms/Control/pid.c ****     {
 263:Algorithms/Control/pid.c ****         pid->Pout = pid->Kp * (pid->error[0] - pid->error[1]);
 264:Algorithms/Control/pid.c ****         pid->Iout = pid->Ki * pid->error[0];
ARM GAS  C:\Users\11464\AppData\Local\Temp\ccT7xx0M.s 			page 25


 265:Algorithms/Control/pid.c ****         pid->Dbuf[2] = pid->Dbuf[1];
 266:Algorithms/Control/pid.c ****         pid->Dbuf[1] = pid->Dbuf[0];
 267:Algorithms/Control/pid.c ****         pid->Dbuf[0] = (pid->error[0] - 2.0f * pid->error[1] + pid->error[2]);
 268:Algorithms/Control/pid.c ****         pid->Dout = pid->Kd * pid->Dbuf[0];
 269:Algorithms/Control/pid.c ****         pid->out += pid->Pout + pid->Iout + pid->Dout;
 270:Algorithms/Control/pid.c ****         LimitMax(pid->out, pid->max_out);
 1003              		.loc 1 270 41 is_stmt 1 view .LVU405
 271:Algorithms/Control/pid.c ****     }
 272:Algorithms/Control/pid.c ****     return pid->out;
 1004              		.loc 1 272 5 view .LVU406
 1005              		.loc 1 272 15 is_stmt 0 view .LVU407
 1006 00c0 93ED080A 		vldr.32	s0, [r3, #32]
 1007 00c4 7047     		bx	lr
 1008              	.LVL26:
 1009              	.L120:
 263:Algorithms/Control/pid.c ****         pid->Iout = pid->Ki * pid->error[0];
 1010              		.loc 1 263 9 is_stmt 1 view .LVU408
 263:Algorithms/Control/pid.c ****         pid->Iout = pid->Ki * pid->error[0];
 1011              		.loc 1 263 24 is_stmt 0 view .LVU409
 1012 00c6 D0ED016A 		vldr.32	s13, [r0, #4]
 263:Algorithms/Control/pid.c ****         pid->Iout = pid->Ki * pid->error[0];
 1013              		.loc 1 263 46 view .LVU410
 1014 00ca 30EE476A 		vsub.f32	s12, s0, s14
 263:Algorithms/Control/pid.c ****         pid->Iout = pid->Ki * pid->error[0];
 1015              		.loc 1 263 29 view .LVU411
 1016 00ce 66EE866A 		vmul.f32	s13, s13, s12
 263:Algorithms/Control/pid.c ****         pid->Iout = pid->Ki * pid->error[0];
 1017              		.loc 1 263 19 view .LVU412
 1018 00d2 C0ED096A 		vstr.32	s13, [r0, #36]
 264:Algorithms/Control/pid.c ****         pid->Dbuf[2] = pid->Dbuf[1];
 1019              		.loc 1 264 9 is_stmt 1 view .LVU413
 264:Algorithms/Control/pid.c ****         pid->Dbuf[2] = pid->Dbuf[1];
 1020              		.loc 1 264 24 is_stmt 0 view .LVU414
 1021 00d6 90ED026A 		vldr.32	s12, [r0, #8]
 264:Algorithms/Control/pid.c ****         pid->Dbuf[2] = pid->Dbuf[1];
 1022              		.loc 1 264 29 view .LVU415
 1023 00da 26EE006A 		vmul.f32	s12, s12, s0
 264:Algorithms/Control/pid.c ****         pid->Dbuf[2] = pid->Dbuf[1];
 1024              		.loc 1 264 19 view .LVU416
 1025 00de 80ED0A6A 		vstr.32	s12, [r0, #40]
 265:Algorithms/Control/pid.c ****         pid->Dbuf[1] = pid->Dbuf[0];
 1026              		.loc 1 265 9 is_stmt 1 view .LVU417
 265:Algorithms/Control/pid.c ****         pid->Dbuf[1] = pid->Dbuf[0];
 1027              		.loc 1 265 33 is_stmt 0 view .LVU418
 1028 00e2 426B     		ldr	r2, [r0, #52]	@ float
 265:Algorithms/Control/pid.c ****         pid->Dbuf[1] = pid->Dbuf[0];
 1029              		.loc 1 265 22 view .LVU419
 1030 00e4 8263     		str	r2, [r0, #56]	@ float
 266:Algorithms/Control/pid.c ****         pid->Dbuf[0] = (pid->error[0] - 2.0f * pid->error[1] + pid->error[2]);
 1031              		.loc 1 266 9 is_stmt 1 view .LVU420
 266:Algorithms/Control/pid.c ****         pid->Dbuf[0] = (pid->error[0] - 2.0f * pid->error[1] + pid->error[2]);
 1032              		.loc 1 266 33 is_stmt 0 view .LVU421
 1033 00e6 026B     		ldr	r2, [r0, #48]	@ float
 266:Algorithms/Control/pid.c ****         pid->Dbuf[0] = (pid->error[0] - 2.0f * pid->error[1] + pid->error[2]);
 1034              		.loc 1 266 22 view .LVU422
 1035 00e8 4263     		str	r2, [r0, #52]	@ float
 267:Algorithms/Control/pid.c ****         pid->Dout = pid->Kd * pid->Dbuf[0];
ARM GAS  C:\Users\11464\AppData\Local\Temp\ccT7xx0M.s 			page 26


 1036              		.loc 1 267 9 is_stmt 1 view .LVU423
 267:Algorithms/Control/pid.c ****         pid->Dout = pid->Kd * pid->Dbuf[0];
 1037              		.loc 1 267 46 is_stmt 0 view .LVU424
 1038 00ea 37EE077A 		vadd.f32	s14, s14, s14
 267:Algorithms/Control/pid.c ****         pid->Dout = pid->Kd * pid->Dbuf[0];
 1039              		.loc 1 267 39 view .LVU425
 1040 00ee 30EE470A 		vsub.f32	s0, s0, s14
 1041              	.LVL27:
 267:Algorithms/Control/pid.c ****         pid->Dout = pid->Kd * pid->Dbuf[0];
 1042              		.loc 1 267 62 view .LVU426
 1043 00f2 77EE807A 		vadd.f32	s15, s15, s0
 267:Algorithms/Control/pid.c ****         pid->Dout = pid->Kd * pid->Dbuf[0];
 1044              		.loc 1 267 22 view .LVU427
 1045 00f6 C0ED0C7A 		vstr.32	s15, [r0, #48]
 268:Algorithms/Control/pid.c ****         pid->out += pid->Pout + pid->Iout + pid->Dout;
 1046              		.loc 1 268 9 is_stmt 1 view .LVU428
 268:Algorithms/Control/pid.c ****         pid->out += pid->Pout + pid->Iout + pid->Dout;
 1047              		.loc 1 268 24 is_stmt 0 view .LVU429
 1048 00fa 90ED037A 		vldr.32	s14, [r0, #12]
 268:Algorithms/Control/pid.c ****         pid->out += pid->Pout + pid->Iout + pid->Dout;
 1049              		.loc 1 268 29 view .LVU430
 1050 00fe 67EE877A 		vmul.f32	s15, s15, s14
 268:Algorithms/Control/pid.c ****         pid->out += pid->Pout + pid->Iout + pid->Dout;
 1051              		.loc 1 268 19 view .LVU431
 1052 0102 C0ED0B7A 		vstr.32	s15, [r0, #44]
 269:Algorithms/Control/pid.c ****         LimitMax(pid->out, pid->max_out);
 1053              		.loc 1 269 9 is_stmt 1 view .LVU432
 269:Algorithms/Control/pid.c ****         LimitMax(pid->out, pid->max_out);
 1054              		.loc 1 269 12 is_stmt 0 view .LVU433
 1055 0106 90ED087A 		vldr.32	s14, [r0, #32]
 269:Algorithms/Control/pid.c ****         LimitMax(pid->out, pid->max_out);
 1056              		.loc 1 269 31 view .LVU434
 1057 010a 76EE866A 		vadd.f32	s13, s13, s12
 269:Algorithms/Control/pid.c ****         LimitMax(pid->out, pid->max_out);
 1058              		.loc 1 269 43 view .LVU435
 1059 010e 77EEA67A 		vadd.f32	s15, s15, s13
 269:Algorithms/Control/pid.c ****         LimitMax(pid->out, pid->max_out);
 1060              		.loc 1 269 18 view .LVU436
 1061 0112 77EE277A 		vadd.f32	s15, s14, s15
 1062 0116 C0ED087A 		vstr.32	s15, [r0, #32]
 270:Algorithms/Control/pid.c ****     }
 1063              		.loc 1 270 9 is_stmt 1 view .LVU437
 1064 011a 90ED047A 		vldr.32	s14, [r0, #16]
 1065 011e F4EEC77A 		vcmpe.f32	s15, s14
 1066 0122 F1EE10FA 		vmrs	APSR_nzcv, FPSCR
 1067 0126 02DD     		ble	.L119
 270:Algorithms/Control/pid.c ****     }
 1068              		.loc 1 270 9 discriminator 1 view .LVU438
 1069 0128 80ED087A 		vstr.32	s14, [r0, #32]
 1070 012c C8E7     		b	.L105
 1071              	.L119:
 270:Algorithms/Control/pid.c ****     }
 1072              		.loc 1 270 9 discriminator 2 view .LVU439
 1073 012e B1EE477A 		vneg.f32	s14, s14
 1074 0132 F4EEC77A 		vcmpe.f32	s15, s14
 1075 0136 F1EE10FA 		vmrs	APSR_nzcv, FPSCR
 1076 013a C1D5     		bpl	.L105
ARM GAS  C:\Users\11464\AppData\Local\Temp\ccT7xx0M.s 			page 27


 270:Algorithms/Control/pid.c ****     }
 1077              		.loc 1 270 9 discriminator 3 view .LVU440
 1078 013c 80ED087A 		vstr.32	s14, [r0, #32]
 1079 0140 BEE7     		b	.L105
 1080              	.LVL28:
 1081              	.L110:
 243:Algorithms/Control/pid.c ****     }
 1082              		.loc 1 243 16 is_stmt 0 view .LVU441
 1083 0142 9FED010A 		vldr.32	s0, .L121
 1084              	.LVL29:
 273:Algorithms/Control/pid.c **** }
 1085              		.loc 1 273 1 view .LVU442
 1086 0146 7047     		bx	lr
 1087              	.L122:
 1088              		.align	2
 1089              	.L121:
 1090 0148 00000000 		.word	0
 1091              		.cfi_endproc
 1092              	.LFE149:
 1094              		.text
 1095              	.Letext0:
 1096              		.file 2 "D:/ec_env/arm-gnu-toolchain/arm-none-eabi/include/machine/_default_types.h"
 1097              		.file 3 "D:/ec_env/arm-gnu-toolchain/arm-none-eabi/include/sys/_stdint.h"
 1098              		.file 4 "Algorithms/Control/pid.h"
ARM GAS  C:\Users\11464\AppData\Local\Temp\ccT7xx0M.s 			page 28


DEFINED SYMBOLS
                            *ABS*:00000000 pid.c
C:\Users\11464\AppData\Local\Temp\ccT7xx0M.s:20     .text.PID_init:00000000 $t
C:\Users\11464\AppData\Local\Temp\ccT7xx0M.s:26     .text.PID_init:00000000 PID_init
C:\Users\11464\AppData\Local\Temp\ccT7xx0M.s:97     .text.PID_calc:00000000 $t
C:\Users\11464\AppData\Local\Temp\ccT7xx0M.s:103    .text.PID_calc:00000000 PID_calc
C:\Users\11464\AppData\Local\Temp\ccT7xx0M.s:321    .text.PID_calc:00000154 $d
C:\Users\11464\AppData\Local\Temp\ccT7xx0M.s:326    .text.PID_clear:00000000 $t
C:\Users\11464\AppData\Local\Temp\ccT7xx0M.s:332    .text.PID_clear:00000000 PID_clear
C:\Users\11464\AppData\Local\Temp\ccT7xx0M.s:379    .text.PID_DeadZone_calc:00000000 $t
C:\Users\11464\AppData\Local\Temp\ccT7xx0M.s:385    .text.PID_DeadZone_calc:00000000 PID_DeadZone_calc
C:\Users\11464\AppData\Local\Temp\ccT7xx0M.s:624    .text.PID_DeadZone_calc:00000178 $d
C:\Users\11464\AppData\Local\Temp\ccT7xx0M.s:629    .text.PID_IS_calc:00000000 $t
C:\Users\11464\AppData\Local\Temp\ccT7xx0M.s:635    .text.PID_IS_calc:00000000 PID_IS_calc
C:\Users\11464\AppData\Local\Temp\ccT7xx0M.s:868    .text.PID_IS_calc:0000016c $d
C:\Users\11464\AppData\Local\Temp\ccT7xx0M.s:873    .text.PID_err_calc:00000000 $t
C:\Users\11464\AppData\Local\Temp\ccT7xx0M.s:879    .text.PID_err_calc:00000000 PID_err_calc
C:\Users\11464\AppData\Local\Temp\ccT7xx0M.s:1090   .text.PID_err_calc:00000148 $d

NO UNDEFINED SYMBOLS
