ARM GAS  C:\Users\11464\AppData\Local\Temp\ccICb07Z.s 			page 1


   1              		.cpu cortex-m7
   2              		.arch armv7e-m
   3              		.fpu fpv5-d16
   4              		.eabi_attribute 28, 1
   5              		.eabi_attribute 20, 1
   6              		.eabi_attribute 21, 1
   7              		.eabi_attribute 23, 3
   8              		.eabi_attribute 24, 1
   9              		.eabi_attribute 25, 1
  10              		.eabi_attribute 26, 1
  11              		.eabi_attribute 30, 1
  12              		.eabi_attribute 34, 1
  13              		.eabi_attribute 18, 4
  14              		.file	"stm32h7xx_it.c"
  15              		.text
  16              	.Ltext0:
  17              		.cfi_sections	.debug_frame
  18              		.file 1 "Core/Src/stm32h7xx_it.c"
  19              		.section	.text.NMI_Handler,"ax",%progbits
  20              		.align	1
  21              		.global	NMI_Handler
  22              		.syntax unified
  23              		.thumb
  24              		.thumb_func
  26              	NMI_Handler:
  27              	.LFB144:
   1:Core/Src/stm32h7xx_it.c **** /* USER CODE BEGIN Header */
   2:Core/Src/stm32h7xx_it.c **** /**
   3:Core/Src/stm32h7xx_it.c ****   ******************************************************************************
   4:Core/Src/stm32h7xx_it.c ****   * @file    stm32h7xx_it.c
   5:Core/Src/stm32h7xx_it.c ****   * @brief   Interrupt Service Routines.
   6:Core/Src/stm32h7xx_it.c ****   ******************************************************************************
   7:Core/Src/stm32h7xx_it.c ****   * @attention
   8:Core/Src/stm32h7xx_it.c ****   *
   9:Core/Src/stm32h7xx_it.c ****   * Copyright (c) 2026 STMicroelectronics.
  10:Core/Src/stm32h7xx_it.c ****   * All rights reserved.
  11:Core/Src/stm32h7xx_it.c ****   *
  12:Core/Src/stm32h7xx_it.c ****   * This software is licensed under terms that can be found in the LICENSE file
  13:Core/Src/stm32h7xx_it.c ****   * in the root directory of this software component.
  14:Core/Src/stm32h7xx_it.c ****   * If no LICENSE file comes with this software, it is provided AS-IS.
  15:Core/Src/stm32h7xx_it.c ****   *
  16:Core/Src/stm32h7xx_it.c ****   ******************************************************************************
  17:Core/Src/stm32h7xx_it.c ****   */
  18:Core/Src/stm32h7xx_it.c **** /* USER CODE END Header */
  19:Core/Src/stm32h7xx_it.c **** 
  20:Core/Src/stm32h7xx_it.c **** /* Includes ------------------------------------------------------------------*/
  21:Core/Src/stm32h7xx_it.c **** #include "main.h"
  22:Core/Src/stm32h7xx_it.c **** #include "stm32h7xx_it.h"
  23:Core/Src/stm32h7xx_it.c **** /* Private includes ----------------------------------------------------------*/
  24:Core/Src/stm32h7xx_it.c **** /* USER CODE BEGIN Includes */
  25:Core/Src/stm32h7xx_it.c **** /* USER CODE END Includes */
  26:Core/Src/stm32h7xx_it.c **** 
  27:Core/Src/stm32h7xx_it.c **** /* Private typedef -----------------------------------------------------------*/
  28:Core/Src/stm32h7xx_it.c **** /* USER CODE BEGIN TD */
  29:Core/Src/stm32h7xx_it.c **** 
  30:Core/Src/stm32h7xx_it.c **** /* USER CODE END TD */
  31:Core/Src/stm32h7xx_it.c **** 
ARM GAS  C:\Users\11464\AppData\Local\Temp\ccICb07Z.s 			page 2


  32:Core/Src/stm32h7xx_it.c **** /* Private define ------------------------------------------------------------*/
  33:Core/Src/stm32h7xx_it.c **** /* USER CODE BEGIN PD */
  34:Core/Src/stm32h7xx_it.c **** 
  35:Core/Src/stm32h7xx_it.c **** /* USER CODE END PD */
  36:Core/Src/stm32h7xx_it.c **** 
  37:Core/Src/stm32h7xx_it.c **** /* Private macro -------------------------------------------------------------*/
  38:Core/Src/stm32h7xx_it.c **** /* USER CODE BEGIN PM */
  39:Core/Src/stm32h7xx_it.c **** 
  40:Core/Src/stm32h7xx_it.c **** /* USER CODE END PM */
  41:Core/Src/stm32h7xx_it.c **** 
  42:Core/Src/stm32h7xx_it.c **** /* Private variables ---------------------------------------------------------*/
  43:Core/Src/stm32h7xx_it.c **** /* USER CODE BEGIN PV */
  44:Core/Src/stm32h7xx_it.c **** 
  45:Core/Src/stm32h7xx_it.c **** /* USER CODE END PV */
  46:Core/Src/stm32h7xx_it.c **** 
  47:Core/Src/stm32h7xx_it.c **** /* Private function prototypes -----------------------------------------------*/
  48:Core/Src/stm32h7xx_it.c **** /* USER CODE BEGIN PFP */
  49:Core/Src/stm32h7xx_it.c **** 
  50:Core/Src/stm32h7xx_it.c **** /* USER CODE END PFP */
  51:Core/Src/stm32h7xx_it.c **** 
  52:Core/Src/stm32h7xx_it.c **** /* Private user code ---------------------------------------------------------*/
  53:Core/Src/stm32h7xx_it.c **** /* USER CODE BEGIN 0 */
  54:Core/Src/stm32h7xx_it.c **** 
  55:Core/Src/stm32h7xx_it.c **** /* USER CODE END 0 */
  56:Core/Src/stm32h7xx_it.c **** 
  57:Core/Src/stm32h7xx_it.c **** /* External variables --------------------------------------------------------*/
  58:Core/Src/stm32h7xx_it.c **** extern PCD_HandleTypeDef hpcd_USB_OTG_HS;
  59:Core/Src/stm32h7xx_it.c **** extern DMA_HandleTypeDef hdma_spi2_rx;
  60:Core/Src/stm32h7xx_it.c **** extern DMA_HandleTypeDef hdma_spi2_tx;
  61:Core/Src/stm32h7xx_it.c **** extern SPI_HandleTypeDef hspi2;
  62:Core/Src/stm32h7xx_it.c **** extern DMA_HandleTypeDef hdma_usart1_rx;
  63:Core/Src/stm32h7xx_it.c **** extern DMA_HandleTypeDef hdma_usart1_tx;
  64:Core/Src/stm32h7xx_it.c **** extern UART_HandleTypeDef huart1;
  65:Core/Src/stm32h7xx_it.c **** extern TIM_HandleTypeDef htim7;
  66:Core/Src/stm32h7xx_it.c **** 
  67:Core/Src/stm32h7xx_it.c **** /* USER CODE BEGIN EV */
  68:Core/Src/stm32h7xx_it.c **** 
  69:Core/Src/stm32h7xx_it.c **** /* USER CODE END EV */
  70:Core/Src/stm32h7xx_it.c **** 
  71:Core/Src/stm32h7xx_it.c **** /******************************************************************************/
  72:Core/Src/stm32h7xx_it.c **** /*           Cortex Processor Interruption and Exception Handlers          */
  73:Core/Src/stm32h7xx_it.c **** /******************************************************************************/
  74:Core/Src/stm32h7xx_it.c **** /**
  75:Core/Src/stm32h7xx_it.c ****   * @brief This function handles Non maskable interrupt.
  76:Core/Src/stm32h7xx_it.c ****   */
  77:Core/Src/stm32h7xx_it.c **** void NMI_Handler(void)
  78:Core/Src/stm32h7xx_it.c **** {
  28              		.loc 1 78 1 view -0
  29              		.cfi_startproc
  30              		@ Volatile: function does not return.
  31              		@ args = 0, pretend = 0, frame = 0
  32              		@ frame_needed = 0, uses_anonymous_args = 0
  33              		@ link register save eliminated.
  34              	.L2:
  79:Core/Src/stm32h7xx_it.c ****   /* USER CODE BEGIN NonMaskableInt_IRQn 0 */
  80:Core/Src/stm32h7xx_it.c **** 
  81:Core/Src/stm32h7xx_it.c ****   /* USER CODE END NonMaskableInt_IRQn 0 */
ARM GAS  C:\Users\11464\AppData\Local\Temp\ccICb07Z.s 			page 3


  82:Core/Src/stm32h7xx_it.c ****   /* USER CODE BEGIN NonMaskableInt_IRQn 1 */
  83:Core/Src/stm32h7xx_it.c ****    while (1)
  35              		.loc 1 83 4 view .LVU1
  84:Core/Src/stm32h7xx_it.c ****   {
  85:Core/Src/stm32h7xx_it.c ****   }
  36              		.loc 1 85 3 view .LVU2
  83:Core/Src/stm32h7xx_it.c ****   {
  37              		.loc 1 83 10 view .LVU3
  38 0000 FEE7     		b	.L2
  39              		.cfi_endproc
  40              	.LFE144:
  42              		.section	.text.HardFault_Handler,"ax",%progbits
  43              		.align	1
  44              		.global	HardFault_Handler
  45              		.syntax unified
  46              		.thumb
  47              		.thumb_func
  49              	HardFault_Handler:
  50              	.LFB145:
  86:Core/Src/stm32h7xx_it.c ****   /* USER CODE END NonMaskableInt_IRQn 1 */
  87:Core/Src/stm32h7xx_it.c **** }
  88:Core/Src/stm32h7xx_it.c **** 
  89:Core/Src/stm32h7xx_it.c **** /**
  90:Core/Src/stm32h7xx_it.c ****   * @brief This function handles Hard fault interrupt.
  91:Core/Src/stm32h7xx_it.c ****   */
  92:Core/Src/stm32h7xx_it.c **** void HardFault_Handler(void)
  93:Core/Src/stm32h7xx_it.c **** {
  51              		.loc 1 93 1 view -0
  52              		.cfi_startproc
  53              		@ Volatile: function does not return.
  54              		@ args = 0, pretend = 0, frame = 0
  55              		@ frame_needed = 0, uses_anonymous_args = 0
  56              		@ link register save eliminated.
  57              	.L4:
  94:Core/Src/stm32h7xx_it.c ****   /* USER CODE BEGIN HardFault_IRQn 0 */
  95:Core/Src/stm32h7xx_it.c **** 
  96:Core/Src/stm32h7xx_it.c ****   /* USER CODE END HardFault_IRQn 0 */
  97:Core/Src/stm32h7xx_it.c ****   while (1)
  58              		.loc 1 97 3 view .LVU5
  98:Core/Src/stm32h7xx_it.c ****   {
  99:Core/Src/stm32h7xx_it.c ****     /* USER CODE BEGIN W1_HardFault_IRQn 0 */
 100:Core/Src/stm32h7xx_it.c ****     /* USER CODE END W1_HardFault_IRQn 0 */
 101:Core/Src/stm32h7xx_it.c ****   }
  59              		.loc 1 101 3 view .LVU6
  97:Core/Src/stm32h7xx_it.c ****   {
  60              		.loc 1 97 9 view .LVU7
  61 0000 FEE7     		b	.L4
  62              		.cfi_endproc
  63              	.LFE145:
  65              		.section	.text.MemManage_Handler,"ax",%progbits
  66              		.align	1
  67              		.global	MemManage_Handler
  68              		.syntax unified
  69              		.thumb
  70              		.thumb_func
  72              	MemManage_Handler:
  73              	.LFB146:
ARM GAS  C:\Users\11464\AppData\Local\Temp\ccICb07Z.s 			page 4


 102:Core/Src/stm32h7xx_it.c **** }
 103:Core/Src/stm32h7xx_it.c **** 
 104:Core/Src/stm32h7xx_it.c **** /**
 105:Core/Src/stm32h7xx_it.c ****   * @brief This function handles Memory management fault.
 106:Core/Src/stm32h7xx_it.c ****   */
 107:Core/Src/stm32h7xx_it.c **** void MemManage_Handler(void)
 108:Core/Src/stm32h7xx_it.c **** {
  74              		.loc 1 108 1 view -0
  75              		.cfi_startproc
  76              		@ Volatile: function does not return.
  77              		@ args = 0, pretend = 0, frame = 0
  78              		@ frame_needed = 0, uses_anonymous_args = 0
  79              		@ link register save eliminated.
  80              	.L6:
 109:Core/Src/stm32h7xx_it.c ****   /* USER CODE BEGIN MemoryManagement_IRQn 0 */
 110:Core/Src/stm32h7xx_it.c **** 
 111:Core/Src/stm32h7xx_it.c ****   /* USER CODE END MemoryManagement_IRQn 0 */
 112:Core/Src/stm32h7xx_it.c ****   while (1)
  81              		.loc 1 112 3 view .LVU9
 113:Core/Src/stm32h7xx_it.c ****   {
 114:Core/Src/stm32h7xx_it.c ****     /* USER CODE BEGIN W1_MemoryManagement_IRQn 0 */
 115:Core/Src/stm32h7xx_it.c ****     /* USER CODE END W1_MemoryManagement_IRQn 0 */
 116:Core/Src/stm32h7xx_it.c ****   }
  82              		.loc 1 116 3 view .LVU10
 112:Core/Src/stm32h7xx_it.c ****   {
  83              		.loc 1 112 9 view .LVU11
  84 0000 FEE7     		b	.L6
  85              		.cfi_endproc
  86              	.LFE146:
  88              		.section	.text.BusFault_Handler,"ax",%progbits
  89              		.align	1
  90              		.global	BusFault_Handler
  91              		.syntax unified
  92              		.thumb
  93              		.thumb_func
  95              	BusFault_Handler:
  96              	.LFB147:
 117:Core/Src/stm32h7xx_it.c **** }
 118:Core/Src/stm32h7xx_it.c **** 
 119:Core/Src/stm32h7xx_it.c **** /**
 120:Core/Src/stm32h7xx_it.c ****   * @brief This function handles Pre-fetch fault, memory access fault.
 121:Core/Src/stm32h7xx_it.c ****   */
 122:Core/Src/stm32h7xx_it.c **** void BusFault_Handler(void)
 123:Core/Src/stm32h7xx_it.c **** {
  97              		.loc 1 123 1 view -0
  98              		.cfi_startproc
  99              		@ Volatile: function does not return.
 100              		@ args = 0, pretend = 0, frame = 0
 101              		@ frame_needed = 0, uses_anonymous_args = 0
 102              		@ link register save eliminated.
 103              	.L8:
 124:Core/Src/stm32h7xx_it.c ****   /* USER CODE BEGIN BusFault_IRQn 0 */
 125:Core/Src/stm32h7xx_it.c **** 
 126:Core/Src/stm32h7xx_it.c ****   /* USER CODE END BusFault_IRQn 0 */
 127:Core/Src/stm32h7xx_it.c ****   while (1)
 104              		.loc 1 127 3 view .LVU13
 128:Core/Src/stm32h7xx_it.c ****   {
ARM GAS  C:\Users\11464\AppData\Local\Temp\ccICb07Z.s 			page 5


 129:Core/Src/stm32h7xx_it.c ****     /* USER CODE BEGIN W1_BusFault_IRQn 0 */
 130:Core/Src/stm32h7xx_it.c ****     /* USER CODE END W1_BusFault_IRQn 0 */
 131:Core/Src/stm32h7xx_it.c ****   }
 105              		.loc 1 131 3 view .LVU14
 127:Core/Src/stm32h7xx_it.c ****   {
 106              		.loc 1 127 9 view .LVU15
 107 0000 FEE7     		b	.L8
 108              		.cfi_endproc
 109              	.LFE147:
 111              		.section	.text.UsageFault_Handler,"ax",%progbits
 112              		.align	1
 113              		.global	UsageFault_Handler
 114              		.syntax unified
 115              		.thumb
 116              		.thumb_func
 118              	UsageFault_Handler:
 119              	.LFB148:
 132:Core/Src/stm32h7xx_it.c **** }
 133:Core/Src/stm32h7xx_it.c **** 
 134:Core/Src/stm32h7xx_it.c **** /**
 135:Core/Src/stm32h7xx_it.c ****   * @brief This function handles Undefined instruction or illegal state.
 136:Core/Src/stm32h7xx_it.c ****   */
 137:Core/Src/stm32h7xx_it.c **** void UsageFault_Handler(void)
 138:Core/Src/stm32h7xx_it.c **** {
 120              		.loc 1 138 1 view -0
 121              		.cfi_startproc
 122              		@ Volatile: function does not return.
 123              		@ args = 0, pretend = 0, frame = 0
 124              		@ frame_needed = 0, uses_anonymous_args = 0
 125              		@ link register save eliminated.
 126              	.L10:
 139:Core/Src/stm32h7xx_it.c ****   /* USER CODE BEGIN UsageFault_IRQn 0 */
 140:Core/Src/stm32h7xx_it.c **** 
 141:Core/Src/stm32h7xx_it.c ****   /* USER CODE END UsageFault_IRQn 0 */
 142:Core/Src/stm32h7xx_it.c ****   while (1)
 127              		.loc 1 142 3 view .LVU17
 143:Core/Src/stm32h7xx_it.c ****   {
 144:Core/Src/stm32h7xx_it.c ****     /* USER CODE BEGIN W1_UsageFault_IRQn 0 */
 145:Core/Src/stm32h7xx_it.c ****     /* USER CODE END W1_UsageFault_IRQn 0 */
 146:Core/Src/stm32h7xx_it.c ****   }
 128              		.loc 1 146 3 view .LVU18
 142:Core/Src/stm32h7xx_it.c ****   {
 129              		.loc 1 142 9 view .LVU19
 130 0000 FEE7     		b	.L10
 131              		.cfi_endproc
 132              	.LFE148:
 134              		.section	.text.DebugMon_Handler,"ax",%progbits
 135              		.align	1
 136              		.global	DebugMon_Handler
 137              		.syntax unified
 138              		.thumb
 139              		.thumb_func
 141              	DebugMon_Handler:
 142              	.LFB149:
 147:Core/Src/stm32h7xx_it.c **** }
 148:Core/Src/stm32h7xx_it.c **** 
 149:Core/Src/stm32h7xx_it.c **** /**
ARM GAS  C:\Users\11464\AppData\Local\Temp\ccICb07Z.s 			page 6


 150:Core/Src/stm32h7xx_it.c ****   * @brief This function handles Debug monitor.
 151:Core/Src/stm32h7xx_it.c ****   */
 152:Core/Src/stm32h7xx_it.c **** void DebugMon_Handler(void)
 153:Core/Src/stm32h7xx_it.c **** {
 143              		.loc 1 153 1 view -0
 144              		.cfi_startproc
 145              		@ args = 0, pretend = 0, frame = 0
 146              		@ frame_needed = 0, uses_anonymous_args = 0
 147              		@ link register save eliminated.
 154:Core/Src/stm32h7xx_it.c ****   /* USER CODE BEGIN DebugMonitor_IRQn 0 */
 155:Core/Src/stm32h7xx_it.c **** 
 156:Core/Src/stm32h7xx_it.c ****   /* USER CODE END DebugMonitor_IRQn 0 */
 157:Core/Src/stm32h7xx_it.c ****   /* USER CODE BEGIN DebugMonitor_IRQn 1 */
 158:Core/Src/stm32h7xx_it.c **** 
 159:Core/Src/stm32h7xx_it.c ****   /* USER CODE END DebugMonitor_IRQn 1 */
 160:Core/Src/stm32h7xx_it.c **** }
 148              		.loc 1 160 1 view .LVU21
 149 0000 7047     		bx	lr
 150              		.cfi_endproc
 151              	.LFE149:
 153              		.section	.text.DMA1_Stream0_IRQHandler,"ax",%progbits
 154              		.align	1
 155              		.global	DMA1_Stream0_IRQHandler
 156              		.syntax unified
 157              		.thumb
 158              		.thumb_func
 160              	DMA1_Stream0_IRQHandler:
 161              	.LFB150:
 161:Core/Src/stm32h7xx_it.c **** 
 162:Core/Src/stm32h7xx_it.c **** /******************************************************************************/
 163:Core/Src/stm32h7xx_it.c **** /* STM32H7xx Peripheral Interrupt Handlers                                    */
 164:Core/Src/stm32h7xx_it.c **** /* Add here the Interrupt Handlers for the used peripherals.                  */
 165:Core/Src/stm32h7xx_it.c **** /* For the available peripheral interrupt handler names,                      */
 166:Core/Src/stm32h7xx_it.c **** /* please refer to the startup file (startup_stm32h7xx.s).                    */
 167:Core/Src/stm32h7xx_it.c **** /******************************************************************************/
 168:Core/Src/stm32h7xx_it.c **** 
 169:Core/Src/stm32h7xx_it.c **** /**
 170:Core/Src/stm32h7xx_it.c ****   * @brief This function handles DMA1 stream0 global interrupt.
 171:Core/Src/stm32h7xx_it.c ****   */
 172:Core/Src/stm32h7xx_it.c **** void DMA1_Stream0_IRQHandler(void)
 173:Core/Src/stm32h7xx_it.c **** {
 162              		.loc 1 173 1 view -0
 163              		.cfi_startproc
 164              		@ args = 0, pretend = 0, frame = 0
 165              		@ frame_needed = 0, uses_anonymous_args = 0
 166 0000 08B5     		push	{r3, lr}
 167              	.LCFI0:
 168              		.cfi_def_cfa_offset 8
 169              		.cfi_offset 3, -8
 170              		.cfi_offset 14, -4
 174:Core/Src/stm32h7xx_it.c ****   /* USER CODE BEGIN DMA1_Stream0_IRQn 0 */
 175:Core/Src/stm32h7xx_it.c **** 
 176:Core/Src/stm32h7xx_it.c ****   /* USER CODE END DMA1_Stream0_IRQn 0 */
 177:Core/Src/stm32h7xx_it.c ****   HAL_DMA_IRQHandler(&hdma_usart1_rx);
 171              		.loc 1 177 3 view .LVU23
 172 0002 0248     		ldr	r0, .L14
 173 0004 FFF7FEFF 		bl	HAL_DMA_IRQHandler
ARM GAS  C:\Users\11464\AppData\Local\Temp\ccICb07Z.s 			page 7


 174              	.LVL0:
 178:Core/Src/stm32h7xx_it.c ****   /* USER CODE BEGIN DMA1_Stream0_IRQn 1 */
 179:Core/Src/stm32h7xx_it.c **** 
 180:Core/Src/stm32h7xx_it.c ****   /* USER CODE END DMA1_Stream0_IRQn 1 */
 181:Core/Src/stm32h7xx_it.c **** }
 175              		.loc 1 181 1 is_stmt 0 view .LVU24
 176 0008 08BD     		pop	{r3, pc}
 177              	.L15:
 178 000a 00BF     		.align	2
 179              	.L14:
 180 000c 00000000 		.word	hdma_usart1_rx
 181              		.cfi_endproc
 182              	.LFE150:
 184              		.section	.text.DMA1_Stream1_IRQHandler,"ax",%progbits
 185              		.align	1
 186              		.global	DMA1_Stream1_IRQHandler
 187              		.syntax unified
 188              		.thumb
 189              		.thumb_func
 191              	DMA1_Stream1_IRQHandler:
 192              	.LFB151:
 182:Core/Src/stm32h7xx_it.c **** 
 183:Core/Src/stm32h7xx_it.c **** /**
 184:Core/Src/stm32h7xx_it.c ****   * @brief This function handles DMA1 stream1 global interrupt.
 185:Core/Src/stm32h7xx_it.c ****   */
 186:Core/Src/stm32h7xx_it.c **** void DMA1_Stream1_IRQHandler(void)
 187:Core/Src/stm32h7xx_it.c **** {
 193              		.loc 1 187 1 is_stmt 1 view -0
 194              		.cfi_startproc
 195              		@ args = 0, pretend = 0, frame = 0
 196              		@ frame_needed = 0, uses_anonymous_args = 0
 197 0000 08B5     		push	{r3, lr}
 198              	.LCFI1:
 199              		.cfi_def_cfa_offset 8
 200              		.cfi_offset 3, -8
 201              		.cfi_offset 14, -4
 188:Core/Src/stm32h7xx_it.c ****   /* USER CODE BEGIN DMA1_Stream1_IRQn 0 */
 189:Core/Src/stm32h7xx_it.c **** 
 190:Core/Src/stm32h7xx_it.c ****   /* USER CODE END DMA1_Stream1_IRQn 0 */
 191:Core/Src/stm32h7xx_it.c ****   HAL_DMA_IRQHandler(&hdma_spi2_rx);
 202              		.loc 1 191 3 view .LVU26
 203 0002 0248     		ldr	r0, .L18
 204 0004 FFF7FEFF 		bl	HAL_DMA_IRQHandler
 205              	.LVL1:
 192:Core/Src/stm32h7xx_it.c ****   /* USER CODE BEGIN DMA1_Stream1_IRQn 1 */
 193:Core/Src/stm32h7xx_it.c **** 
 194:Core/Src/stm32h7xx_it.c ****   /* USER CODE END DMA1_Stream1_IRQn 1 */
 195:Core/Src/stm32h7xx_it.c **** }
 206              		.loc 1 195 1 is_stmt 0 view .LVU27
 207 0008 08BD     		pop	{r3, pc}
 208              	.L19:
 209 000a 00BF     		.align	2
 210              	.L18:
 211 000c 00000000 		.word	hdma_spi2_rx
 212              		.cfi_endproc
 213              	.LFE151:
 215              		.section	.text.DMA1_Stream2_IRQHandler,"ax",%progbits
ARM GAS  C:\Users\11464\AppData\Local\Temp\ccICb07Z.s 			page 8


 216              		.align	1
 217              		.global	DMA1_Stream2_IRQHandler
 218              		.syntax unified
 219              		.thumb
 220              		.thumb_func
 222              	DMA1_Stream2_IRQHandler:
 223              	.LFB152:
 196:Core/Src/stm32h7xx_it.c **** 
 197:Core/Src/stm32h7xx_it.c **** /**
 198:Core/Src/stm32h7xx_it.c ****   * @brief This function handles DMA1 stream2 global interrupt.
 199:Core/Src/stm32h7xx_it.c ****   */
 200:Core/Src/stm32h7xx_it.c **** void DMA1_Stream2_IRQHandler(void)
 201:Core/Src/stm32h7xx_it.c **** {
 224              		.loc 1 201 1 is_stmt 1 view -0
 225              		.cfi_startproc
 226              		@ args = 0, pretend = 0, frame = 0
 227              		@ frame_needed = 0, uses_anonymous_args = 0
 228 0000 08B5     		push	{r3, lr}
 229              	.LCFI2:
 230              		.cfi_def_cfa_offset 8
 231              		.cfi_offset 3, -8
 232              		.cfi_offset 14, -4
 202:Core/Src/stm32h7xx_it.c ****   /* USER CODE BEGIN DMA1_Stream2_IRQn 0 */
 203:Core/Src/stm32h7xx_it.c **** 
 204:Core/Src/stm32h7xx_it.c ****   /* USER CODE END DMA1_Stream2_IRQn 0 */
 205:Core/Src/stm32h7xx_it.c ****   HAL_DMA_IRQHandler(&hdma_spi2_tx);
 233              		.loc 1 205 3 view .LVU29
 234 0002 0248     		ldr	r0, .L22
 235 0004 FFF7FEFF 		bl	HAL_DMA_IRQHandler
 236              	.LVL2:
 206:Core/Src/stm32h7xx_it.c ****   /* USER CODE BEGIN DMA1_Stream2_IRQn 1 */
 207:Core/Src/stm32h7xx_it.c **** 
 208:Core/Src/stm32h7xx_it.c ****   /* USER CODE END DMA1_Stream2_IRQn 1 */
 209:Core/Src/stm32h7xx_it.c **** }
 237              		.loc 1 209 1 is_stmt 0 view .LVU30
 238 0008 08BD     		pop	{r3, pc}
 239              	.L23:
 240 000a 00BF     		.align	2
 241              	.L22:
 242 000c 00000000 		.word	hdma_spi2_tx
 243              		.cfi_endproc
 244              	.LFE152:
 246              		.section	.text.SPI2_IRQHandler,"ax",%progbits
 247              		.align	1
 248              		.global	SPI2_IRQHandler
 249              		.syntax unified
 250              		.thumb
 251              		.thumb_func
 253              	SPI2_IRQHandler:
 254              	.LFB153:
 210:Core/Src/stm32h7xx_it.c **** 
 211:Core/Src/stm32h7xx_it.c **** /**
 212:Core/Src/stm32h7xx_it.c ****   * @brief This function handles SPI2 global interrupt.
 213:Core/Src/stm32h7xx_it.c ****   */
 214:Core/Src/stm32h7xx_it.c **** void SPI2_IRQHandler(void)
 215:Core/Src/stm32h7xx_it.c **** {
 255              		.loc 1 215 1 is_stmt 1 view -0
ARM GAS  C:\Users\11464\AppData\Local\Temp\ccICb07Z.s 			page 9


 256              		.cfi_startproc
 257              		@ args = 0, pretend = 0, frame = 0
 258              		@ frame_needed = 0, uses_anonymous_args = 0
 259 0000 08B5     		push	{r3, lr}
 260              	.LCFI3:
 261              		.cfi_def_cfa_offset 8
 262              		.cfi_offset 3, -8
 263              		.cfi_offset 14, -4
 216:Core/Src/stm32h7xx_it.c ****   /* USER CODE BEGIN SPI2_IRQn 0 */
 217:Core/Src/stm32h7xx_it.c **** 
 218:Core/Src/stm32h7xx_it.c ****   /* USER CODE END SPI2_IRQn 0 */
 219:Core/Src/stm32h7xx_it.c ****   HAL_SPI_IRQHandler(&hspi2);
 264              		.loc 1 219 3 view .LVU32
 265 0002 0248     		ldr	r0, .L26
 266 0004 FFF7FEFF 		bl	HAL_SPI_IRQHandler
 267              	.LVL3:
 220:Core/Src/stm32h7xx_it.c ****   /* USER CODE BEGIN SPI2_IRQn 1 */
 221:Core/Src/stm32h7xx_it.c **** 
 222:Core/Src/stm32h7xx_it.c ****   /* USER CODE END SPI2_IRQn 1 */
 223:Core/Src/stm32h7xx_it.c **** }
 268              		.loc 1 223 1 is_stmt 0 view .LVU33
 269 0008 08BD     		pop	{r3, pc}
 270              	.L27:
 271 000a 00BF     		.align	2
 272              	.L26:
 273 000c 00000000 		.word	hspi2
 274              		.cfi_endproc
 275              	.LFE153:
 277              		.section	.text.USART1_IRQHandler,"ax",%progbits
 278              		.align	1
 279              		.global	USART1_IRQHandler
 280              		.syntax unified
 281              		.thumb
 282              		.thumb_func
 284              	USART1_IRQHandler:
 285              	.LFB154:
 224:Core/Src/stm32h7xx_it.c **** 
 225:Core/Src/stm32h7xx_it.c **** /**
 226:Core/Src/stm32h7xx_it.c ****   * @brief This function handles USART1 global interrupt.
 227:Core/Src/stm32h7xx_it.c ****   */
 228:Core/Src/stm32h7xx_it.c **** void USART1_IRQHandler(void)
 229:Core/Src/stm32h7xx_it.c **** {
 286              		.loc 1 229 1 is_stmt 1 view -0
 287              		.cfi_startproc
 288              		@ args = 0, pretend = 0, frame = 0
 289              		@ frame_needed = 0, uses_anonymous_args = 0
 290 0000 08B5     		push	{r3, lr}
 291              	.LCFI4:
 292              		.cfi_def_cfa_offset 8
 293              		.cfi_offset 3, -8
 294              		.cfi_offset 14, -4
 230:Core/Src/stm32h7xx_it.c ****   /* USER CODE BEGIN USART1_IRQn 0 */
 231:Core/Src/stm32h7xx_it.c **** 
 232:Core/Src/stm32h7xx_it.c ****   /* USER CODE END USART1_IRQn 0 */
 233:Core/Src/stm32h7xx_it.c ****   HAL_UART_IRQHandler(&huart1);
 295              		.loc 1 233 3 view .LVU35
 296 0002 0248     		ldr	r0, .L30
ARM GAS  C:\Users\11464\AppData\Local\Temp\ccICb07Z.s 			page 10


 297 0004 FFF7FEFF 		bl	HAL_UART_IRQHandler
 298              	.LVL4:
 234:Core/Src/stm32h7xx_it.c ****   /* USER CODE BEGIN USART1_IRQn 1 */
 235:Core/Src/stm32h7xx_it.c **** 
 236:Core/Src/stm32h7xx_it.c ****   /* USER CODE END USART1_IRQn 1 */
 237:Core/Src/stm32h7xx_it.c **** }
 299              		.loc 1 237 1 is_stmt 0 view .LVU36
 300 0008 08BD     		pop	{r3, pc}
 301              	.L31:
 302 000a 00BF     		.align	2
 303              	.L30:
 304 000c 00000000 		.word	huart1
 305              		.cfi_endproc
 306              	.LFE154:
 308              		.section	.text.TIM7_IRQHandler,"ax",%progbits
 309              		.align	1
 310              		.global	TIM7_IRQHandler
 311              		.syntax unified
 312              		.thumb
 313              		.thumb_func
 315              	TIM7_IRQHandler:
 316              	.LFB155:
 238:Core/Src/stm32h7xx_it.c **** 
 239:Core/Src/stm32h7xx_it.c **** /**
 240:Core/Src/stm32h7xx_it.c ****   * @brief This function handles TIM7 global interrupt.
 241:Core/Src/stm32h7xx_it.c ****   */
 242:Core/Src/stm32h7xx_it.c **** void TIM7_IRQHandler(void)
 243:Core/Src/stm32h7xx_it.c **** {
 317              		.loc 1 243 1 is_stmt 1 view -0
 318              		.cfi_startproc
 319              		@ args = 0, pretend = 0, frame = 0
 320              		@ frame_needed = 0, uses_anonymous_args = 0
 321 0000 08B5     		push	{r3, lr}
 322              	.LCFI5:
 323              		.cfi_def_cfa_offset 8
 324              		.cfi_offset 3, -8
 325              		.cfi_offset 14, -4
 244:Core/Src/stm32h7xx_it.c ****   /* USER CODE BEGIN TIM7_IRQn 0 */
 245:Core/Src/stm32h7xx_it.c **** 
 246:Core/Src/stm32h7xx_it.c ****   /* USER CODE END TIM7_IRQn 0 */
 247:Core/Src/stm32h7xx_it.c ****   HAL_TIM_IRQHandler(&htim7);
 326              		.loc 1 247 3 view .LVU38
 327 0002 0248     		ldr	r0, .L34
 328 0004 FFF7FEFF 		bl	HAL_TIM_IRQHandler
 329              	.LVL5:
 248:Core/Src/stm32h7xx_it.c ****   /* USER CODE BEGIN TIM7_IRQn 1 */
 249:Core/Src/stm32h7xx_it.c **** 
 250:Core/Src/stm32h7xx_it.c ****   /* USER CODE END TIM7_IRQn 1 */
 251:Core/Src/stm32h7xx_it.c **** }
 330              		.loc 1 251 1 is_stmt 0 view .LVU39
 331 0008 08BD     		pop	{r3, pc}
 332              	.L35:
 333 000a 00BF     		.align	2
 334              	.L34:
 335 000c 00000000 		.word	htim7
 336              		.cfi_endproc
 337              	.LFE155:
ARM GAS  C:\Users\11464\AppData\Local\Temp\ccICb07Z.s 			page 11


 339              		.section	.text.DMA2_Stream0_IRQHandler,"ax",%progbits
 340              		.align	1
 341              		.global	DMA2_Stream0_IRQHandler
 342              		.syntax unified
 343              		.thumb
 344              		.thumb_func
 346              	DMA2_Stream0_IRQHandler:
 347              	.LFB156:
 252:Core/Src/stm32h7xx_it.c **** 
 253:Core/Src/stm32h7xx_it.c **** /**
 254:Core/Src/stm32h7xx_it.c ****   * @brief This function handles DMA2 stream0 global interrupt.
 255:Core/Src/stm32h7xx_it.c ****   */
 256:Core/Src/stm32h7xx_it.c **** void DMA2_Stream0_IRQHandler(void)
 257:Core/Src/stm32h7xx_it.c **** {
 348              		.loc 1 257 1 is_stmt 1 view -0
 349              		.cfi_startproc
 350              		@ args = 0, pretend = 0, frame = 0
 351              		@ frame_needed = 0, uses_anonymous_args = 0
 352 0000 08B5     		push	{r3, lr}
 353              	.LCFI6:
 354              		.cfi_def_cfa_offset 8
 355              		.cfi_offset 3, -8
 356              		.cfi_offset 14, -4
 258:Core/Src/stm32h7xx_it.c ****   /* USER CODE BEGIN DMA2_Stream0_IRQn 0 */
 259:Core/Src/stm32h7xx_it.c **** 
 260:Core/Src/stm32h7xx_it.c ****   /* USER CODE END DMA2_Stream0_IRQn 0 */
 261:Core/Src/stm32h7xx_it.c ****   HAL_DMA_IRQHandler(&hdma_usart1_tx);
 357              		.loc 1 261 3 view .LVU41
 358 0002 0248     		ldr	r0, .L38
 359 0004 FFF7FEFF 		bl	HAL_DMA_IRQHandler
 360              	.LVL6:
 262:Core/Src/stm32h7xx_it.c ****   /* USER CODE BEGIN DMA2_Stream0_IRQn 1 */
 263:Core/Src/stm32h7xx_it.c **** 
 264:Core/Src/stm32h7xx_it.c ****   /* USER CODE END DMA2_Stream0_IRQn 1 */
 265:Core/Src/stm32h7xx_it.c **** }
 361              		.loc 1 265 1 is_stmt 0 view .LVU42
 362 0008 08BD     		pop	{r3, pc}
 363              	.L39:
 364 000a 00BF     		.align	2
 365              	.L38:
 366 000c 00000000 		.word	hdma_usart1_tx
 367              		.cfi_endproc
 368              	.LFE156:
 370              		.section	.text.OTG_HS_IRQHandler,"ax",%progbits
 371              		.align	1
 372              		.global	OTG_HS_IRQHandler
 373              		.syntax unified
 374              		.thumb
 375              		.thumb_func
 377              	OTG_HS_IRQHandler:
 378              	.LFB157:
 266:Core/Src/stm32h7xx_it.c **** 
 267:Core/Src/stm32h7xx_it.c **** /**
 268:Core/Src/stm32h7xx_it.c ****   * @brief This function handles USB On The Go HS global interrupt.
 269:Core/Src/stm32h7xx_it.c ****   */
 270:Core/Src/stm32h7xx_it.c **** void OTG_HS_IRQHandler(void)
 271:Core/Src/stm32h7xx_it.c **** {
ARM GAS  C:\Users\11464\AppData\Local\Temp\ccICb07Z.s 			page 12


 379              		.loc 1 271 1 is_stmt 1 view -0
 380              		.cfi_startproc
 381              		@ args = 0, pretend = 0, frame = 0
 382              		@ frame_needed = 0, uses_anonymous_args = 0
 383 0000 08B5     		push	{r3, lr}
 384              	.LCFI7:
 385              		.cfi_def_cfa_offset 8
 386              		.cfi_offset 3, -8
 387              		.cfi_offset 14, -4
 272:Core/Src/stm32h7xx_it.c ****   /* USER CODE BEGIN OTG_HS_IRQn 0 */
 273:Core/Src/stm32h7xx_it.c **** 
 274:Core/Src/stm32h7xx_it.c ****   /* USER CODE END OTG_HS_IRQn 0 */
 275:Core/Src/stm32h7xx_it.c ****   HAL_PCD_IRQHandler(&hpcd_USB_OTG_HS);
 388              		.loc 1 275 3 view .LVU44
 389 0002 0248     		ldr	r0, .L42
 390 0004 FFF7FEFF 		bl	HAL_PCD_IRQHandler
 391              	.LVL7:
 276:Core/Src/stm32h7xx_it.c ****   /* USER CODE BEGIN OTG_HS_IRQn 1 */
 277:Core/Src/stm32h7xx_it.c **** 
 278:Core/Src/stm32h7xx_it.c ****   /* USER CODE END OTG_HS_IRQn 1 */
 279:Core/Src/stm32h7xx_it.c **** }
 392              		.loc 1 279 1 is_stmt 0 view .LVU45
 393 0008 08BD     		pop	{r3, pc}
 394              	.L43:
 395 000a 00BF     		.align	2
 396              	.L42:
 397 000c 00000000 		.word	hpcd_USB_OTG_HS
 398              		.cfi_endproc
 399              	.LFE157:
 401              		.text
 402              	.Letext0:
 403              		.file 2 "D:/ec_env/arm-gnu-toolchain/arm-none-eabi/include/machine/_default_types.h"
 404              		.file 3 "D:/ec_env/arm-gnu-toolchain/arm-none-eabi/include/sys/_stdint.h"
 405              		.file 4 "Drivers/CMSIS/Device/ST/STM32H7xx/Include/stm32h723xx.h"
 406              		.file 5 "Drivers/STM32H7xx_HAL_Driver/Inc/stm32h7xx_hal_def.h"
 407              		.file 6 "Drivers/STM32H7xx_HAL_Driver/Inc/stm32h7xx_hal_dma.h"
 408              		.file 7 "Drivers/STM32H7xx_HAL_Driver/Inc/stm32h7xx_hal_spi.h"
 409              		.file 8 "Drivers/STM32H7xx_HAL_Driver/Inc/stm32h7xx_hal_tim.h"
 410              		.file 9 "Drivers/STM32H7xx_HAL_Driver/Inc/stm32h7xx_hal_uart.h"
 411              		.file 10 "Drivers/STM32H7xx_HAL_Driver/Inc/stm32h7xx_ll_usb.h"
 412              		.file 11 "Drivers/STM32H7xx_HAL_Driver/Inc/stm32h7xx_hal_pcd.h"
ARM GAS  C:\Users\11464\AppData\Local\Temp\ccICb07Z.s 			page 13


DEFINED SYMBOLS
                            *ABS*:00000000 stm32h7xx_it.c
C:\Users\11464\AppData\Local\Temp\ccICb07Z.s:20     .text.NMI_Handler:00000000 $t
C:\Users\11464\AppData\Local\Temp\ccICb07Z.s:26     .text.NMI_Handler:00000000 NMI_Handler
C:\Users\11464\AppData\Local\Temp\ccICb07Z.s:43     .text.HardFault_Handler:00000000 $t
C:\Users\11464\AppData\Local\Temp\ccICb07Z.s:49     .text.HardFault_Handler:00000000 HardFault_Handler
C:\Users\11464\AppData\Local\Temp\ccICb07Z.s:66     .text.MemManage_Handler:00000000 $t
C:\Users\11464\AppData\Local\Temp\ccICb07Z.s:72     .text.MemManage_Handler:00000000 MemManage_Handler
C:\Users\11464\AppData\Local\Temp\ccICb07Z.s:89     .text.BusFault_Handler:00000000 $t
C:\Users\11464\AppData\Local\Temp\ccICb07Z.s:95     .text.BusFault_Handler:00000000 BusFault_Handler
C:\Users\11464\AppData\Local\Temp\ccICb07Z.s:112    .text.UsageFault_Handler:00000000 $t
C:\Users\11464\AppData\Local\Temp\ccICb07Z.s:118    .text.UsageFault_Handler:00000000 UsageFault_Handler
C:\Users\11464\AppData\Local\Temp\ccICb07Z.s:135    .text.DebugMon_Handler:00000000 $t
C:\Users\11464\AppData\Local\Temp\ccICb07Z.s:141    .text.DebugMon_Handler:00000000 DebugMon_Handler
C:\Users\11464\AppData\Local\Temp\ccICb07Z.s:154    .text.DMA1_Stream0_IRQHandler:00000000 $t
C:\Users\11464\AppData\Local\Temp\ccICb07Z.s:160    .text.DMA1_Stream0_IRQHandler:00000000 DMA1_Stream0_IRQHandler
C:\Users\11464\AppData\Local\Temp\ccICb07Z.s:180    .text.DMA1_Stream0_IRQHandler:0000000c $d
C:\Users\11464\AppData\Local\Temp\ccICb07Z.s:185    .text.DMA1_Stream1_IRQHandler:00000000 $t
C:\Users\11464\AppData\Local\Temp\ccICb07Z.s:191    .text.DMA1_Stream1_IRQHandler:00000000 DMA1_Stream1_IRQHandler
C:\Users\11464\AppData\Local\Temp\ccICb07Z.s:211    .text.DMA1_Stream1_IRQHandler:0000000c $d
C:\Users\11464\AppData\Local\Temp\ccICb07Z.s:216    .text.DMA1_Stream2_IRQHandler:00000000 $t
C:\Users\11464\AppData\Local\Temp\ccICb07Z.s:222    .text.DMA1_Stream2_IRQHandler:00000000 DMA1_Stream2_IRQHandler
C:\Users\11464\AppData\Local\Temp\ccICb07Z.s:242    .text.DMA1_Stream2_IRQHandler:0000000c $d
C:\Users\11464\AppData\Local\Temp\ccICb07Z.s:247    .text.SPI2_IRQHandler:00000000 $t
C:\Users\11464\AppData\Local\Temp\ccICb07Z.s:253    .text.SPI2_IRQHandler:00000000 SPI2_IRQHandler
C:\Users\11464\AppData\Local\Temp\ccICb07Z.s:273    .text.SPI2_IRQHandler:0000000c $d
C:\Users\11464\AppData\Local\Temp\ccICb07Z.s:278    .text.USART1_IRQHandler:00000000 $t
C:\Users\11464\AppData\Local\Temp\ccICb07Z.s:284    .text.USART1_IRQHandler:00000000 USART1_IRQHandler
C:\Users\11464\AppData\Local\Temp\ccICb07Z.s:304    .text.USART1_IRQHandler:0000000c $d
C:\Users\11464\AppData\Local\Temp\ccICb07Z.s:309    .text.TIM7_IRQHandler:00000000 $t
C:\Users\11464\AppData\Local\Temp\ccICb07Z.s:315    .text.TIM7_IRQHandler:00000000 TIM7_IRQHandler
C:\Users\11464\AppData\Local\Temp\ccICb07Z.s:335    .text.TIM7_IRQHandler:0000000c $d
C:\Users\11464\AppData\Local\Temp\ccICb07Z.s:340    .text.DMA2_Stream0_IRQHandler:00000000 $t
C:\Users\11464\AppData\Local\Temp\ccICb07Z.s:346    .text.DMA2_Stream0_IRQHandler:00000000 DMA2_Stream0_IRQHandler
C:\Users\11464\AppData\Local\Temp\ccICb07Z.s:366    .text.DMA2_Stream0_IRQHandler:0000000c $d
C:\Users\11464\AppData\Local\Temp\ccICb07Z.s:371    .text.OTG_HS_IRQHandler:00000000 $t
C:\Users\11464\AppData\Local\Temp\ccICb07Z.s:377    .text.OTG_HS_IRQHandler:00000000 OTG_HS_IRQHandler
C:\Users\11464\AppData\Local\Temp\ccICb07Z.s:397    .text.OTG_HS_IRQHandler:0000000c $d

UNDEFINED SYMBOLS
HAL_DMA_IRQHandler
hdma_usart1_rx
hdma_spi2_rx
hdma_spi2_tx
HAL_SPI_IRQHandler
hspi2
HAL_UART_IRQHandler
huart1
HAL_TIM_IRQHandler
htim7
hdma_usart1_tx
HAL_PCD_IRQHandler
hpcd_USB_OTG_HS
